{"/Users/jonathanferreira/development/impactMarket/mobile-app/App.tsx": {"path":"/Users/jonathanferreira/development/impactMarket/mobile-app/App.tsx","statementMap":{"0":{"start":{"line":70,"column":0},"end":{"line":70,"column":47}},"1":{"start":{"line":71,"column":12},"end":{"line":71,"column":52}},"2":{"start":{"line":72,"column":14},"end":{"line":72,"column":42}},"3":{"start":{"line":73,"column":14},"end":{"line":86,"column":1}},"4":{"start":{"line":87,"column":14},"end":{"line":100,"column":1}},"5":{"start":{"line":101,"column":24},"end":{"line":108,"column":1}},"6":{"start":{"line":110,"column":0},"end":{"line":115,"column":3}},"7":{"start":{"line":117,"column":0},"end":{"line":123,"column":3}},"8":{"start":{"line":118,"column":37},"end":{"line":122,"column":5}},"9":{"start":{"line":125,"column":0},"end":{"line":131,"column":3}},"10":{"start":{"line":133,"column":15},"end":{"line":133,"column":35}},"11":{"start":{"line":145,"column":51},"end":{"line":145,"column":53}},"12":{"start":{"line":146,"column":22},"end":{"line":148,"column":5}},"13":{"start":{"line":151,"column":8},"end":{"line":151,"column":21}},"14":{"start":{"line":152,"column":8},"end":{"line":160,"column":10}},"15":{"start":{"line":163,"column":24},"end":{"line":193,"column":5}},"16":{"start":{"line":164,"column":32},"end":{"line":164,"column":79}},"17":{"start":{"line":165,"column":8},"end":{"line":169,"column":9}},"18":{"start":{"line":166,"column":12},"end":{"line":168,"column":14}},"19":{"start":{"line":170,"column":8},"end":{"line":176,"column":9}},"20":{"start":{"line":171,"column":12},"end":{"line":171,"column":56}},"21":{"start":{"line":172,"column":12},"end":{"line":175,"column":14}},"22":{"start":{"line":173,"column":22},"end":{"line":173,"column":66}},"23":{"start":{"line":180,"column":26},"end":{"line":180,"column":42}},"24":{"start":{"line":181,"column":34},"end":{"line":185,"column":9}},"25":{"start":{"line":186,"column":8},"end":{"line":191,"column":9}},"26":{"start":{"line":187,"column":12},"end":{"line":190,"column":14}},"27":{"start":{"line":192,"column":8},"end":{"line":192,"column":52}},"28":{"start":{"line":195,"column":27},"end":{"line":205,"column":5}},"29":{"start":{"line":196,"column":26},"end":{"line":196,"column":69}},"30":{"start":{"line":197,"column":8},"end":{"line":204,"column":9}},"31":{"start":{"line":198,"column":12},"end":{"line":200,"column":14}},"32":{"start":{"line":201,"column":12},"end":{"line":203,"column":14}},"33":{"start":{"line":207,"column":24},"end":{"line":216,"column":5}},"34":{"start":{"line":209,"column":12},"end":{"line":209,"column":83}},"35":{"start":{"line":210,"column":23},"end":{"line":210,"column":67}},"36":{"start":{"line":211,"column":8},"end":{"line":215,"column":9}},"37":{"start":{"line":212,"column":12},"end":{"line":212,"column":36}},"38":{"start":{"line":214,"column":12},"end":{"line":214,"column":40}},"39":{"start":{"line":226,"column":12},"end":{"line":226,"column":22}},"40":{"start":{"line":227,"column":8},"end":{"line":236,"column":9}},"41":{"start":{"line":228,"column":12},"end":{"line":235,"column":14}},"42":{"start":{"line":231,"column":36},"end":{"line":231,"column":74}},"43":{"start":{"line":238,"column":8},"end":{"line":273,"column":9}},"44":{"start":{"line":239,"column":12},"end":{"line":272,"column":14}},"45":{"start":{"line":275,"column":8},"end":{"line":347,"column":9}},"46":{"start":{"line":276,"column":12},"end":{"line":346,"column":14}},"47":{"start":{"line":333,"column":48},"end":{"line":335,"column":50}},"48":{"start":{"line":349,"column":8},"end":{"line":366,"column":9}},"49":{"start":{"line":350,"column":12},"end":{"line":365,"column":14}},"50":{"start":{"line":369,"column":12},"end":{"line":392,"column":19}},"51":{"start":{"line":390,"column":35},"end":{"line":390,"column":79}},"52":{"start":{"line":395,"column":8},"end":{"line":440,"column":10}},"53":{"start":{"line":407,"column":53},"end":{"line":408,"column":38}},"54":{"start":{"line":409,"column":28},"end":{"line":411,"column":29}},"55":{"start":{"line":410,"column":32},"end":{"line":410,"column":77}},"56":{"start":{"line":413,"column":28},"end":{"line":413,"column":69}},"57":{"start":{"line":414,"column":28},"end":{"line":414,"column":63}},"58":{"start":{"line":417,"column":54},"end":{"line":417,"column":75}},"59":{"start":{"line":418,"column":53},"end":{"line":419,"column":38}},"60":{"start":{"line":421,"column":28},"end":{"line":429,"column":29}},"61":{"start":{"line":428,"column":32},"end":{"line":428,"column":77}},"62":{"start":{"line":432,"column":28},"end":{"line":432,"column":69}},"63":{"start":{"line":443,"column":33},"end":{"line":450,"column":5}},"64":{"start":{"line":444,"column":23},"end":{"line":444,"column":66}},"65":{"start":{"line":446,"column":28},"end":{"line":448,"column":10}},"66":{"start":{"line":447,"column":12},"end":{"line":447,"column":59}},"67":{"start":{"line":449,"column":8},"end":{"line":449,"column":39}},"68":{"start":{"line":452,"column":27},"end":{"line":586,"column":5}},"69":{"start":{"line":453,"column":8},"end":{"line":585,"column":9}},"70":{"start":{"line":454,"column":12},"end":{"line":525,"column":15}},"71":{"start":{"line":527,"column":12},"end":{"line":527,"column":27}},"72":{"start":{"line":528,"column":27},"end":{"line":528,"column":46}},"73":{"start":{"line":529,"column":12},"end":{"line":533,"column":13}},"74":{"start":{"line":530,"column":16},"end":{"line":530,"column":69}},"75":{"start":{"line":531,"column":19},"end":{"line":533,"column":13}},"76":{"start":{"line":532,"column":16},"end":{"line":532,"column":69}},"77":{"start":{"line":534,"column":12},"end":{"line":536,"column":13}},"78":{"start":{"line":535,"column":16},"end":{"line":535,"column":32}},"79":{"start":{"line":537,"column":12},"end":{"line":537,"column":42}},"80":{"start":{"line":538,"column":12},"end":{"line":538,"column":54}},"81":{"start":{"line":539,"column":29},"end":{"line":539,"column":50}},"82":{"start":{"line":540,"column":12},"end":{"line":543,"column":13}},"83":{"start":{"line":541,"column":16},"end":{"line":541,"column":55}},"84":{"start":{"line":542,"column":16},"end":{"line":542,"column":23}},"85":{"start":{"line":544,"column":12},"end":{"line":544,"column":45}},"86":{"start":{"line":545,"column":12},"end":{"line":545,"column":35}},"87":{"start":{"line":546,"column":12},"end":{"line":546,"column":49}},"88":{"start":{"line":547,"column":12},"end":{"line":547,"column":48}},"89":{"start":{"line":549,"column":12},"end":{"line":549,"column":37}},"90":{"start":{"line":551,"column":12},"end":{"line":551,"column":46}},"91":{"start":{"line":552,"column":12},"end":{"line":584,"column":14}},"92":{"start":{"line":588,"column":26},"end":{"line":625,"column":5}},"93":{"start":{"line":591,"column":24},"end":{"line":591,"column":34}},"94":{"start":{"line":592,"column":24},"end":{"line":592,"column":59}},"95":{"start":{"line":593,"column":25},"end":{"line":593,"column":35}},"96":{"start":{"line":594,"column":8},"end":{"line":597,"column":9}},"97":{"start":{"line":596,"column":12},"end":{"line":596,"column":19}},"98":{"start":{"line":598,"column":28},"end":{"line":598,"column":58}},"99":{"start":{"line":600,"column":12},"end":{"line":601,"column":29}},"100":{"start":{"line":603,"column":8},"end":{"line":605,"column":9}},"101":{"start":{"line":604,"column":12},"end":{"line":604,"column":71}},"102":{"start":{"line":606,"column":8},"end":{"line":624,"column":9}},"103":{"start":{"line":607,"column":39},"end":{"line":607,"column":72}},"104":{"start":{"line":608,"column":12},"end":{"line":610,"column":13}},"105":{"start":{"line":609,"column":16},"end":{"line":609,"column":66}},"106":{"start":{"line":611,"column":12},"end":{"line":623,"column":13}},"107":{"start":{"line":614,"column":16},"end":{"line":617,"column":19}},"108":{"start":{"line":618,"column":19},"end":{"line":623,"column":13}},"109":{"start":{"line":621,"column":16},"end":{"line":621,"column":66}},"110":{"start":{"line":622,"column":16},"end":{"line":622,"column":63}},"111":{"start":{"line":627,"column":30},"end":{"line":642,"column":5}},"112":{"start":{"line":628,"column":51},"end":{"line":628,"column":104}},"113":{"start":{"line":629,"column":47},"end":{"line":629,"column":96}},"114":{"start":{"line":631,"column":8},"end":{"line":635,"column":9}},"115":{"start":{"line":632,"column":12},"end":{"line":632,"column":68}},"116":{"start":{"line":634,"column":12},"end":{"line":634,"column":69}},"117":{"start":{"line":637,"column":8},"end":{"line":641,"column":9}},"118":{"start":{"line":638,"column":12},"end":{"line":638,"column":64}},"119":{"start":{"line":640,"column":12},"end":{"line":640,"column":65}},"120":{"start":{"line":644,"column":16},"end":{"line":719,"column":5}},"121":{"start":{"line":645,"column":37},"end":{"line":645,"column":39}},"122":{"start":{"line":646,"column":41},"end":{"line":646,"column":43}},"123":{"start":{"line":647,"column":23},"end":{"line":647,"column":28}},"124":{"start":{"line":648,"column":8},"end":{"line":718,"column":9}},"125":{"start":{"line":649,"column":12},"end":{"line":649,"column":44}},"126":{"start":{"line":650,"column":12},"end":{"line":650,"column":71}},"127":{"start":{"line":651,"column":12},"end":{"line":651,"column":80}},"128":{"start":{"line":652,"column":12},"end":{"line":692,"column":13}},"129":{"start":{"line":653,"column":46},"end":{"line":653,"column":82}},"130":{"start":{"line":654,"column":16},"end":{"line":656,"column":18}},"131":{"start":{"line":657,"column":16},"end":{"line":659,"column":18}},"132":{"start":{"line":661,"column":36},"end":{"line":665,"column":17}},"133":{"start":{"line":667,"column":16},"end":{"line":691,"column":17}},"134":{"start":{"line":668,"column":41},"end":{"line":668,"column":67}},"135":{"start":{"line":669,"column":20},"end":{"line":673,"column":21}},"136":{"start":{"line":670,"column":24},"end":{"line":670,"column":51}},"137":{"start":{"line":671,"column":24},"end":{"line":671,"column":55}},"138":{"start":{"line":672,"column":24},"end":{"line":672,"column":31}},"139":{"start":{"line":674,"column":42},"end":{"line":674,"column":59}},"140":{"start":{"line":675,"column":65},"end":{"line":675,"column":67}},"141":{"start":{"line":676,"column":20},"end":{"line":679,"column":22}},"142":{"start":{"line":678,"column":53},"end":{"line":678,"column":77}},"143":{"start":{"line":680,"column":20},"end":{"line":680,"column":73}},"144":{"start":{"line":681,"column":20},"end":{"line":689,"column":22}},"145":{"start":{"line":690,"column":20},"end":{"line":690,"column":36}},"146":{"start":{"line":693,"column":12},"end":{"line":712,"column":13}},"147":{"start":{"line":694,"column":35},"end":{"line":694,"column":80}},"148":{"start":{"line":695,"column":37},"end":{"line":695,"column":72}},"149":{"start":{"line":696,"column":16},"end":{"line":711,"column":17}},"150":{"start":{"line":701,"column":42},"end":{"line":701,"column":76}},"151":{"start":{"line":702,"column":65},"end":{"line":702,"column":67}},"152":{"start":{"line":703,"column":20},"end":{"line":706,"column":22}},"153":{"start":{"line":705,"column":53},"end":{"line":705,"column":77}},"154":{"start":{"line":707,"column":20},"end":{"line":707,"column":73}},"155":{"start":{"line":708,"column":20},"end":{"line":708,"column":61}},"156":{"start":{"line":710,"column":20},"end":{"line":710,"column":76}},"157":{"start":{"line":713,"column":12},"end":{"line":715,"column":15}},"158":{"start":{"line":717,"column":12},"end":{"line":717,"column":46}}},"fnMap":{"0":{"name":"(anonymous_0)","decl":{"start":{"line":118,"column":24},"end":{"line":118,"column":25}},"loc":{"start":{"line":118,"column":37},"end":{"line":122,"column":5}},"line":118},"1":{"name":"(anonymous_1)","decl":{"start":{"line":150,"column":4},"end":{"line":150,"column":5}},"loc":{"start":{"line":150,"column":28},"end":{"line":161,"column":5}},"line":150},"2":{"name":"(anonymous_2)","decl":{"start":{"line":163,"column":24},"end":{"line":163,"column":25}},"loc":{"start":{"line":163,"column":30},"end":{"line":193,"column":5}},"line":163},"3":{"name":"(anonymous_3)","decl":{"start":{"line":173,"column":16},"end":{"line":173,"column":17}},"loc":{"start":{"line":173,"column":22},"end":{"line":173,"column":66}},"line":173},"4":{"name":"(anonymous_4)","decl":{"start":{"line":195,"column":27},"end":{"line":195,"column":28}},"loc":{"start":{"line":195,"column":33},"end":{"line":205,"column":5}},"line":195},"5":{"name":"(anonymous_5)","decl":{"start":{"line":207,"column":24},"end":{"line":207,"column":25}},"loc":{"start":{"line":207,"column":30},"end":{"line":216,"column":5}},"line":207},"6":{"name":"(anonymous_6)","decl":{"start":{"line":218,"column":4},"end":{"line":218,"column":5}},"loc":{"start":{"line":218,"column":13},"end":{"line":441,"column":5}},"line":218},"7":{"name":"(anonymous_7)","decl":{"start":{"line":231,"column":30},"end":{"line":231,"column":31}},"loc":{"start":{"line":231,"column":36},"end":{"line":231,"column":74}},"line":231},"8":{"name":"(anonymous_8)","decl":{"start":{"line":332,"column":53},"end":{"line":332,"column":54}},"loc":{"start":{"line":333,"column":48},"end":{"line":335,"column":50}},"line":333},"9":{"name":"(anonymous_9)","decl":{"start":{"line":390,"column":29},"end":{"line":390,"column":30}},"loc":{"start":{"line":390,"column":35},"end":{"line":390,"column":79}},"line":390},"10":{"name":"(anonymous_10)","decl":{"start":{"line":406,"column":33},"end":{"line":406,"column":34}},"loc":{"start":{"line":406,"column":39},"end":{"line":415,"column":25}},"line":406},"11":{"name":"(anonymous_11)","decl":{"start":{"line":416,"column":39},"end":{"line":416,"column":40}},"loc":{"start":{"line":416,"column":45},"end":{"line":433,"column":25}},"line":416},"12":{"name":"(anonymous_12)","decl":{"start":{"line":443,"column":33},"end":{"line":443,"column":34}},"loc":{"start":{"line":443,"column":45},"end":{"line":450,"column":5}},"line":443},"13":{"name":"(anonymous_13)","decl":{"start":{"line":446,"column":39},"end":{"line":446,"column":40}},"loc":{"start":{"line":446,"column":50},"end":{"line":448,"column":9}},"line":446},"14":{"name":"(anonymous_14)","decl":{"start":{"line":452,"column":27},"end":{"line":452,"column":28}},"loc":{"start":{"line":452,"column":39},"end":{"line":586,"column":5}},"line":452},"15":{"name":"(anonymous_15)","decl":{"start":{"line":588,"column":26},"end":{"line":588,"column":27}},"loc":{"start":{"line":588,"column":38},"end":{"line":625,"column":5}},"line":588},"16":{"name":"(anonymous_16)","decl":{"start":{"line":627,"column":30},"end":{"line":627,"column":31}},"loc":{"start":{"line":627,"column":42},"end":{"line":642,"column":5}},"line":627},"17":{"name":"(anonymous_17)","decl":{"start":{"line":644,"column":16},"end":{"line":644,"column":17}},"loc":{"start":{"line":644,"column":28},"end":{"line":719,"column":5}},"line":644},"18":{"name":"(anonymous_18)","decl":{"start":{"line":678,"column":45},"end":{"line":678,"column":46}},"loc":{"start":{"line":678,"column":53},"end":{"line":678,"column":77}},"line":678},"19":{"name":"(anonymous_19)","decl":{"start":{"line":705,"column":45},"end":{"line":705,"column":46}},"loc":{"start":{"line":705,"column":53},"end":{"line":705,"column":77}},"line":705}},"branchMap":{"0":{"loc":{"start":{"line":165,"column":8},"end":{"line":169,"column":9}},"type":"if","locations":[{"start":{"line":165,"column":8},"end":{"line":169,"column":9}},{"start":{"line":165,"column":8},"end":{"line":169,"column":9}}],"line":165},"1":{"loc":{"start":{"line":170,"column":8},"end":{"line":176,"column":9}},"type":"if","locations":[{"start":{"line":170,"column":8},"end":{"line":176,"column":9}},{"start":{"line":170,"column":8},"end":{"line":176,"column":9}}],"line":170},"2":{"loc":{"start":{"line":186,"column":8},"end":{"line":191,"column":9}},"type":"if","locations":[{"start":{"line":186,"column":8},"end":{"line":191,"column":9}},{"start":{"line":186,"column":8},"end":{"line":191,"column":9}}],"line":186},"3":{"loc":{"start":{"line":197,"column":8},"end":{"line":204,"column":9}},"type":"if","locations":[{"start":{"line":197,"column":8},"end":{"line":204,"column":9}},{"start":{"line":197,"column":8},"end":{"line":204,"column":9}}],"line":197},"4":{"loc":{"start":{"line":211,"column":8},"end":{"line":215,"column":9}},"type":"if","locations":[{"start":{"line":211,"column":8},"end":{"line":215,"column":9}},{"start":{"line":211,"column":8},"end":{"line":215,"column":9}}],"line":211},"5":{"loc":{"start":{"line":227,"column":8},"end":{"line":236,"column":9}},"type":"if","locations":[{"start":{"line":227,"column":8},"end":{"line":236,"column":9}},{"start":{"line":227,"column":8},"end":{"line":236,"column":9}}],"line":227},"6":{"loc":{"start":{"line":238,"column":8},"end":{"line":273,"column":9}},"type":"if","locations":[{"start":{"line":238,"column":8},"end":{"line":273,"column":9}},{"start":{"line":238,"column":8},"end":{"line":273,"column":9}}],"line":238},"7":{"loc":{"start":{"line":275,"column":8},"end":{"line":347,"column":9}},"type":"if","locations":[{"start":{"line":275,"column":8},"end":{"line":347,"column":9}},{"start":{"line":275,"column":8},"end":{"line":347,"column":9}}],"line":275},"8":{"loc":{"start":{"line":325,"column":37},"end":{"line":340,"column":37}},"type":"binary-expr","locations":[{"start":{"line":325,"column":37},"end":{"line":325,"column":58}},{"start":{"line":326,"column":40},"end":{"line":339,"column":49}}],"line":325},"9":{"loc":{"start":{"line":349,"column":8},"end":{"line":366,"column":9}},"type":"if","locations":[{"start":{"line":349,"column":8},"end":{"line":366,"column":9}},{"start":{"line":349,"column":8},"end":{"line":366,"column":9}}],"line":349},"10":{"loc":{"start":{"line":377,"column":28},"end":{"line":377,"column":55}},"type":"cond-expr","locations":[{"start":{"line":377,"column":49},"end":{"line":377,"column":50}},{"start":{"line":377,"column":53},"end":{"line":377,"column":55}}],"line":377},"11":{"loc":{"start":{"line":402,"column":21},"end":{"line":402,"column":57}},"type":"binary-expr","locations":[{"start":{"line":402,"column":21},"end":{"line":402,"column":35}},{"start":{"line":402,"column":39},"end":{"line":402,"column":57}}],"line":402},"12":{"loc":{"start":{"line":409,"column":28},"end":{"line":411,"column":29}},"type":"if","locations":[{"start":{"line":409,"column":28},"end":{"line":411,"column":29}},{"start":{"line":409,"column":28},"end":{"line":411,"column":29}}],"line":409},"13":{"loc":{"start":{"line":421,"column":28},"end":{"line":429,"column":29}},"type":"if","locations":[{"start":{"line":421,"column":28},"end":{"line":429,"column":29}},{"start":{"line":421,"column":28},"end":{"line":429,"column":29}}],"line":421},"14":{"loc":{"start":{"line":422,"column":32},"end":{"line":423,"column":62}},"type":"binary-expr","locations":[{"start":{"line":422,"column":32},"end":{"line":422,"column":70}},{"start":{"line":423,"column":32},"end":{"line":423,"column":62}}],"line":422},"15":{"loc":{"start":{"line":529,"column":12},"end":{"line":533,"column":13}},"type":"if","locations":[{"start":{"line":529,"column":12},"end":{"line":533,"column":13}},{"start":{"line":529,"column":12},"end":{"line":533,"column":13}}],"line":529},"16":{"loc":{"start":{"line":531,"column":19},"end":{"line":533,"column":13}},"type":"if","locations":[{"start":{"line":531,"column":19},"end":{"line":533,"column":13}},{"start":{"line":531,"column":19},"end":{"line":533,"column":13}}],"line":531},"17":{"loc":{"start":{"line":534,"column":12},"end":{"line":536,"column":13}},"type":"if","locations":[{"start":{"line":534,"column":12},"end":{"line":536,"column":13}},{"start":{"line":534,"column":12},"end":{"line":536,"column":13}}],"line":534},"18":{"loc":{"start":{"line":540,"column":12},"end":{"line":543,"column":13}},"type":"if","locations":[{"start":{"line":540,"column":12},"end":{"line":543,"column":13}},{"start":{"line":540,"column":12},"end":{"line":543,"column":13}}],"line":540},"19":{"loc":{"start":{"line":594,"column":8},"end":{"line":597,"column":9}},"type":"if","locations":[{"start":{"line":594,"column":8},"end":{"line":597,"column":9}},{"start":{"line":594,"column":8},"end":{"line":597,"column":9}}],"line":594},"20":{"loc":{"start":{"line":603,"column":8},"end":{"line":605,"column":9}},"type":"if","locations":[{"start":{"line":603,"column":8},"end":{"line":605,"column":9}},{"start":{"line":603,"column":8},"end":{"line":605,"column":9}}],"line":603},"21":{"loc":{"start":{"line":603,"column":12},"end":{"line":603,"column":49}},"type":"binary-expr","locations":[{"start":{"line":603,"column":12},"end":{"line":603,"column":29}},{"start":{"line":603,"column":33},"end":{"line":603,"column":49}}],"line":603},"22":{"loc":{"start":{"line":606,"column":8},"end":{"line":624,"column":9}},"type":"if","locations":[{"start":{"line":606,"column":8},"end":{"line":624,"column":9}},{"start":{"line":606,"column":8},"end":{"line":624,"column":9}}],"line":606},"23":{"loc":{"start":{"line":608,"column":12},"end":{"line":610,"column":13}},"type":"if","locations":[{"start":{"line":608,"column":12},"end":{"line":610,"column":13}},{"start":{"line":608,"column":12},"end":{"line":610,"column":13}}],"line":608},"24":{"loc":{"start":{"line":611,"column":12},"end":{"line":623,"column":13}},"type":"if","locations":[{"start":{"line":611,"column":12},"end":{"line":623,"column":13}},{"start":{"line":611,"column":12},"end":{"line":623,"column":13}}],"line":611},"25":{"loc":{"start":{"line":618,"column":19},"end":{"line":623,"column":13}},"type":"if","locations":[{"start":{"line":618,"column":19},"end":{"line":623,"column":13}},{"start":{"line":618,"column":19},"end":{"line":623,"column":13}}],"line":618},"26":{"loc":{"start":{"line":631,"column":8},"end":{"line":635,"column":9}},"type":"if","locations":[{"start":{"line":631,"column":8},"end":{"line":635,"column":9}},{"start":{"line":631,"column":8},"end":{"line":635,"column":9}}],"line":631},"27":{"loc":{"start":{"line":637,"column":8},"end":{"line":641,"column":9}},"type":"if","locations":[{"start":{"line":637,"column":8},"end":{"line":641,"column":9}},{"start":{"line":637,"column":8},"end":{"line":641,"column":9}}],"line":637},"28":{"loc":{"start":{"line":652,"column":12},"end":{"line":692,"column":13}},"type":"if","locations":[{"start":{"line":652,"column":12},"end":{"line":692,"column":13}},{"start":{"line":652,"column":12},"end":{"line":692,"column":13}}],"line":652},"29":{"loc":{"start":{"line":652,"column":16},"end":{"line":652,"column":56}},"type":"binary-expr","locations":[{"start":{"line":652,"column":16},"end":{"line":652,"column":32}},{"start":{"line":652,"column":36},"end":{"line":652,"column":56}}],"line":652},"30":{"loc":{"start":{"line":667,"column":16},"end":{"line":691,"column":17}},"type":"if","locations":[{"start":{"line":667,"column":16},"end":{"line":691,"column":17}},{"start":{"line":667,"column":16},"end":{"line":691,"column":17}}],"line":667},"31":{"loc":{"start":{"line":669,"column":20},"end":{"line":673,"column":21}},"type":"if","locations":[{"start":{"line":669,"column":20},"end":{"line":673,"column":21}},{"start":{"line":669,"column":20},"end":{"line":673,"column":21}}],"line":669},"32":{"loc":{"start":{"line":693,"column":12},"end":{"line":712,"column":13}},"type":"if","locations":[{"start":{"line":693,"column":12},"end":{"line":712,"column":13}},{"start":{"line":693,"column":12},"end":{"line":712,"column":13}}],"line":693},"33":{"loc":{"start":{"line":696,"column":16},"end":{"line":711,"column":17}},"type":"if","locations":[{"start":{"line":696,"column":16},"end":{"line":711,"column":17}},{"start":{"line":696,"column":16},"end":{"line":711,"column":17}}],"line":696},"34":{"loc":{"start":{"line":697,"column":20},"end":{"line":698,"column":41}},"type":"binary-expr","locations":[{"start":{"line":697,"column":20},"end":{"line":697,"column":63}},{"start":{"line":698,"column":20},"end":{"line":698,"column":41}}],"line":697}},"s":{"0":0,"1":0,"2":0,"3":0,"4":0,"5":0,"6":0,"7":0,"8":0,"9":0,"10":0,"11":0,"12":0,"13":0,"14":0,"15":0,"16":0,"17":0,"18":0,"19":0,"20":0,"21":0,"22":0,"23":0,"24":0,"25":0,"26":0,"27":0,"28":0,"29":0,"30":0,"31":0,"32":0,"33":0,"34":0,"35":0,"36":0,"37":0,"38":0,"39":0,"40":0,"41":0,"42":0,"43":0,"44":0,"45":0,"46":0,"47":0,"48":0,"49":0,"50":0,"51":0,"52":0,"53":0,"54":0,"55":0,"56":0,"57":0,"58":0,"59":0,"60":0,"61":0,"62":0,"63":0,"64":0,"65":0,"66":0,"67":0,"68":0,"69":0,"70":0,"71":0,"72":0,"73":0,"74":0,"75":0,"76":0,"77":0,"78":0,"79":0,"80":0,"81":0,"82":0,"83":0,"84":0,"85":0,"86":0,"87":0,"88":0,"89":0,"90":0,"91":0,"92":0,"93":0,"94":0,"95":0,"96":0,"97":0,"98":0,"99":0,"100":0,"101":0,"102":0,"103":0,"104":0,"105":0,"106":0,"107":0,"108":0,"109":0,"110":0,"111":0,"112":0,"113":0,"114":0,"115":0,"116":0,"117":0,"118":0,"119":0,"120":0,"121":0,"122":0,"123":0,"124":0,"125":0,"126":0,"127":0,"128":0,"129":0,"130":0,"131":0,"132":0,"133":0,"134":0,"135":0,"136":0,"137":0,"138":0,"139":0,"140":0,"141":0,"142":0,"143":0,"144":0,"145":0,"146":0,"147":0,"148":0,"149":0,"150":0,"151":0,"152":0,"153":0,"154":0,"155":0,"156":0,"157":0,"158":0},"f":{"0":0,"1":0,"2":0,"3":0,"4":0,"5":0,"6":0,"7":0,"8":0,"9":0,"10":0,"11":0,"12":0,"13":0,"14":0,"15":0,"16":0,"17":0,"18":0,"19":0},"b":{"0":[0,0],"1":[0,0],"2":[0,0],"3":[0,0],"4":[0,0],"5":[0,0],"6":[0,0],"7":[0,0],"8":[0,0],"9":[0,0],"10":[0,0],"11":[0,0],"12":[0,0],"13":[0,0],"14":[0,0],"15":[0,0],"16":[0,0],"17":[0,0],"18":[0,0],"19":[0,0],"20":[0,0],"21":[0,0],"22":[0,0],"23":[0,0],"24":[0,0],"25":[0,0],"26":[0,0],"27":[0,0],"28":[0,0],"29":[0,0],"30":[0,0],"31":[0,0],"32":[0,0],"33":[0,0],"34":[0,0]}}
,"/Users/jonathanferreira/development/impactMarket/mobile-app/config.ts": {"path":"/Users/jonathanferreira/development/impactMarket/mobile-app/config.ts","statementMap":{},"fnMap":{},"branchMap":{},"s":{},"f":{},"b":{},"_coverageSchema":"1a1c01bbd47fc00a2c39e90264f33305004495a9","hash":"118c67d082778377eb408976e5fcaf65cdb8c241"}
,"/Users/jonathanferreira/development/impactMarket/mobile-app/global.ts": {"path":"/Users/jonathanferreira/development/impactMarket/mobile-app/global.ts","statementMap":{"0":{"start":{"line":13,"column":2},"end":{"line":15,"column":3}},"1":{"start":{"line":14,"column":4},"end":{"line":14,"column":24}},"2":{"start":{"line":16,"column":2},"end":{"line":20,"column":3}},"3":{"start":{"line":17,"column":4},"end":{"line":19,"column":5}},"4":{"start":{"line":18,"column":6},"end":{"line":18,"column":57}},"5":{"start":{"line":22,"column":2},"end":{"line":22,"column":42}},"6":{"start":{"line":23,"column":2},"end":{"line":23,"column":37}},"7":{"start":{"line":24,"column":2},"end":{"line":26,"column":3}}},"fnMap":{"0":{"name":"(anonymous_0)","decl":{"start":{"line":17,"column":18},"end":{"line":17,"column":19}},"loc":{"start":{"line":17,"column":37},"end":{"line":19,"column":5}},"line":17}},"branchMap":{"0":{"loc":{"start":{"line":13,"column":2},"end":{"line":15,"column":3}},"type":"if","locations":[{"start":{"line":13,"column":2},"end":{"line":15,"column":3}},{"start":{"line":13,"column":2},"end":{"line":15,"column":3}}],"line":13},"1":{"loc":{"start":{"line":16,"column":2},"end":{"line":20,"column":3}},"type":"if","locations":[{"start":{"line":16,"column":2},"end":{"line":20,"column":3}},{"start":{"line":16,"column":2},"end":{"line":20,"column":3}}],"line":16}},"s":{"0":0,"1":0,"2":0,"3":0,"4":0,"5":0,"6":0,"7":0},"f":{"0":0},"b":{"0":[0,0],"1":[0,0]}}
,"/Users/jonathanferreira/development/impactMarket/mobile-app/index.d.ts": {"path":"/Users/jonathanferreira/development/impactMarket/mobile-app/index.d.ts","statementMap":{},"fnMap":{},"branchMap":{},"s":{},"f":{},"b":{}}
,"/Users/jonathanferreira/development/impactMarket/mobile-app/src/assets/i18n/en.ts": {"path":"/Users/jonathanferreira/development/impactMarket/mobile-app/src/assets/i18n/en.ts","statementMap":{},"fnMap":{},"branchMap":{},"s":{},"f":{},"b":{},"_coverageSchema":"1a1c01bbd47fc00a2c39e90264f33305004495a9","hash":"15932791c70d9c8744d36f341e40556416a478dc"}
,"/Users/jonathanferreira/development/impactMarket/mobile-app/src/assets/i18n/index.ts": {"path":"/Users/jonathanferreira/development/impactMarket/mobile-app/src/assets/i18n/index.ts","statementMap":{"0":{"start":{"line":8,"column":18},"end":{"line":15,"column":1}},"1":{"start":{"line":17,"column":24},"end":{"line":20,"column":2}},"2":{"start":{"line":22,"column":34},"end":{"line":22,"column":46}}},"fnMap":{},"branchMap":{},"s":{"0":1,"1":1,"2":1},"f":{},"b":{},"_coverageSchema":"1a1c01bbd47fc00a2c39e90264f33305004495a9","hash":"c3646541107ad3907e792c5c5577f83c0717fe91"}
,"/Users/jonathanferreira/development/impactMarket/mobile-app/src/assets/i18n/pt.ts": {"path":"/Users/jonathanferreira/development/impactMarket/mobile-app/src/assets/i18n/pt.ts","statementMap":{},"fnMap":{},"branchMap":{},"s":{},"f":{},"b":{},"_coverageSchema":"1a1c01bbd47fc00a2c39e90264f33305004495a9","hash":"c7774c3f908123e40579936406c39af067dd5bd8"}
,"/Users/jonathanferreira/development/impactMarket/mobile-app/src/components/BaseCommunity.tsx": {"path":"/Users/jonathanferreira/development/impactMarket/mobile-app/src/components/BaseCommunity.tsx","statementMap":{"0":{"start":{"line":19,"column":4},"end":{"line":19,"column":17}},"1":{"start":{"line":26,"column":50},"end":{"line":26,"column":55}},"2":{"start":{"line":28,"column":19},"end":{"line":28,"column":46}},"3":{"start":{"line":30,"column":4},"end":{"line":71,"column":6}},"4":{"start":{"line":74,"column":15},"end":{"line":108,"column":2}}},"fnMap":{"0":{"name":"BaseCommunity","decl":{"start":{"line":20,"column":24},"end":{"line":20,"column":37}},"loc":{"start":{"line":25,"column":3},"end":{"line":72,"column":1}},"line":25}},"branchMap":{"0":{"loc":{"start":{"line":28,"column":19},"end":{"line":28,"column":46}},"type":"cond-expr","locations":[{"start":{"line":28,"column":26},"end":{"line":28,"column":41}},{"start":{"line":28,"column":44},"end":{"line":28,"column":46}}],"line":28},"1":{"loc":{"start":{"line":61,"column":38},"end":{"line":61,"column":56}},"type":"cond-expr","locations":[{"start":{"line":61,"column":47},"end":{"line":61,"column":48}},{"start":{"line":61,"column":51},"end":{"line":61,"column":56}}],"line":61}},"s":{"0":0,"1":0,"2":0,"3":0,"4":0},"f":{"0":0},"b":{"0":[0,0],"1":[0,0]}}
,"/Users/jonathanferreira/development/impactMarket/mobile-app/src/components/CacheImage.tsx": {"path":"/Users/jonathanferreira/development/impactMarket/mobile-app/src/components/CacheImage.tsx","statementMap":{"0":{"start":{"line":20,"column":12},"end":{"line":22,"column":5}},"1":{"start":{"line":25,"column":30},"end":{"line":27,"column":9}},"2":{"start":{"line":28,"column":8},"end":{"line":28,"column":68}},"3":{"start":{"line":32,"column":30},"end":{"line":34,"column":9}},"4":{"start":{"line":35,"column":8},"end":{"line":40,"column":9}},"5":{"start":{"line":39,"column":12},"end":{"line":39,"column":24}},"6":{"start":{"line":41,"column":8},"end":{"line":41,"column":68}},"7":{"start":{"line":45,"column":23},"end":{"line":48,"column":9}},"8":{"start":{"line":49,"column":8},"end":{"line":49,"column":55}},"9":{"start":{"line":53,"column":8},"end":{"line":76,"column":9}},"10":{"start":{"line":55,"column":29},"end":{"line":55,"column":73}},"11":{"start":{"line":56,"column":12},"end":{"line":62,"column":13}},"12":{"start":{"line":57,"column":16},"end":{"line":59,"column":19}},"13":{"start":{"line":60,"column":16},"end":{"line":60,"column":50}},"14":{"start":{"line":61,"column":16},"end":{"line":61,"column":23}},"15":{"start":{"line":65,"column":12},"end":{"line":65,"column":44}},"16":{"start":{"line":66,"column":32},"end":{"line":69,"column":13}},"17":{"start":{"line":70,"column":12},"end":{"line":72,"column":15}},"18":{"start":{"line":74,"column":12},"end":{"line":74,"column":53}},"19":{"start":{"line":75,"column":12},"end":{"line":75,"column":49}},"20":{"start":{"line":80,"column":8},"end":{"line":84,"column":9}},"21":{"start":{"line":81,"column":12},"end":{"line":83,"column":14}},"22":{"start":{"line":86,"column":8},"end":{"line":95,"column":9}},"23":{"start":{"line":87,"column":12},"end":{"line":94,"column":14}},"24":{"start":{"line":96,"column":8},"end":{"line":96,"column":77}}},"fnMap":{"0":{"name":"(anonymous_0)","decl":{"start":{"line":24,"column":4},"end":{"line":24,"column":5}},"loc":{"start":{"line":24,"column":30},"end":{"line":29,"column":5}},"line":24},"1":{"name":"(anonymous_1)","decl":{"start":{"line":31,"column":4},"end":{"line":31,"column":5}},"loc":{"start":{"line":31,"column":31},"end":{"line":42,"column":5}},"line":31},"2":{"name":"(anonymous_2)","decl":{"start":{"line":44,"column":4},"end":{"line":44,"column":5}},"loc":{"start":{"line":44,"column":51},"end":{"line":50,"column":5}},"line":44},"3":{"name":"(anonymous_3)","decl":{"start":{"line":52,"column":4},"end":{"line":52,"column":5}},"loc":{"start":{"line":52,"column":62},"end":{"line":77,"column":5}},"line":52},"4":{"name":"(anonymous_4)","decl":{"start":{"line":79,"column":4},"end":{"line":79,"column":5}},"loc":{"start":{"line":79,"column":13},"end":{"line":97,"column":5}},"line":79}},"branchMap":{"0":{"loc":{"start":{"line":35,"column":8},"end":{"line":40,"column":9}},"type":"if","locations":[{"start":{"line":35,"column":8},"end":{"line":40,"column":9}},{"start":{"line":35,"column":8},"end":{"line":40,"column":9}}],"line":35},"1":{"loc":{"start":{"line":36,"column":12},"end":{"line":37,"column":47}},"type":"binary-expr","locations":[{"start":{"line":36,"column":12},"end":{"line":36,"column":56}},{"start":{"line":37,"column":12},"end":{"line":37,"column":47}}],"line":36},"2":{"loc":{"start":{"line":56,"column":12},"end":{"line":62,"column":13}},"type":"if","locations":[{"start":{"line":56,"column":12},"end":{"line":62,"column":13}},{"start":{"line":56,"column":12},"end":{"line":62,"column":13}}],"line":56},"3":{"loc":{"start":{"line":80,"column":8},"end":{"line":84,"column":9}},"type":"if","locations":[{"start":{"line":80,"column":8},"end":{"line":84,"column":9}},{"start":{"line":80,"column":8},"end":{"line":84,"column":9}}],"line":80},"4":{"loc":{"start":{"line":80,"column":12},"end":{"line":80,"column":72}},"type":"binary-expr","locations":[{"start":{"line":80,"column":12},"end":{"line":80,"column":38}},{"start":{"line":80,"column":42},"end":{"line":80,"column":72}}],"line":80},"5":{"loc":{"start":{"line":86,"column":8},"end":{"line":95,"column":9}},"type":"if","locations":[{"start":{"line":86,"column":8},"end":{"line":95,"column":9}},{"start":{"line":86,"column":8},"end":{"line":95,"column":9}}],"line":86}},"s":{"0":0,"1":0,"2":0,"3":0,"4":0,"5":0,"6":0,"7":0,"8":0,"9":0,"10":0,"11":0,"12":0,"13":0,"14":0,"15":0,"16":0,"17":0,"18":0,"19":0,"20":0,"21":0,"22":0,"23":0,"24":0},"f":{"0":0,"1":0,"2":0,"3":0,"4":0},"b":{"0":[0,0],"1":[0,0],"2":[0,0],"3":[0,0],"4":[0,0],"5":[0,0]}}
,"/Users/jonathanferreira/development/impactMarket/mobile-app/src/components/CommuntyStatus.tsx": {"path":"/Users/jonathanferreira/development/impactMarket/mobile-app/src/components/CommuntyStatus.tsx","statementMap":{"0":{"start":{"line":19,"column":24},"end":{"line":22,"column":1}},"1":{"start":{"line":20,"column":26},"end":{"line":20,"column":31}},"2":{"start":{"line":21,"column":4},"end":{"line":21,"column":25}},"3":{"start":{"line":23,"column":18},"end":{"line":23,"column":42}},"4":{"start":{"line":29,"column":41},"end":{"line":29,"column":51}},"5":{"start":{"line":30,"column":8},"end":{"line":32,"column":9}},"6":{"start":{"line":31,"column":12},"end":{"line":31,"column":24}},"7":{"start":{"line":35,"column":32},"end":{"line":43,"column":9}},"8":{"start":{"line":45,"column":8},"end":{"line":213,"column":10}},"9":{"start":{"line":217,"column":15},"end":{"line":232,"column":2}}},"fnMap":{"0":{"name":"(anonymous_0)","decl":{"start":{"line":19,"column":24},"end":{"line":19,"column":25}},"loc":{"start":{"line":19,"column":47},"end":{"line":22,"column":1}},"line":19},"1":{"name":"(anonymous_1)","decl":{"start":{"line":28,"column":4},"end":{"line":28,"column":5}},"loc":{"start":{"line":28,"column":13},"end":{"line":214,"column":5}},"line":28}},"branchMap":{"0":{"loc":{"start":{"line":30,"column":8},"end":{"line":32,"column":9}},"type":"if","locations":[{"start":{"line":30,"column":8},"end":{"line":32,"column":9}},{"start":{"line":30,"column":8},"end":{"line":32,"column":9}}],"line":30},"1":{"loc":{"start":{"line":30,"column":12},"end":{"line":30,"column":77}},"type":"binary-expr","locations":[{"start":{"line":30,"column":12},"end":{"line":30,"column":44}},{"start":{"line":30,"column":48},"end":{"line":30,"column":77}}],"line":30},"2":{"loc":{"start":{"line":38,"column":20},"end":{"line":38,"column":79}},"type":"cond-expr","locations":[{"start":{"line":38,"column":53},"end":{"line":38,"column":54}},{"start":{"line":38,"column":57},"end":{"line":38,"column":79}}],"line":38}},"s":{"0":0,"1":0,"2":0,"3":0,"4":0,"5":0,"6":0,"7":0,"8":0,"9":0},"f":{"0":0,"1":0},"b":{"0":[0,0],"1":[0,0],"2":[0,0]}}
,"/Users/jonathanferreira/development/impactMarket/mobile-app/src/components/Header.tsx": {"path":"/Users/jonathanferreira/development/impactMarket/mobile-app/src/components/Header.tsx","statementMap":{"0":{"start":{"line":13,"column":24},"end":{"line":16,"column":1}},"1":{"start":{"line":14,"column":21},"end":{"line":14,"column":26}},"2":{"start":{"line":15,"column":4},"end":{"line":15,"column":20}},"3":{"start":{"line":17,"column":18},"end":{"line":17,"column":42}},"4":{"start":{"line":42,"column":8},"end":{"line":42,"column":21}},"5":{"start":{"line":43,"column":8},"end":{"line":45,"column":10}},"6":{"start":{"line":48,"column":15},"end":{"line":48,"column":66}},"7":{"start":{"line":48,"column":21},"end":{"line":48,"column":66}},"8":{"start":{"line":59,"column":12},"end":{"line":59,"column":22}},"9":{"start":{"line":60,"column":27},"end":{"line":60,"column":37}},"10":{"start":{"line":63,"column":8},"end":{"line":87,"column":9}},"11":{"start":{"line":64,"column":12},"end":{"line":84,"column":14}},"12":{"start":{"line":70,"column":43},"end":{"line":70,"column":75}},"13":{"start":{"line":77,"column":43},"end":{"line":77,"column":74}},"14":{"start":{"line":86,"column":12},"end":{"line":86,"column":37}},"15":{"start":{"line":88,"column":8},"end":{"line":134,"column":10}},"16":{"start":{"line":95,"column":43},"end":{"line":95,"column":62}},"17":{"start":{"line":138,"column":15},"end":{"line":150,"column":2}}},"fnMap":{"0":{"name":"(anonymous_0)","decl":{"start":{"line":13,"column":24},"end":{"line":13,"column":25}},"loc":{"start":{"line":13,"column":47},"end":{"line":16,"column":1}},"line":13},"1":{"name":"(anonymous_1)","decl":{"start":{"line":41,"column":4},"end":{"line":41,"column":5}},"loc":{"start":{"line":41,"column":28},"end":{"line":46,"column":5}},"line":41},"2":{"name":"(anonymous_2)","decl":{"start":{"line":48,"column":15},"end":{"line":48,"column":16}},"loc":{"start":{"line":48,"column":21},"end":{"line":48,"column":66}},"line":48},"3":{"name":"(anonymous_3)","decl":{"start":{"line":50,"column":4},"end":{"line":50,"column":5}},"loc":{"start":{"line":50,"column":13},"end":{"line":135,"column":5}},"line":50},"4":{"name":"(anonymous_4)","decl":{"start":{"line":70,"column":37},"end":{"line":70,"column":38}},"loc":{"start":{"line":70,"column":43},"end":{"line":70,"column":75}},"line":70},"5":{"name":"(anonymous_5)","decl":{"start":{"line":77,"column":37},"end":{"line":77,"column":38}},"loc":{"start":{"line":77,"column":43},"end":{"line":77,"column":74}},"line":77},"6":{"name":"(anonymous_6)","decl":{"start":{"line":95,"column":37},"end":{"line":95,"column":38}},"loc":{"start":{"line":95,"column":43},"end":{"line":95,"column":62}},"line":95}},"branchMap":{"0":{"loc":{"start":{"line":63,"column":8},"end":{"line":87,"column":9}},"type":"if","locations":[{"start":{"line":63,"column":8},"end":{"line":87,"column":9}},{"start":{"line":63,"column":8},"end":{"line":87,"column":9}}],"line":63},"1":{"loc":{"start":{"line":66,"column":21},"end":{"line":72,"column":21}},"type":"binary-expr","locations":[{"start":{"line":66,"column":21},"end":{"line":66,"column":28}},{"start":{"line":67,"column":24},"end":{"line":71,"column":26}}],"line":66},"2":{"loc":{"start":{"line":73,"column":21},"end":{"line":79,"column":21}},"type":"binary-expr","locations":[{"start":{"line":73,"column":21},"end":{"line":73,"column":26}},{"start":{"line":74,"column":24},"end":{"line":78,"column":26}}],"line":73},"3":{"loc":{"start":{"line":80,"column":21},"end":{"line":82,"column":21}},"type":"binary-expr","locations":[{"start":{"line":80,"column":21},"end":{"line":80,"column":29}},{"start":{"line":81,"column":24},"end":{"line":81,"column":80}}],"line":80},"4":{"loc":{"start":{"line":91,"column":21},"end":{"line":97,"column":21}},"type":"binary-expr","locations":[{"start":{"line":91,"column":21},"end":{"line":91,"column":28}},{"start":{"line":92,"column":24},"end":{"line":96,"column":26}}],"line":91}},"s":{"0":0,"1":0,"2":0,"3":0,"4":0,"5":0,"6":0,"7":0,"8":0,"9":0,"10":0,"11":0,"12":0,"13":0,"14":0,"15":0,"16":0,"17":0},"f":{"0":0,"1":0,"2":0,"3":0,"4":0,"5":0,"6":0},"b":{"0":[0,0],"1":[0,0],"2":[0,0],"3":[0,0],"4":[0,0]}}
,"/Users/jonathanferreira/development/impactMarket/mobile-app/src/components/Modal.tsx": {"path":"/Users/jonathanferreira/development/impactMarket/mobile-app/src/components/Modal.tsx","statementMap":{"0":{"start":{"line":30,"column":8},"end":{"line":30,"column":21}},"1":{"start":{"line":31,"column":8},"end":{"line":34,"column":10}},"2":{"start":{"line":38,"column":8},"end":{"line":41,"column":10}},"3":{"start":{"line":42,"column":8},"end":{"line":45,"column":10}},"4":{"start":{"line":49,"column":8},"end":{"line":49,"column":72}},"5":{"start":{"line":50,"column":8},"end":{"line":50,"column":72}},"6":{"start":{"line":53,"column":19},"end":{"line":56,"column":5}},"7":{"start":{"line":54,"column":8},"end":{"line":54,"column":40}},"8":{"start":{"line":55,"column":8},"end":{"line":55,"column":79}},"9":{"start":{"line":58,"column":19},"end":{"line":61,"column":5}},"10":{"start":{"line":59,"column":8},"end":{"line":59,"column":40}},"11":{"start":{"line":60,"column":8},"end":{"line":60,"column":58}},"12":{"start":{"line":64,"column":65},"end":{"line":64,"column":75}},"13":{"start":{"line":65,"column":41},"end":{"line":65,"column":51}},"14":{"start":{"line":68,"column":29},"end":{"line":68,"column":31}},"15":{"start":{"line":69,"column":8},"end":{"line":81,"column":9}},"16":{"start":{"line":70,"column":12},"end":{"line":74,"column":14}},"17":{"start":{"line":75,"column":12},"end":{"line":80,"column":13}},"18":{"start":{"line":76,"column":16},"end":{"line":79,"column":18}},"19":{"start":{"line":83,"column":8},"end":{"line":146,"column":10}}},"fnMap":{"0":{"name":"(anonymous_0)","decl":{"start":{"line":29,"column":4},"end":{"line":29,"column":5}},"loc":{"start":{"line":29,"column":28},"end":{"line":35,"column":5}},"line":29},"1":{"name":"(anonymous_1)","decl":{"start":{"line":37,"column":4},"end":{"line":37,"column":5}},"loc":{"start":{"line":37,"column":24},"end":{"line":46,"column":5}},"line":37},"2":{"name":"(anonymous_2)","decl":{"start":{"line":48,"column":4},"end":{"line":48,"column":5}},"loc":{"start":{"line":48,"column":27},"end":{"line":51,"column":5}},"line":48},"3":{"name":"(anonymous_3)","decl":{"start":{"line":53,"column":19},"end":{"line":53,"column":20}},"loc":{"start":{"line":53,"column":31},"end":{"line":56,"column":5}},"line":53},"4":{"name":"(anonymous_4)","decl":{"start":{"line":58,"column":19},"end":{"line":58,"column":20}},"loc":{"start":{"line":58,"column":31},"end":{"line":61,"column":5}},"line":58},"5":{"name":"(anonymous_5)","decl":{"start":{"line":63,"column":4},"end":{"line":63,"column":5}},"loc":{"start":{"line":63,"column":13},"end":{"line":147,"column":5}},"line":63}},"branchMap":{"0":{"loc":{"start":{"line":49,"column":8},"end":{"line":49,"column":71}},"type":"binary-expr","locations":[{"start":{"line":49,"column":8},"end":{"line":49,"column":33}},{"start":{"line":49,"column":37},"end":{"line":49,"column":71}}],"line":49},"1":{"loc":{"start":{"line":50,"column":8},"end":{"line":50,"column":71}},"type":"binary-expr","locations":[{"start":{"line":50,"column":8},"end":{"line":50,"column":33}},{"start":{"line":50,"column":37},"end":{"line":50,"column":71}}],"line":50},"2":{"loc":{"start":{"line":69,"column":8},"end":{"line":81,"column":9}},"type":"if","locations":[{"start":{"line":69,"column":8},"end":{"line":81,"column":9}},{"start":{"line":69,"column":8},"end":{"line":81,"column":9}}],"line":69},"3":{"loc":{"start":{"line":75,"column":12},"end":{"line":80,"column":13}},"type":"if","locations":[{"start":{"line":75,"column":12},"end":{"line":80,"column":13}},{"start":{"line":75,"column":12},"end":{"line":80,"column":13}}],"line":75},"4":{"loc":{"start":{"line":120,"column":33},"end":{"line":124,"column":33}},"type":"binary-expr","locations":[{"start":{"line":120,"column":33},"end":{"line":120,"column":56}},{"start":{"line":121,"column":36},"end":{"line":123,"column":48}}],"line":120}},"s":{"0":0,"1":0,"2":0,"3":0,"4":0,"5":0,"6":0,"7":0,"8":0,"9":0,"10":0,"11":0,"12":0,"13":0,"14":0,"15":0,"16":0,"17":0,"18":0,"19":0},"f":{"0":0,"1":0,"2":0,"3":0,"4":0,"5":0},"b":{"0":[0,0],"1":[0,0],"2":[0,0],"3":[0,0],"4":[0,0]}}
,"/Users/jonathanferreira/development/impactMarket/mobile-app/src/components/core/BottomPopup.tsx": {"path":"/Users/jonathanferreira/development/impactMarket/mobile-app/src/components/core/BottomPopup.tsx","statementMap":{"0":{"start":{"line":28,"column":8},"end":{"line":28,"column":21}},"1":{"start":{"line":39,"column":12},"end":{"line":39,"column":22}},"2":{"start":{"line":40,"column":8},"end":{"line":99,"column":10}},"3":{"start":{"line":83,"column":51},"end":{"line":83,"column":75}}},"fnMap":{"0":{"name":"(anonymous_0)","decl":{"start":{"line":27,"column":4},"end":{"line":27,"column":5}},"loc":{"start":{"line":27,"column":28},"end":{"line":29,"column":5}},"line":27},"1":{"name":"(anonymous_1)","decl":{"start":{"line":31,"column":4},"end":{"line":31,"column":5}},"loc":{"start":{"line":31,"column":13},"end":{"line":100,"column":5}},"line":31},"2":{"name":"(anonymous_2)","decl":{"start":{"line":83,"column":45},"end":{"line":83,"column":46}},"loc":{"start":{"line":83,"column":51},"end":{"line":83,"column":75}},"line":83}},"branchMap":{"0":{"loc":{"start":{"line":59,"column":29},"end":{"line":80,"column":29}},"type":"binary-expr","locations":[{"start":{"line":59,"column":29},"end":{"line":59,"column":34}},{"start":{"line":60,"column":32},"end":{"line":79,"column":43}}],"line":59},"1":{"loc":{"start":{"line":62,"column":40},"end":{"line":75,"column":47}},"type":"cond-expr","locations":[{"start":{"line":63,"column":46},"end":{"line":70,"column":47}},{"start":{"line":71,"column":46},"end":{"line":75,"column":47}}],"line":62},"2":{"loc":{"start":{"line":81,"column":29},"end":{"line":85,"column":29}},"type":"binary-expr","locations":[{"start":{"line":81,"column":29},"end":{"line":81,"column":40}},{"start":{"line":82,"column":32},"end":{"line":84,"column":34}}],"line":81}},"s":{"0":0,"1":0,"2":0,"3":0},"f":{"0":0,"1":0,"2":0},"b":{"0":[0,0],"1":[0,0],"2":[0,0]}}
,"/Users/jonathanferreira/development/impactMarket/mobile-app/src/components/core/Button.tsx": {"path":"/Users/jonathanferreira/development/impactMarket/mobile-app/src/components/core/Button.tsx","statementMap":{"0":{"start":{"line":23,"column":8},"end":{"line":23,"column":21}},"1":{"start":{"line":27,"column":68},"end":{"line":27,"column":78}},"2":{"start":{"line":28,"column":48},"end":{"line":33,"column":9}},"3":{"start":{"line":34,"column":8},"end":{"line":56,"column":9}},"4":{"start":{"line":35,"column":12},"end":{"line":55,"column":13}},"5":{"start":{"line":36,"column":16},"end":{"line":39,"column":18}},"6":{"start":{"line":40,"column":19},"end":{"line":55,"column":13}},"7":{"start":{"line":41,"column":16},"end":{"line":44,"column":18}},"8":{"start":{"line":45,"column":19},"end":{"line":55,"column":13}},"9":{"start":{"line":46,"column":16},"end":{"line":49,"column":18}},"10":{"start":{"line":51,"column":16},"end":{"line":54,"column":18}},"11":{"start":{"line":57,"column":8},"end":{"line":59,"column":9}},"12":{"start":{"line":58,"column":12},"end":{"line":58,"column":64}},"13":{"start":{"line":60,"column":8},"end":{"line":78,"column":10}}},"fnMap":{"0":{"name":"(anonymous_0)","decl":{"start":{"line":22,"column":4},"end":{"line":22,"column":5}},"loc":{"start":{"line":22,"column":28},"end":{"line":24,"column":5}},"line":22},"1":{"name":"(anonymous_1)","decl":{"start":{"line":26,"column":4},"end":{"line":26,"column":5}},"loc":{"start":{"line":26,"column":13},"end":{"line":79,"column":5}},"line":26}},"branchMap":{"0":{"loc":{"start":{"line":34,"column":8},"end":{"line":56,"column":9}},"type":"if","locations":[{"start":{"line":34,"column":8},"end":{"line":56,"column":9}},{"start":{"line":34,"column":8},"end":{"line":56,"column":9}}],"line":34},"1":{"loc":{"start":{"line":35,"column":12},"end":{"line":55,"column":13}},"type":"if","locations":[{"start":{"line":35,"column":12},"end":{"line":55,"column":13}},{"start":{"line":35,"column":12},"end":{"line":55,"column":13}}],"line":35},"2":{"loc":{"start":{"line":40,"column":19},"end":{"line":55,"column":13}},"type":"if","locations":[{"start":{"line":40,"column":19},"end":{"line":55,"column":13}},{"start":{"line":40,"column":19},"end":{"line":55,"column":13}}],"line":40},"3":{"loc":{"start":{"line":45,"column":19},"end":{"line":55,"column":13}},"type":"if","locations":[{"start":{"line":45,"column":19},"end":{"line":55,"column":13}},{"start":{"line":45,"column":19},"end":{"line":55,"column":13}}],"line":45},"4":{"loc":{"start":{"line":57,"column":8},"end":{"line":59,"column":9}},"type":"if","locations":[{"start":{"line":57,"column":8},"end":{"line":59,"column":9}},{"start":{"line":57,"column":8},"end":{"line":59,"column":9}}],"line":57},"5":{"loc":{"start":{"line":69,"column":27},"end":{"line":69,"column":68}},"type":"cond-expr","locations":[{"start":{"line":69,"column":49},"end":{"line":69,"column":58}},{"start":{"line":69,"column":61},"end":{"line":69,"column":68}}],"line":69},"6":{"loc":{"start":{"line":70,"column":32},"end":{"line":70,"column":69}},"type":"cond-expr","locations":[{"start":{"line":70,"column":39},"end":{"line":70,"column":51}},{"start":{"line":70,"column":54},"end":{"line":70,"column":69}}],"line":70}},"s":{"0":0,"1":0,"2":0,"3":0,"4":0,"5":0,"6":0,"7":0,"8":0,"9":0,"10":0,"11":0,"12":0,"13":0},"f":{"0":0,"1":0},"b":{"0":[0,0],"1":[0,0],"2":[0,0],"3":[0,0],"4":[0,0],"5":[0,0],"6":[0,0]},"_coverageSchema":"1a1c01bbd47fc00a2c39e90264f33305004495a9","hash":"30b80b51990ab3de2fba77d0614d0fdaf33df392"}
,"/Users/jonathanferreira/development/impactMarket/mobile-app/src/components/core/Card.tsx": {"path":"/Users/jonathanferreira/development/impactMarket/mobile-app/src/components/core/Card.tsx","statementMap":{"0":{"start":{"line":4,"column":13},"end":{"line":8,"column":1}}},"fnMap":{},"branchMap":{},"s":{"0":0},"f":{},"b":{}}
,"/Users/jonathanferreira/development/impactMarket/mobile-app/src/components/core/CommunityRules.tsx": {"path":"/Users/jonathanferreira/development/impactMarket/mobile-app/src/components/core/CommunityRules.tsx","statementMap":{"0":{"start":{"line":18,"column":21},"end":{"line":18,"column":34}},"1":{"start":{"line":19,"column":30},"end":{"line":27,"column":5}},"2":{"start":{"line":20,"column":8},"end":{"line":26,"column":9}},"3":{"start":{"line":21,"column":12},"end":{"line":21,"column":64}},"4":{"start":{"line":22,"column":12},"end":{"line":22,"column":58}},"5":{"start":{"line":24,"column":12},"end":{"line":24,"column":68}},"6":{"start":{"line":25,"column":12},"end":{"line":25,"column":62}},"7":{"start":{"line":29,"column":4},"end":{"line":101,"column":6}},"8":{"start":{"line":106,"column":15},"end":{"line":149,"column":2}}},"fnMap":{"0":{"name":"CommunityRules","decl":{"start":{"line":17,"column":9},"end":{"line":17,"column":23}},"loc":{"start":{"line":17,"column":36},"end":{"line":102,"column":1}},"line":17},"1":{"name":"(anonymous_1)","decl":{"start":{"line":19,"column":30},"end":{"line":19,"column":31}},"loc":{"start":{"line":19,"column":42},"end":{"line":27,"column":5}},"line":19}},"branchMap":{"0":{"loc":{"start":{"line":20,"column":8},"end":{"line":26,"column":9}},"type":"if","locations":[{"start":{"line":20,"column":8},"end":{"line":26,"column":9}},{"start":{"line":20,"column":8},"end":{"line":26,"column":9}}],"line":20},"1":{"loc":{"start":{"line":35,"column":25},"end":{"line":37,"column":65}},"type":"cond-expr","locations":[{"start":{"line":36,"column":30},"end":{"line":36,"column":61}},{"start":{"line":37,"column":30},"end":{"line":37,"column":65}}],"line":35},"2":{"loc":{"start":{"line":42,"column":21},"end":{"line":44,"column":61}},"type":"cond-expr","locations":[{"start":{"line":43,"column":26},"end":{"line":43,"column":57}},{"start":{"line":44,"column":26},"end":{"line":44,"column":61}}],"line":42},"3":{"loc":{"start":{"line":48,"column":21},"end":{"line":50,"column":62}},"type":"cond-expr","locations":[{"start":{"line":49,"column":26},"end":{"line":49,"column":58}},{"start":{"line":50,"column":26},"end":{"line":50,"column":62}}],"line":48},"4":{"loc":{"start":{"line":54,"column":21},"end":{"line":56,"column":61}},"type":"cond-expr","locations":[{"start":{"line":55,"column":26},"end":{"line":55,"column":57}},{"start":{"line":56,"column":26},"end":{"line":56,"column":61}}],"line":54},"5":{"loc":{"start":{"line":60,"column":21},"end":{"line":62,"column":62}},"type":"cond-expr","locations":[{"start":{"line":61,"column":26},"end":{"line":61,"column":58}},{"start":{"line":62,"column":26},"end":{"line":62,"column":62}}],"line":60},"6":{"loc":{"start":{"line":66,"column":21},"end":{"line":68,"column":61}},"type":"cond-expr","locations":[{"start":{"line":67,"column":26},"end":{"line":67,"column":57}},{"start":{"line":68,"column":26},"end":{"line":68,"column":61}}],"line":66},"7":{"loc":{"start":{"line":72,"column":21},"end":{"line":74,"column":61}},"type":"cond-expr","locations":[{"start":{"line":73,"column":26},"end":{"line":73,"column":57}},{"start":{"line":74,"column":26},"end":{"line":74,"column":61}}],"line":72},"8":{"loc":{"start":{"line":77,"column":21},"end":{"line":79,"column":63}},"type":"cond-expr","locations":[{"start":{"line":78,"column":26},"end":{"line":78,"column":59}},{"start":{"line":79,"column":26},"end":{"line":79,"column":63}}],"line":77},"9":{"loc":{"start":{"line":87,"column":21},"end":{"line":89,"column":63}},"type":"cond-expr","locations":[{"start":{"line":88,"column":26},"end":{"line":88,"column":59}},{"start":{"line":89,"column":26},"end":{"line":89,"column":63}}],"line":87}},"s":{"0":0,"1":0,"2":0,"3":0,"4":0,"5":0,"6":0,"7":0,"8":0},"f":{"0":0,"1":0},"b":{"0":[0,0],"1":[0,0],"2":[0,0],"3":[0,0],"4":[0,0],"5":[0,0],"6":[0,0],"7":[0,0],"8":[0,0],"9":[0,0]}}
,"/Users/jonathanferreira/development/impactMarket/mobile-app/src/components/core/HeaderBottomSheetTitle.tsx": {"path":"/Users/jonathanferreira/development/impactMarket/mobile-app/src/components/core/HeaderBottomSheetTitle.tsx","statementMap":{"0":{"start":{"line":6,"column":21},"end":{"line":34,"column":1}},"1":{"start":{"line":12,"column":4},"end":{"line":33,"column":6}},"2":{"start":{"line":18,"column":24},"end":{"line":18,"column":45}},"3":{"start":{"line":19,"column":24},"end":{"line":19,"column":35}},"4":{"start":{"line":27,"column":24},"end":{"line":27,"column":45}},"5":{"start":{"line":28,"column":24},"end":{"line":28,"column":35}},"6":{"start":{"line":38,"column":15},"end":{"line":53,"column":2}}},"fnMap":{"0":{"name":"(anonymous_0)","decl":{"start":{"line":6,"column":21},"end":{"line":6,"column":22}},"loc":{"start":{"line":11,"column":5},"end":{"line":34,"column":1}},"line":11},"1":{"name":"(anonymous_1)","decl":{"start":{"line":17,"column":29},"end":{"line":17,"column":30}},"loc":{"start":{"line":17,"column":35},"end":{"line":20,"column":21}},"line":17},"2":{"name":"(anonymous_2)","decl":{"start":{"line":26,"column":29},"end":{"line":26,"column":30}},"loc":{"start":{"line":26,"column":35},"end":{"line":29,"column":21}},"line":26}},"branchMap":{"0":{"loc":{"start":{"line":14,"column":13},"end":{"line":22,"column":13}},"type":"binary-expr","locations":[{"start":{"line":14,"column":13},"end":{"line":14,"column":21}},{"start":{"line":15,"column":16},"end":{"line":21,"column":18}}],"line":14},"1":{"loc":{"start":{"line":19,"column":24},"end":{"line":19,"column":34}},"type":"binary-expr","locations":[{"start":{"line":19,"column":24},"end":{"line":19,"column":26}},{"start":{"line":19,"column":30},"end":{"line":19,"column":34}}],"line":19},"2":{"loc":{"start":{"line":24,"column":13},"end":{"line":31,"column":13}},"type":"binary-expr","locations":[{"start":{"line":24,"column":13},"end":{"line":24,"column":22}},{"start":{"line":25,"column":16},"end":{"line":30,"column":18}}],"line":24},"3":{"loc":{"start":{"line":28,"column":24},"end":{"line":28,"column":34}},"type":"binary-expr","locations":[{"start":{"line":28,"column":24},"end":{"line":28,"column":26}},{"start":{"line":28,"column":30},"end":{"line":28,"column":34}}],"line":28}},"s":{"0":1,"1":0,"2":0,"3":0,"4":0,"5":0,"6":1},"f":{"0":0,"1":0,"2":0},"b":{"0":[0,0],"1":[0,0],"2":[0,0],"3":[0,0]},"_coverageSchema":"1a1c01bbd47fc00a2c39e90264f33305004495a9","hash":"9375ff82447cb7aedb620afe7bb916f8be92e7df"}
,"/Users/jonathanferreira/development/impactMarket/mobile-app/src/components/core/Input.tsx": {"path":"/Users/jonathanferreira/development/impactMarket/mobile-app/src/components/core/Input.tsx","statementMap":{"0":{"start":{"line":21,"column":8},"end":{"line":21,"column":21}},"1":{"start":{"line":40,"column":12},"end":{"line":40,"column":22}},"2":{"start":{"line":42,"column":8},"end":{"line":89,"column":10}},"3":{"start":{"line":93,"column":15},"end":{"line":131,"column":2}}},"fnMap":{"0":{"name":"(anonymous_0)","decl":{"start":{"line":20,"column":4},"end":{"line":20,"column":5}},"loc":{"start":{"line":20,"column":28},"end":{"line":22,"column":5}},"line":20},"1":{"name":"(anonymous_1)","decl":{"start":{"line":24,"column":4},"end":{"line":24,"column":5}},"loc":{"start":{"line":24,"column":13},"end":{"line":90,"column":5}},"line":24}},"branchMap":{"0":{"loc":{"start":{"line":48,"column":32},"end":{"line":48,"column":48}},"type":"cond-expr","locations":[{"start":{"line":48,"column":40},"end":{"line":48,"column":43}},{"start":{"line":48,"column":46},"end":{"line":48,"column":48}}],"line":48},"1":{"loc":{"start":{"line":57,"column":49},"end":{"line":59,"column":51}},"type":"cond-expr","locations":[{"start":{"line":58,"column":38},"end":{"line":58,"column":47}},{"start":{"line":59,"column":38},"end":{"line":59,"column":51}}],"line":57},"2":{"loc":{"start":{"line":64,"column":25},"end":{"line":73,"column":25}},"type":"binary-expr","locations":[{"start":{"line":64,"column":25},"end":{"line":64,"column":29}},{"start":{"line":65,"column":28},"end":{"line":72,"column":55}}],"line":64}},"s":{"0":0,"1":0,"2":0,"3":1},"f":{"0":0,"1":0},"b":{"0":[0,0],"1":[0,0],"2":[0,0]},"_coverageSchema":"1a1c01bbd47fc00a2c39e90264f33305004495a9","hash":"b6c629228a2f3b2f2a03f927d9762f15fcd731bf"}
,"/Users/jonathanferreira/development/impactMarket/mobile-app/src/components/core/ModalGenericError.tsx": {"path":"/Users/jonathanferreira/development/impactMarket/mobile-app/src/components/core/ModalGenericError.tsx","statementMap":{"0":{"start":{"line":16,"column":48},"end":{"line":101,"column":1}},"1":{"start":{"line":23,"column":4},"end":{"line":100,"column":6}}},"fnMap":{"0":{"name":"(anonymous_0)","decl":{"start":{"line":16,"column":48},"end":{"line":16,"column":49}},"loc":{"start":{"line":22,"column":6},"end":{"line":101,"column":1}},"line":22}},"branchMap":{},"s":{"0":0,"1":0},"f":{"0":0},"b":{}}
,"/Users/jonathanferreira/development/impactMarket/mobile-app/src/components/core/Select.tsx": {"path":"/Users/jonathanferreira/development/impactMarket/mobile-app/src/components/core/Select.tsx","statementMap":{"0":{"start":{"line":21,"column":8},"end":{"line":21,"column":21}},"1":{"start":{"line":25,"column":61},"end":{"line":25,"column":71}},"2":{"start":{"line":26,"column":8},"end":{"line":72,"column":10}},"3":{"start":{"line":76,"column":15},"end":{"line":112,"column":2}}},"fnMap":{"0":{"name":"(anonymous_0)","decl":{"start":{"line":20,"column":4},"end":{"line":20,"column":5}},"loc":{"start":{"line":20,"column":28},"end":{"line":22,"column":5}},"line":20},"1":{"name":"(anonymous_1)","decl":{"start":{"line":24,"column":4},"end":{"line":24,"column":5}},"loc":{"start":{"line":24,"column":13},"end":{"line":73,"column":5}},"line":24}},"branchMap":{"0":{"loc":{"start":{"line":37,"column":45},"end":{"line":37,"column":78}},"type":"cond-expr","locations":[{"start":{"line":37,"column":53},"end":{"line":37,"column":62}},{"start":{"line":37,"column":65},"end":{"line":37,"column":78}}],"line":37},"1":{"loc":{"start":{"line":42,"column":21},"end":{"line":51,"column":21}},"type":"binary-expr","locations":[{"start":{"line":42,"column":21},"end":{"line":42,"column":25}},{"start":{"line":43,"column":24},"end":{"line":50,"column":51}}],"line":42}},"s":{"0":0,"1":0,"2":0,"3":1},"f":{"0":0,"1":0},"b":{"0":[0,0],"1":[0,0]},"_coverageSchema":"1a1c01bbd47fc00a2c39e90264f33305004495a9","hash":"58c4ed0d4796bfc7c50852930b62d40c9eeaff14"}
,"/Users/jonathanferreira/development/impactMarket/mobile-app/src/components/svg/AnonymousIconCardSvg.tsx": {"path":"/Users/jonathanferreira/development/impactMarket/mobile-app/src/components/svg/AnonymousIconCardSvg.tsx","statementMap":{"0":{"start":{"line":5,"column":4},"end":{"line":27,"column":6}}},"fnMap":{"0":{"name":"AnonymousIconCardSvg","decl":{"start":{"line":4,"column":9},"end":{"line":4,"column":29}},"loc":{"start":{"line":4,"column":47},"end":{"line":28,"column":1}},"line":4}},"branchMap":{},"s":{"0":0},"f":{"0":0},"b":{}}
,"/Users/jonathanferreira/development/impactMarket/mobile-app/src/components/svg/ArrowForwardSvg.tsx": {"path":"/Users/jonathanferreira/development/impactMarket/mobile-app/src/components/svg/ArrowForwardSvg.tsx","statementMap":{"0":{"start":{"line":5,"column":4},"end":{"line":12,"column":6}}},"fnMap":{"0":{"name":"ArrowForwardSvg","decl":{"start":{"line":4,"column":9},"end":{"line":4,"column":24}},"loc":{"start":{"line":4,"column":42},"end":{"line":13,"column":1}},"line":4}},"branchMap":{},"s":{"0":0},"f":{"0":0},"b":{}}
,"/Users/jonathanferreira/development/impactMarket/mobile-app/src/components/svg/AvatarPlaceholderSvg.tsx": {"path":"/Users/jonathanferreira/development/impactMarket/mobile-app/src/components/svg/AvatarPlaceholderSvg.tsx","statementMap":{"0":{"start":{"line":5,"column":4},"end":{"line":31,"column":6}}},"fnMap":{"0":{"name":"AvatarPlaceholderSvg","decl":{"start":{"line":4,"column":9},"end":{"line":4,"column":29}},"loc":{"start":{"line":4,"column":47},"end":{"line":32,"column":1}},"line":4}},"branchMap":{"0":{"loc":{"start":{"line":7,"column":19},"end":{"line":7,"column":36}},"type":"binary-expr","locations":[{"start":{"line":7,"column":19},"end":{"line":7,"column":30}},{"start":{"line":7,"column":34},"end":{"line":7,"column":36}}],"line":7},"1":{"loc":{"start":{"line":8,"column":20},"end":{"line":8,"column":38}},"type":"binary-expr","locations":[{"start":{"line":8,"column":20},"end":{"line":8,"column":32}},{"start":{"line":8,"column":36},"end":{"line":8,"column":38}}],"line":8},"2":{"loc":{"start":{"line":20,"column":44},"end":{"line":20,"column":68}},"type":"binary-expr","locations":[{"start":{"line":20,"column":44},"end":{"line":20,"column":55}},{"start":{"line":20,"column":59},"end":{"line":20,"column":68}}],"line":20},"3":{"loc":{"start":{"line":27,"column":24},"end":{"line":27,"column":48}},"type":"binary-expr","locations":[{"start":{"line":27,"column":24},"end":{"line":27,"column":35}},{"start":{"line":27,"column":39},"end":{"line":27,"column":48}}],"line":27}},"s":{"0":0},"f":{"0":0},"b":{"0":[0,0],"1":[0,0],"2":[0,0],"3":[0,0]}}
,"/Users/jonathanferreira/development/impactMarket/mobile-app/src/components/svg/BackSvg.tsx": {"path":"/Users/jonathanferreira/development/impactMarket/mobile-app/src/components/svg/BackSvg.tsx","statementMap":{"0":{"start":{"line":5,"column":4},"end":{"line":20,"column":6}}},"fnMap":{"0":{"name":"BackSvg","decl":{"start":{"line":4,"column":9},"end":{"line":4,"column":16}},"loc":{"start":{"line":4,"column":34},"end":{"line":21,"column":1}},"line":4}},"branchMap":{},"s":{"0":0},"f":{"0":0},"b":{},"_coverageSchema":"1a1c01bbd47fc00a2c39e90264f33305004495a9","hash":"6ceff0eb12ac6f49cf8088ba757b65ccbc3e281b"}
,"/Users/jonathanferreira/development/impactMarket/mobile-app/src/components/svg/BluePlusSvg.tsx": {"path":"/Users/jonathanferreira/development/impactMarket/mobile-app/src/components/svg/BluePlusSvg.tsx","statementMap":{"0":{"start":{"line":5,"column":4},"end":{"line":22,"column":6}}},"fnMap":{"0":{"name":"BluePlusSvg","decl":{"start":{"line":4,"column":9},"end":{"line":4,"column":20}},"loc":{"start":{"line":4,"column":38},"end":{"line":23,"column":1}},"line":4}},"branchMap":{},"s":{"0":0},"f":{"0":0},"b":{}}
,"/Users/jonathanferreira/development/impactMarket/mobile-app/src/components/svg/CheckSvg.tsx": {"path":"/Users/jonathanferreira/development/impactMarket/mobile-app/src/components/svg/CheckSvg.tsx","statementMap":{"0":{"start":{"line":5,"column":4},"end":{"line":12,"column":6}}},"fnMap":{"0":{"name":"CheckSvg","decl":{"start":{"line":4,"column":9},"end":{"line":4,"column":17}},"loc":{"start":{"line":4,"column":35},"end":{"line":13,"column":1}},"line":4}},"branchMap":{},"s":{"0":0},"f":{"0":0},"b":{}}
,"/Users/jonathanferreira/development/impactMarket/mobile-app/src/components/svg/ClaimSvg.tsx": {"path":"/Users/jonathanferreira/development/impactMarket/mobile-app/src/components/svg/ClaimSvg.tsx","statementMap":{"0":{"start":{"line":6,"column":4},"end":{"line":18,"column":6}}},"fnMap":{"0":{"name":"ClaimSvg","decl":{"start":{"line":5,"column":9},"end":{"line":5,"column":17}},"loc":{"start":{"line":5,"column":47},"end":{"line":19,"column":1}},"line":5}},"branchMap":{"0":{"loc":{"start":{"line":10,"column":20},"end":{"line":10,"column":78}},"type":"cond-expr","locations":[{"start":{"line":10,"column":36},"end":{"line":10,"column":57}},{"start":{"line":10,"column":60},"end":{"line":10,"column":78}}],"line":10}},"s":{"0":0},"f":{"0":0},"b":{"0":[0,0]}}
,"/Users/jonathanferreira/development/impactMarket/mobile-app/src/components/svg/CloseStorySvg.tsx": {"path":"/Users/jonathanferreira/development/impactMarket/mobile-app/src/components/svg/CloseStorySvg.tsx","statementMap":{"0":{"start":{"line":5,"column":4},"end":{"line":22,"column":6}}},"fnMap":{"0":{"name":"CloseStorySvg","decl":{"start":{"line":4,"column":9},"end":{"line":4,"column":22}},"loc":{"start":{"line":4,"column":40},"end":{"line":23,"column":1}},"line":4}},"branchMap":{},"s":{"0":0},"f":{"0":0},"b":{},"_coverageSchema":"1a1c01bbd47fc00a2c39e90264f33305004495a9","hash":"3cd6f9f54713268ab313e08b3c6f3e8283929c3e"}
,"/Users/jonathanferreira/development/impactMarket/mobile-app/src/components/svg/CloseSvg.tsx": {"path":"/Users/jonathanferreira/development/impactMarket/mobile-app/src/components/svg/CloseSvg.tsx","statementMap":{"0":{"start":{"line":5,"column":4},"end":{"line":16,"column":6}}},"fnMap":{"0":{"name":"CloseSvg","decl":{"start":{"line":4,"column":9},"end":{"line":4,"column":17}},"loc":{"start":{"line":4,"column":35},"end":{"line":17,"column":1}},"line":4}},"branchMap":{},"s":{"0":0},"f":{"0":0},"b":{}}
,"/Users/jonathanferreira/development/impactMarket/mobile-app/src/components/svg/CommunitiesSvg.tsx": {"path":"/Users/jonathanferreira/development/impactMarket/mobile-app/src/components/svg/CommunitiesSvg.tsx","statementMap":{"0":{"start":{"line":6,"column":4},"end":{"line":18,"column":6}}},"fnMap":{"0":{"name":"CommunitiesSvg","decl":{"start":{"line":5,"column":9},"end":{"line":5,"column":23}},"loc":{"start":{"line":5,"column":53},"end":{"line":19,"column":1}},"line":5}},"branchMap":{"0":{"loc":{"start":{"line":10,"column":20},"end":{"line":10,"column":78}},"type":"cond-expr","locations":[{"start":{"line":10,"column":36},"end":{"line":10,"column":57}},{"start":{"line":10,"column":60},"end":{"line":10,"column":78}}],"line":10}},"s":{"0":0},"f":{"0":0},"b":{"0":[0,0]}}
,"/Users/jonathanferreira/development/impactMarket/mobile-app/src/components/svg/CommunityCreationSuccessSvg.tsx": {"path":"/Users/jonathanferreira/development/impactMarket/mobile-app/src/components/svg/CommunityCreationSuccessSvg.tsx","statementMap":{"0":{"start":{"line":5,"column":4},"end":{"line":14,"column":6}}},"fnMap":{"0":{"name":"CommunityCreationSuccessSvg","decl":{"start":{"line":4,"column":9},"end":{"line":4,"column":36}},"loc":{"start":{"line":4,"column":54},"end":{"line":15,"column":1}},"line":4}},"branchMap":{},"s":{"0":0},"f":{"0":0},"b":{}}
,"/Users/jonathanferreira/development/impactMarket/mobile-app/src/components/svg/DeleteSvg.tsx": {"path":"/Users/jonathanferreira/development/impactMarket/mobile-app/src/components/svg/DeleteSvg.tsx","statementMap":{"0":{"start":{"line":5,"column":4},"end":{"line":17,"column":6}}},"fnMap":{"0":{"name":"DeleteSvg","decl":{"start":{"line":4,"column":9},"end":{"line":4,"column":18}},"loc":{"start":{"line":4,"column":36},"end":{"line":18,"column":1}},"line":4}},"branchMap":{},"s":{"0":0},"f":{"0":0},"b":{}}
,"/Users/jonathanferreira/development/impactMarket/mobile-app/src/components/svg/DownloadSvg.tsx": {"path":"/Users/jonathanferreira/development/impactMarket/mobile-app/src/components/svg/DownloadSvg.tsx","statementMap":{"0":{"start":{"line":5,"column":4},"end":{"line":16,"column":6}}},"fnMap":{"0":{"name":"DownloadSvg","decl":{"start":{"line":4,"column":9},"end":{"line":4,"column":20}},"loc":{"start":{"line":4,"column":23},"end":{"line":17,"column":1}},"line":4}},"branchMap":{},"s":{"0":0},"f":{"0":0},"b":{}}
,"/Users/jonathanferreira/development/impactMarket/mobile-app/src/components/svg/LockSvg.tsx": {"path":"/Users/jonathanferreira/development/impactMarket/mobile-app/src/components/svg/LockSvg.tsx","statementMap":{"0":{"start":{"line":5,"column":4},"end":{"line":12,"column":6}}},"fnMap":{"0":{"name":"LockSvg","decl":{"start":{"line":4,"column":9},"end":{"line":4,"column":16}},"loc":{"start":{"line":4,"column":34},"end":{"line":13,"column":1}},"line":4}},"branchMap":{},"s":{"0":0},"f":{"0":0},"b":{}}
,"/Users/jonathanferreira/development/impactMarket/mobile-app/src/components/svg/ManageSvg.tsx": {"path":"/Users/jonathanferreira/development/impactMarket/mobile-app/src/components/svg/ManageSvg.tsx","statementMap":{"0":{"start":{"line":6,"column":4},"end":{"line":19,"column":6}}},"fnMap":{"0":{"name":"ManageSvg","decl":{"start":{"line":5,"column":9},"end":{"line":5,"column":18}},"loc":{"start":{"line":5,"column":48},"end":{"line":20,"column":1}},"line":5}},"branchMap":{"0":{"loc":{"start":{"line":10,"column":20},"end":{"line":10,"column":78}},"type":"cond-expr","locations":[{"start":{"line":10,"column":36},"end":{"line":10,"column":57}},{"start":{"line":10,"column":60},"end":{"line":10,"column":78}}],"line":10}},"s":{"0":0},"f":{"0":0},"b":{"0":[0,0]}}
,"/Users/jonathanferreira/development/impactMarket/mobile-app/src/components/svg/NoConnectionSvg.tsx": {"path":"/Users/jonathanferreira/development/impactMarket/mobile-app/src/components/svg/NoConnectionSvg.tsx","statementMap":{"0":{"start":{"line":5,"column":4},"end":{"line":12,"column":6}}},"fnMap":{"0":{"name":"NoConnectionSvg","decl":{"start":{"line":4,"column":24},"end":{"line":4,"column":39}},"loc":{"start":{"line":4,"column":42},"end":{"line":13,"column":1}},"line":4}},"branchMap":{},"s":{"0":0},"f":{"0":0},"b":{}}
,"/Users/jonathanferreira/development/impactMarket/mobile-app/src/components/svg/ProfileSvg.tsx": {"path":"/Users/jonathanferreira/development/impactMarket/mobile-app/src/components/svg/ProfileSvg.tsx","statementMap":{"0":{"start":{"line":6,"column":4},"end":{"line":18,"column":6}}},"fnMap":{"0":{"name":"ProfileSvg","decl":{"start":{"line":5,"column":9},"end":{"line":5,"column":19}},"loc":{"start":{"line":5,"column":49},"end":{"line":19,"column":1}},"line":5}},"branchMap":{"0":{"loc":{"start":{"line":10,"column":20},"end":{"line":10,"column":78}},"type":"cond-expr","locations":[{"start":{"line":10,"column":36},"end":{"line":10,"column":57}},{"start":{"line":10,"column":60},"end":{"line":10,"column":78}}],"line":10}},"s":{"0":0},"f":{"0":0},"b":{"0":[0,0]}}
,"/Users/jonathanferreira/development/impactMarket/mobile-app/src/components/svg/ReportInapropriateSvg.tsx": {"path":"/Users/jonathanferreira/development/impactMarket/mobile-app/src/components/svg/ReportInapropriateSvg.tsx","statementMap":{"0":{"start":{"line":5,"column":4},"end":{"line":25,"column":6}}},"fnMap":{"0":{"name":"ReportInapropriateSvg","decl":{"start":{"line":4,"column":9},"end":{"line":4,"column":30}},"loc":{"start":{"line":4,"column":61},"end":{"line":26,"column":1}},"line":4}},"branchMap":{"0":{"loc":{"start":{"line":13,"column":20},"end":{"line":13,"column":80}},"type":"cond-expr","locations":[{"start":{"line":13,"column":37},"end":{"line":13,"column":58}},{"start":{"line":13,"column":61},"end":{"line":13,"column":80}}],"line":13},"1":{"loc":{"start":{"line":19,"column":20},"end":{"line":21,"column":48}},"type":"cond-expr","locations":[{"start":{"line":20,"column":26},"end":{"line":20,"column":45}},{"start":{"line":21,"column":26},"end":{"line":21,"column":48}}],"line":19}},"s":{"0":0},"f":{"0":0},"b":{"0":[0,0],"1":[0,0]}}
,"/Users/jonathanferreira/development/impactMarket/mobile-app/src/components/svg/ShareSvg.tsx": {"path":"/Users/jonathanferreira/development/impactMarket/mobile-app/src/components/svg/ShareSvg.tsx","statementMap":{"0":{"start":{"line":5,"column":4},"end":{"line":13,"column":6}}},"fnMap":{"0":{"name":"ShareSvg","decl":{"start":{"line":4,"column":9},"end":{"line":4,"column":17}},"loc":{"start":{"line":4,"column":35},"end":{"line":14,"column":1}},"line":4}},"branchMap":{},"s":{"0":0},"f":{"0":0},"b":{}}
,"/Users/jonathanferreira/development/impactMarket/mobile-app/src/components/svg/StoryLoveSvg.tsx": {"path":"/Users/jonathanferreira/development/impactMarket/mobile-app/src/components/svg/StoryLoveSvg.tsx","statementMap":{"0":{"start":{"line":5,"column":4},"end":{"line":13,"column":6}}},"fnMap":{"0":{"name":"StoryLoveSvg","decl":{"start":{"line":4,"column":9},"end":{"line":4,"column":21}},"loc":{"start":{"line":4,"column":60},"end":{"line":14,"column":1}},"line":4}},"branchMap":{"0":{"loc":{"start":{"line":9,"column":22},"end":{"line":9,"column":53}},"type":"cond-expr","locations":[{"start":{"line":9,"column":36},"end":{"line":9,"column":41}},{"start":{"line":9,"column":44},"end":{"line":9,"column":53}}],"line":9},"1":{"loc":{"start":{"line":10,"column":24},"end":{"line":10,"column":55}},"type":"cond-expr","locations":[{"start":{"line":10,"column":38},"end":{"line":10,"column":43}},{"start":{"line":10,"column":46},"end":{"line":10,"column":55}}],"line":10}},"s":{"0":0},"f":{"0":0},"b":{"0":[0,0],"1":[0,0]}}
,"/Users/jonathanferreira/development/impactMarket/mobile-app/src/components/svg/SuccessSvg.tsx": {"path":"/Users/jonathanferreira/development/impactMarket/mobile-app/src/components/svg/SuccessSvg.tsx","statementMap":{"0":{"start":{"line":5,"column":4},"end":{"line":14,"column":6}}},"fnMap":{"0":{"name":"SuccessSvg","decl":{"start":{"line":4,"column":9},"end":{"line":4,"column":19}},"loc":{"start":{"line":4,"column":37},"end":{"line":15,"column":1}},"line":4}},"branchMap":{},"s":{"0":0},"f":{"0":0},"b":{},"_coverageSchema":"1a1c01bbd47fc00a2c39e90264f33305004495a9","hash":"b881bc2a59d1ade0f06a627a4c93d94902ee5eac"}
,"/Users/jonathanferreira/development/impactMarket/mobile-app/src/components/svg/WaitingRedSvg.tsx": {"path":"/Users/jonathanferreira/development/impactMarket/mobile-app/src/components/svg/WaitingRedSvg.tsx","statementMap":{"0":{"start":{"line":5,"column":4},"end":{"line":16,"column":6}}},"fnMap":{"0":{"name":"WaitingRedSvg","decl":{"start":{"line":4,"column":9},"end":{"line":4,"column":22}},"loc":{"start":{"line":4,"column":25},"end":{"line":17,"column":1}},"line":4}},"branchMap":{},"s":{"0":0},"f":{"0":0},"b":{}}
,"/Users/jonathanferreira/development/impactMarket/mobile-app/src/components/svg/WarningRedCircle.tsx": {"path":"/Users/jonathanferreira/development/impactMarket/mobile-app/src/components/svg/WarningRedCircle.tsx","statementMap":{"0":{"start":{"line":5,"column":4},"end":{"line":15,"column":6}}},"fnMap":{"0":{"name":"WarningRedCircle","decl":{"start":{"line":4,"column":9},"end":{"line":4,"column":25}},"loc":{"start":{"line":4,"column":43},"end":{"line":16,"column":1}},"line":4}},"branchMap":{},"s":{"0":0},"f":{"0":0},"b":{}}
,"/Users/jonathanferreira/development/impactMarket/mobile-app/src/components/svg/WarningRedTriangle.tsx": {"path":"/Users/jonathanferreira/development/impactMarket/mobile-app/src/components/svg/WarningRedTriangle.tsx","statementMap":{"0":{"start":{"line":5,"column":4},"end":{"line":12,"column":6}}},"fnMap":{"0":{"name":"WarningRedTriangle","decl":{"start":{"line":4,"column":9},"end":{"line":4,"column":27}},"loc":{"start":{"line":4,"column":45},"end":{"line":13,"column":1}},"line":4}},"branchMap":{},"s":{"0":0},"f":{"0":0},"b":{},"_coverageSchema":"1a1c01bbd47fc00a2c39e90264f33305004495a9","hash":"d24e50dc961ab3dac3494a3b06683796376986c0"}
,"/Users/jonathanferreira/development/impactMarket/mobile-app/src/components/svg/header/BackSvg.tsx": {"path":"/Users/jonathanferreira/development/impactMarket/mobile-app/src/components/svg/header/BackSvg.tsx","statementMap":{"0":{"start":{"line":6,"column":23},"end":{"line":6,"column":38}},"1":{"start":{"line":7,"column":4},"end":{"line":22,"column":6}},"2":{"start":{"line":9,"column":27},"end":{"line":9,"column":46}}},"fnMap":{"0":{"name":"BackSvg","decl":{"start":{"line":5,"column":9},"end":{"line":5,"column":16}},"loc":{"start":{"line":5,"column":19},"end":{"line":23,"column":1}},"line":5},"1":{"name":"(anonymous_1)","decl":{"start":{"line":9,"column":21},"end":{"line":9,"column":22}},"loc":{"start":{"line":9,"column":27},"end":{"line":9,"column":46}},"line":9}},"branchMap":{},"s":{"0":0,"1":0,"2":0},"f":{"0":0,"1":0},"b":{},"_coverageSchema":"1a1c01bbd47fc00a2c39e90264f33305004495a9","hash":"01faa348f00f370a2611670362cd07ca89a62df4"}
,"/Users/jonathanferreira/development/impactMarket/mobile-app/src/components/svg/header/FaqSvg.tsx": {"path":"/Users/jonathanferreira/development/impactMarket/mobile-app/src/components/svg/header/FaqSvg.tsx","statementMap":{"0":{"start":{"line":7,"column":23},"end":{"line":7,"column":38}},"1":{"start":{"line":8,"column":4},"end":{"line":24,"column":6}},"2":{"start":{"line":10,"column":27},"end":{"line":10,"column":59}}},"fnMap":{"0":{"name":"FAQSvg","decl":{"start":{"line":6,"column":9},"end":{"line":6,"column":15}},"loc":{"start":{"line":6,"column":33},"end":{"line":25,"column":1}},"line":6},"1":{"name":"(anonymous_1)","decl":{"start":{"line":10,"column":21},"end":{"line":10,"column":22}},"loc":{"start":{"line":10,"column":27},"end":{"line":10,"column":59}},"line":10}},"branchMap":{},"s":{"0":0,"1":0,"2":0},"f":{"0":0,"1":0},"b":{}}
[...]
":{"line":99,"column":29},"end":{"line":101,"column":13}},"line":99},"9":{"name":"(anonymous_9)","decl":{"start":{"line":107,"column":27},"end":{"line":107,"column":28}},"loc":{"start":{"line":107,"column":39},"end":{"line":147,"column":5}},"line":107},"10":{"name":"(anonymous_10)","decl":{"start":{"line":149,"column":22},"end":{"line":149,"column":23}},"loc":{"start":{"line":149,"column":34},"end":{"line":167,"column":5}},"line":149},"11":{"name":"(anonymous_11)","decl":{"start":{"line":177,"column":36},"end":{"line":177,"column":37}},"loc":{"start":{"line":177,"column":42},"end":{"line":177,"column":44}},"line":177},"12":{"name":"(anonymous_12)","decl":{"start":{"line":182,"column":29},"end":{"line":182,"column":30}},"loc":{"start":{"line":183,"column":8},"end":{"line":223,"column":21}},"line":183},"13":{"name":"(anonymous_13)","decl":{"start":{"line":215,"column":29},"end":{"line":215,"column":30}},"loc":{"start":{"line":215,"column":35},"end":{"line":218,"column":21}},"line":215},"14":{"name":"(anonymous_14)","decl":{"start":{"line":238,"column":38},"end":{"line":238,"column":39}},"loc":{"start":{"line":238,"column":49},"end":{"line":238,"column":68}},"line":238},"15":{"name":"(anonymous_15)","decl":{"start":{"line":245,"column":33},"end":{"line":245,"column":34}},"loc":{"start":{"line":245,"column":39},"end":{"line":245,"column":50}},"line":245},"16":{"name":"(anonymous_16)","decl":{"start":{"line":267,"column":41},"end":{"line":267,"column":42}},"loc":{"start":{"line":267,"column":47},"end":{"line":267,"column":64}},"line":267},"17":{"name":"(anonymous_17)","decl":{"start":{"line":277,"column":24},"end":{"line":277,"column":25}},"loc":{"start":{"line":277,"column":30},"end":{"line":277,"column":49}},"line":277},"18":{"name":"(anonymous_18)","decl":{"start":{"line":278,"column":25},"end":{"line":278,"column":26}},"loc":{"start":{"line":278,"column":31},"end":{"line":278,"column":51}},"line":278},"19":{"name":"(anonymous_19)","decl":{"start":{"line":282,"column":20},"end":{"line":282,"column":21}},"loc":{"start":{"line":282,"column":26},"end":{"line":282,"column":59}},"line":282},"20":{"name":"(anonymous_20)","decl":{"start":{"line":291,"column":35},"end":{"line":291,"column":36}},"loc":{"start":{"line":291,"column":41},"end":{"line":305,"column":1}},"line":291},"21":{"name":"(anonymous_21)","decl":{"start":{"line":293,"column":20},"end":{"line":293,"column":21}},"loc":{"start":{"line":293,"column":26},"end":{"line":293,"column":37}},"line":293}},"branchMap":{"0":{"loc":{"start":{"line":55,"column":8},"end":{"line":67,"column":9}},"type":"if","locations":[{"start":{"line":55,"column":8},"end":{"line":67,"column":9}},{"start":{"line":55,"column":8},"end":{"line":67,"column":9}}],"line":55},"1":{"loc":{"start":{"line":84,"column":8},"end":{"line":94,"column":9}},"type":"if","locations":[{"start":{"line":84,"column":8},"end":{"line":94,"column":9}},{"start":{"line":84,"column":8},"end":{"line":94,"column":9}}],"line":84},"2":{"loc":{"start":{"line":98,"column":8},"end":{"line":104,"column":9}},"type":"if","locations":[{"start":{"line":98,"column":8},"end":{"line":104,"column":9}},{"start":{"line":98,"column":8},"end":{"line":104,"column":9}}],"line":98},"3":{"loc":{"start":{"line":111,"column":12},"end":{"line":136,"column":13}},"type":"if","locations":[{"start":{"line":111,"column":12},"end":{"line":136,"column":13}},{"start":{"line":111,"column":12},"end":{"line":136,"column":13}}],"line":111},"4":{"loc":{"start":{"line":111,"column":16},"end":{"line":111,"column":61}},"type":"binary-expr","locations":[{"start":{"line":111,"column":16},"end":{"line":111,"column":37}},{"start":{"line":111,"column":41},"end":{"line":111,"column":61}}],"line":111},"5":{"loc":{"start":{"line":112,"column":16},"end":{"line":114,"column":17}},"type":"if","locations":[{"start":{"line":112,"column":16},"end":{"line":114,"column":17}},{"start":{"line":112,"column":16},"end":{"line":114,"column":17}}],"line":112},"6":{"loc":{"start":{"line":117,"column":29},"end":{"line":117,"column":73}},"type":"cond-expr","locations":[{"start":{"line":117,"column":52},"end":{"line":117,"column":61}},{"start":{"line":117,"column":64},"end":{"line":117,"column":73}}],"line":117},"7":{"loc":{"start":{"line":152,"column":8},"end":{"line":155,"column":9}},"type":"if","locations":[{"start":{"line":152,"column":8},"end":{"line":155,"column":9}},{"start":{"line":152,"column":8},"end":{"line":155,"column":9}}],"line":152},"8":{"loc":{"start":{"line":164,"column":8},"end":{"line":166,"column":9}},"type":"if","locations":[{"start":{"line":164,"column":8},"end":{"line":166,"column":9}},{"start":{"line":164,"column":8},"end":{"line":166,"column":9}}],"line":164},"9":{"loc":{"start":{"line":169,"column":4},"end":{"line":171,"column":5}},"type":"if","locations":[{"start":{"line":169,"column":4},"end":{"line":171,"column":5}},{"start":{"line":169,"column":4},"end":{"line":171,"column":5}}],"line":169},"10":{"loc":{"start":{"line":169,"column":8},"end":{"line":169,"column":74}},"type":"binary-expr","locations":[{"start":{"line":169,"column":8},"end":{"line":169,"column":39}},{"start":{"line":169,"column":43},"end":{"line":169,"column":74}}],"line":169},"11":{"loc":{"start":{"line":173,"column":4},"end":{"line":180,"column":5}},"type":"if","locations":[{"start":{"line":173,"column":4},"end":{"line":180,"column":5}},{"start":{"line":173,"column":4},"end":{"line":180,"column":5}}],"line":173},"12":{"loc":{"start":{"line":173,"column":8},"end":{"line":173,"column":46}},"type":"binary-expr","locations":[{"start":{"line":173,"column":8},"end":{"line":173,"column":28}},{"start":{"line":173,"column":32},"end":{"line":173,"column":46}}],"line":173},"13":{"loc":{"start":{"line":228,"column":13},"end":{"line":272,"column":13}},"type":"cond-expr","locations":[{"start":{"line":229,"column":16},"end":{"line":229,"column":34}},{"start":{"line":231,"column":16},"end":{"line":271,"column":23}}],"line":228},"14":{"loc":{"start":{"line":250,"column":21},"end":{"line":270,"column":21}},"type":"binary-expr","locations":[{"start":{"line":250,"column":21},"end":{"line":250,"column":42}},{"start":{"line":251,"column":24},"end":{"line":269,"column":42}}],"line":250}},"s":{"0":0,"1":0,"2":0,"3":0,"4":0,"5":0,"6":0,"7":0,"8":0,"9":0,"10":0,"11":0,"12":0,"13":0,"14":0,"15":0,"16":0,"17":0,"18":0,"19":0,"20":0,"21":0,"22":0,"23":0,"24":0,"25":0,"26":0,"27":0,"28":0,"29":0,"30":0,"31":0,"32":0,"33":0,"34":0,"35":0,"36":0,"37":0,"38":0,"39":0,"40":0,"41":0,"42":0,"43":0,"44":0,"45":0,"46":0,"47":0,"48":0,"49":0,"50":0,"51":0,"52":0,"53":0,"54":0,"55":0,"56":0,"57":0,"58":0,"59":0,"60":0,"61":0,"62":0,"63":0,"64":0,"65":0,"66":0,"67":0},"f":{"0":0,"1":0,"2":0,"3":0,"4":0,"5":0,"6":0,"7":0,"8":0,"9":0,"10":0,"11":0,"12":0,"13":0,"14":0,"15":0,"16":0,"17":0,"18":0,"19":0,"20":0,"21":0},"b":{"0":[0,0],"1":[0,0],"2":[0,0],"3":[0,0],"4":[0,0],"5":[0,0],"6":[0,0],"7":[0,0],"8":[0,0],"9":[0,0],"10":[0,0],"11":[0,0],"12":[0,0],"13":[0,0],"14":[0,0]}}
,"/Users/jonathanferreira/development/impactMarket/mobile-app/src/views/stories/StoriesCarousel.tsx": {"path":"/Users/jonathanferreira/development/impactMarket/mobile-app/src/views/stories/StoriesCarousel.tsx","statementMap":{"0":{"start":{"line":18,"column":29},"end":{"line":20,"column":5}},"1":{"start":{"line":19,"column":31},"end":{"line":19,"column":52}},"2":{"start":{"line":22,"column":24},"end":{"line":22,"column":78}},"3":{"start":{"line":23,"column":30},"end":{"line":23,"column":42}},"4":{"start":{"line":25,"column":4},"end":{"line":31,"column":59}},"5":{"start":{"line":26,"column":8},"end":{"line":30,"column":10}},"6":{"start":{"line":28,"column":23},"end":{"line":28,"column":62}},"7":{"start":{"line":33,"column":21},"end":{"line":33,"column":34}},"8":{"start":{"line":35,"column":4},"end":{"line":35,"column":29}},"9":{"start":{"line":37,"column":21},"end":{"line":52,"column":10}},"10":{"start":{"line":38,"column":26},"end":{"line":38,"column":67}},"11":{"start":{"line":39,"column":22},"end":{"line":39,"column":67}},"12":{"start":{"line":40,"column":27},"end":{"line":40,"column":44}},"13":{"start":{"line":42,"column":25},"end":{"line":42,"column":53}},"14":{"start":{"line":47,"column":29},"end":{"line":47,"column":43}},"15":{"start":{"line":49,"column":8},"end":{"line":51,"column":9}},"16":{"start":{"line":50,"column":12},"end":{"line":50,"column":33}},"17":{"start":{"line":58,"column":31},"end":{"line":66,"column":5}},"18":{"start":{"line":59,"column":8},"end":{"line":65,"column":9}},"19":{"start":{"line":60,"column":12},"end":{"line":60,"column":69}},"20":{"start":{"line":61,"column":12},"end":{"line":61,"column":32}},"21":{"start":{"line":62,"column":15},"end":{"line":65,"column":9}},"22":{"start":{"line":63,"column":12},"end":{"line":63,"column":69}},"23":{"start":{"line":64,"column":12},"end":{"line":64,"column":32}},"24":{"start":{"line":67,"column":4},"end":{"line":67,"column":27}},"25":{"start":{"line":72,"column":4},"end":{"line":113,"column":6}},"26":{"start":{"line":79,"column":40},"end":{"line":79,"column":58}},"27":{"start":{"line":84,"column":20},"end":{"line":89,"column":22}},"28":{"start":{"line":93,"column":33},"end":{"line":95,"column":21}},"29":{"start":{"line":94,"column":24},"end":{"line":94,"column":48}},"30":{"start":{"line":96,"column":20},"end":{"line":101,"column":23}},"31":{"start":{"line":97,"column":24},"end":{"line":100,"column":27}},"32":{"start":{"line":116,"column":0},"end":{"line":120,"column":2}},"33":{"start":{"line":117,"column":4},"end":{"line":119,"column":6}}},"fnMap":{"0":{"name":"StoriesCarouselScreen","decl":{"start":{"line":17,"column":9},"end":{"line":17,"column":30}},"loc":{"start":{"line":17,"column":62},"end":{"line":114,"column":1}},"line":17},"1":{"name":"(anonymous_1)","decl":{"start":{"line":19,"column":8},"end":{"line":19,"column":9}},"loc":{"start":{"line":19,"column":31},"end":{"line":19,"column":52}},"line":19},"2":{"name":"(anonymous_2)","decl":{"start":{"line":25,"column":14},"end":{"line":25,"column":15}},"loc":{"start":{"line":25,"column":20},"end":{"line":31,"column":5}},"line":25},"3":{"name":"(anonymous_3)","decl":{"start":{"line":28,"column":16},"end":{"line":28,"column":17}},"loc":{"start":{"line":28,"column":23},"end":{"line":28,"column":62}},"line":28},"4":{"name":"(anonymous_4)","decl":{"start":{"line":37,"column":33},"end":{"line":37,"column":34}},"loc":{"start":{"line":37,"column":44},"end":{"line":52,"column":5}},"line":37},"5":{"name":"(anonymous_5)","decl":{"start":{"line":58,"column":31},"end":{"line":58,"column":32}},"loc":{"start":{"line":58,"column":56},"end":{"line":66,"column":5}},"line":58},"6":{"name":"(anonymous_6)","decl":{"start":{"line":79,"column":30},"end":{"line":79,"column":31}},"loc":{"start":{"line":79,"column":40},"end":{"line":79,"column":58}},"line":79},"7":{"name":"(anonymous_7)","decl":{"start":{"line":83,"column":28},"end":{"line":83,"column":29}},"loc":{"start":{"line":83,"column":42},"end":{"line":90,"column":17}},"line":83},"8":{"name":"(anonymous_8)","decl":{"start":{"line":92,"column":39},"end":{"line":92,"column":40}},"loc":{"start":{"line":92,"column":49},"end":{"line":102,"column":17}},"line":92},"9":{"name":"(anonymous_9)","decl":{"start":{"line":93,"column":45},"end":{"line":93,"column":46}},"loc":{"start":{"line":94,"column":24},"end":{"line":94,"column":48}},"line":94},"10":{"name":"(anonymous_10)","decl":{"start":{"line":96,"column":30},"end":{"line":96,"column":31}},"loc":{"start":{"line":96,"column":36},"end":{"line":101,"column":21}},"line":96},"11":{"name":"(anonymous_11)","decl":{"start":{"line":116,"column":42},"end":{"line":116,"column":43}},"loc":{"start":{"line":116,"column":48},"end":{"line":120,"column":1}},"line":116}},"branchMap":{"0":{"loc":{"start":{"line":49,"column":8},"end":{"line":51,"column":9}},"type":"if","locations":[{"start":{"line":49,"column":8},"end":{"line":51,"column":9}},{"start":{"line":49,"column":8},"end":{"line":51,"column":9}}],"line":49},"1":{"loc":{"start":{"line":49,"column":12},"end":{"line":49,"column":60}},"type":"binary-expr","locations":[{"start":{"line":49,"column":12},"end":{"line":49,"column":43}},{"start":{"line":49,"column":47},"end":{"line":49,"column":60}}],"line":49},"2":{"loc":{"start":{"line":59,"column":8},"end":{"line":65,"column":9}},"type":"if","locations":[{"start":{"line":59,"column":8},"end":{"line":65,"column":9}},{"start":{"line":59,"column":8},"end":{"line":65,"column":9}}],"line":59},"3":{"loc":{"start":{"line":59,"column":12},"end":{"line":59,"column":30}},"type":"binary-expr","locations":[{"start":{"line":59,"column":12},"end":{"line":59,"column":21}},{"start":{"line":59,"column":25},"end":{"line":59,"column":30}}],"line":59},"4":{"loc":{"start":{"line":62,"column":15},"end":{"line":65,"column":9}},"type":"if","locations":[{"start":{"line":62,"column":15},"end":{"line":65,"column":9}},{"start":{"line":62,"column":15},"end":{"line":65,"column":9}}],"line":62},"5":{"loc":{"start":{"line":62,"column":19},"end":{"line":62,"column":62}},"type":"binary-expr","locations":[{"start":{"line":62,"column":19},"end":{"line":62,"column":54}},{"start":{"line":62,"column":58},"end":{"line":62,"column":62}}],"line":62}},"s":{"0":0,"1":0,"2":0,"3":0,"4":0,"5":0,"6":0,"7":0,"8":0,"9":0,"10":0,"11":0,"12":0,"13":0,"14":0,"15":0,"16":0,"17":0,"18":0,"19":0,"20":0,"21":0,"22":0,"23":0,"24":0,"25":0,"26":0,"27":0,"28":0,"29":0,"30":0,"31":0,"32":0,"33":0},"f":{"0":0,"1":0,"2":0,"3":0,"4":0,"5":0,"6":0,"7":0,"8":0,"9":0,"10":0,"11":0},"b":{"0":[0,0],"1":[0,0],"2":[0,0],"3":[0,0],"4":[0,0],"5":[0,0]}}
,"/Users/jonathanferreira/development/impactMarket/mobile-app/src/views/stories/index.tsx": {"path":"/Users/jonathanferreira/development/impactMarket/mobile-app/src/views/stories/index.tsx","statementMap":{"0":{"start":{"line":21,"column":23},"end":{"line":21,"column":38}},"1":{"start":{"line":22,"column":21},"end":{"line":22,"column":34}},"2":{"start":{"line":24,"column":34},"end":{"line":24,"column":70}},"3":{"start":{"line":26,"column":40},"end":{"line":26,"column":55}},"4":{"start":{"line":28,"column":4},"end":{"line":37,"column":11}},"5":{"start":{"line":29,"column":8},"end":{"line":29,"column":28}},"6":{"start":{"line":31,"column":8},"end":{"line":34,"column":11}},"7":{"start":{"line":32,"column":12},"end":{"line":32,"column":31}},"8":{"start":{"line":33,"column":12},"end":{"line":33,"column":48}},"9":{"start":{"line":36,"column":8},"end":{"line":36,"column":29}},"10":{"start":{"line":39,"column":4},"end":{"line":47,"column":5}},"11":{"start":{"line":40,"column":8},"end":{"line":46,"column":10}},"12":{"start":{"line":48,"column":4},"end":{"line":137,"column":6}},"13":{"start":{"line":66,"column":31},"end":{"line":66,"column":68}},"14":{"start":{"line":110,"column":36},"end":{"line":110,"column":45}},"15":{"start":{"line":114,"column":16},"end":{"line":116,"column":17}},"16":{"start":{"line":115,"column":20},"end":{"line":115,"column":76}},"17":{"start":{"line":117,"column":16},"end":{"line":134,"column":18}},"18":{"start":{"line":140,"column":15},"end":{"line":167,"column":2}},"19":{"start":{"line":169,"column":0},"end":{"line":183,"column":2}},"20":{"start":{"line":170,"column":4},"end":{"line":182,"column":6}},"21":{"start":{"line":171,"column":26},"end":{"line":171,"column":37}}},"fnMap":{"0":{"name":"StoriesScreen","decl":{"start":{"line":20,"column":9},"end":{"line":20,"column":22}},"loc":{"start":{"line":20,"column":25},"end":{"line":138,"column":1}},"line":20},"1":{"name":"(anonymous_1)","decl":{"start":{"line":28,"column":14},"end":{"line":28,"column":15}},"loc":{"start":{"line":28,"column":20},"end":{"line":37,"column":5}},"line":28},"2":{"name":"(anonymous_2)","decl":{"start":{"line":31,"column":54},"end":{"line":31,"column":55}},"loc":{"start":{"line":31,"column":61},"end":{"line":34,"column":9}},"line":31},"3":{"name":"(anonymous_3)","decl":{"start":{"line":66,"column":25},"end":{"line":66,"column":26}},"loc":{"start":{"line":66,"column":31},"end":{"line":66,"column":68}},"line":66},"4":{"name":"(anonymous_4)","decl":{"start":{"line":110,"column":26},"end":{"line":110,"column":27}},"loc":{"start":{"line":110,"column":36},"end":{"line":110,"column":45}},"line":110},"5":{"name":"(anonymous_5)","decl":{"start":{"line":113,"column":24},"end":{"line":113,"column":25}},"loc":{"start":{"line":113,"column":38},"end":{"line":135,"column":13}},"line":113},"6":{"name":"(anonymous_6)","decl":{"start":{"line":169,"column":34},"end":{"line":169,"column":35}},"loc":{"start":{"line":169,"column":40},"end":{"line":183,"column":1}},"line":169},"7":{"name":"(anonymous_7)","decl":{"start":{"line":171,"column":20},"end":{"line":171,"column":21}},"loc":{"start":{"line":171,"column":26},"end":{"line":171,"column":37}},"line":171}},"branchMap":{"0":{"loc":{"start":{"line":39,"column":4},"end":{"line":47,"column":5}},"type":"if","locations":[{"start":{"line":39,"column":4},"end":{"line":47,"column":5}},{"start":{"line":39,"column":4},"end":{"line":47,"column":5}}],"line":39},"1":{"loc":{"start":{"line":48,"column":11},"end":{"line":137,"column":5}},"type":"cond-expr","locations":[{"start":{"line":49,"column":8},"end":{"line":99,"column":15}},{"start":{"line":101,"column":8},"end":{"line":136,"column":10}}],"line":48},"2":{"loc":{"start":{"line":48,"column":11},"end":{"line":48,"column":45}},"type":"binary-expr","locations":[{"start":{"line":48,"column":11},"end":{"line":48,"column":21}},{"start":{"line":48,"column":25},"end":{"line":48,"column":45}}],"line":48},"3":{"loc":{"start":{"line":114,"column":16},"end":{"line":116,"column":17}},"type":"if","locations":[{"start":{"line":114,"column":16},"end":{"line":116,"column":17}},{"start":{"line":114,"column":16},"end":{"line":116,"column":17}}],"line":114},"4":{"loc":{"start":{"line":123,"column":28},"end":{"line":131,"column":36}},"type":"cond-expr","locations":[{"start":{"line":124,"column":34},"end":{"line":127,"column":36}},{"start":{"line":128,"column":34},"end":{"line":131,"column":36}}],"line":123}},"s":{"0":0,"1":0,"2":0,"3":0,"4":0,"5":0,"6":0,"7":0,"8":0,"9":0,"10":0,"11":0,"12":0,"13":0,"14":0,"15":0,"16":0,"17":0,"18":0,"19":0,"20":0,"21":0},"f":{"0":0,"1":0,"2":0,"3":0,"4":0,"5":0,"6":0,"7":0},"b":{"0":[0,0],"1":[0,0],"2":[0,0],"3":[0,0],"4":[0,0]}}
,"/Users/jonathanferreira/development/impactMarket/mobile-app/src/views/welcome/index.tsx": {"path":"/Users/jonathanferreira/development/impactMarket/mobile-app/src/views/welcome/index.tsx","statementMap":{"0":{"start":{"line":16,"column":19},"end":{"line":16,"column":38}},"1":{"start":{"line":17,"column":21},"end":{"line":17,"column":34}},"2":{"start":{"line":18,"column":42},"end":{"line":18,"column":57}},"3":{"start":{"line":19,"column":4},"end":{"line":108,"column":6}},"4":{"start":{"line":78,"column":24},"end":{"line":78,"column":45}},"5":{"start":{"line":79,"column":24},"end":{"line":79,"column":72}},"6":{"start":{"line":100,"column":24},"end":{"line":100,"column":45}},"7":{"start":{"line":101,"column":24},"end":{"line":101,"column":79}},"8":{"start":{"line":111,"column":0},"end":{"line":115,"column":2}},"9":{"start":{"line":112,"column":4},"end":{"line":114,"column":6}}},"fnMap":{"0":{"name":"Welcome","decl":{"start":{"line":15,"column":9},"end":{"line":15,"column":16}},"loc":{"start":{"line":15,"column":19},"end":{"line":109,"column":1}},"line":15},"1":{"name":"(anonymous_1)","decl":{"start":{"line":77,"column":29},"end":{"line":77,"column":30}},"loc":{"start":{"line":77,"column":35},"end":{"line":80,"column":21}},"line":77},"2":{"name":"(anonymous_2)","decl":{"start":{"line":99,"column":29},"end":{"line":99,"column":30}},"loc":{"start":{"line":99,"column":35},"end":{"line":102,"column":21}},"line":99},"3":{"name":"(anonymous_3)","decl":{"start":{"line":111,"column":28},"end":{"line":111,"column":29}},"loc":{"start":{"line":111,"column":75},"end":{"line":115,"column":1}},"line":111}},"branchMap":{},"s":{"0":0,"1":0,"2":0,"3":0,"4":0,"5":0,"6":0,"7":0,"8":0,"9":0},"f":{"0":0,"1":0,"2":0,"3":0},"b":{}}
}
