TN:
SF:App.tsx
FN:118,(anonymous_0)
FN:150,(anonymous_1)
FN:163,(anonymous_2)
FN:173,(anonymous_3)
FN:195,(anonymous_4)
FN:207,(anonymous_5)
FN:218,(anonymous_6)
FN:231,(anonymous_7)
FN:332,(anonymous_8)
FN:390,(anonymous_9)
FN:406,(anonymous_10)
FN:416,(anonymous_11)
FN:443,(anonymous_12)
FN:446,(anonymous_13)
FN:452,(anonymous_14)
FN:588,(anonymous_15)
FN:627,(anonymous_16)
FN:644,(anonymous_17)
FN:678,(anonymous_18)
FN:705,(anonymous_19)
FNF:20
FNH:0
FNDA:0,(anonymous_0)
FNDA:0,(anonymous_1)
FNDA:0,(anonymous_2)
FNDA:0,(anonymous_3)
FNDA:0,(anonymous_4)
FNDA:0,(anonymous_5)
FNDA:0,(anonymous_6)
FNDA:0,(anonymous_7)
FNDA:0,(anonymous_8)
FNDA:0,(anonymous_9)
FNDA:0,(anonymous_10)
FNDA:0,(anonymous_11)
FNDA:0,(anonymous_12)
FNDA:0,(anonymous_13)
FNDA:0,(anonymous_14)
FNDA:0,(anonymous_15)
FNDA:0,(anonymous_16)
FNDA:0,(anonymous_17)
FNDA:0,(anonymous_18)
FNDA:0,(anonymous_19)
DA:70,0
DA:71,0
DA:72,0
DA:73,0
DA:87,0
DA:101,0
DA:110,0
DA:117,0
DA:118,0
DA:125,0
DA:133,0
DA:145,0
DA:146,0
DA:151,0
DA:152,0
DA:163,0
DA:164,0
DA:165,0
DA:166,0
DA:170,0
DA:171,0
DA:172,0
DA:173,0
DA:180,0
DA:181,0
DA:186,0
DA:187,0
DA:192,0
DA:195,0
DA:196,0
DA:197,0
DA:198,0
DA:201,0
DA:207,0
DA:209,0
DA:210,0
DA:211,0
DA:212,0
DA:214,0
DA:226,0
DA:227,0
DA:228,0
DA:231,0
DA:238,0
DA:239,0
DA:275,0
DA:276,0
DA:333,0
DA:349,0
DA:350,0
DA:369,0
DA:390,0
DA:395,0
DA:407,0
DA:409,0
DA:410,0
DA:413,0
DA:414,0
DA:417,0
DA:418,0
DA:421,0
DA:428,0
DA:432,0
DA:443,0
DA:444,0
DA:446,0
DA:447,0
DA:449,0
DA:452,0
DA:453,0
DA:454,0
DA:527,0
DA:528,0
DA:529,0
DA:530,0
DA:531,0
DA:532,0
DA:534,0
DA:535,0
DA:537,0
DA:538,0
DA:539,0
DA:540,0
DA:541,0
DA:542,0
DA:544,0
DA:545,0
DA:546,0
DA:547,0
DA:549,0
DA:551,0
DA:552,0
DA:588,0
DA:591,0
DA:592,0
DA:593,0
DA:594,0
DA:596,0
DA:598,0
DA:600,0
DA:603,0
DA:604,0
DA:606,0
DA:607,0
DA:608,0
DA:609,0
DA:611,0
DA:614,0
DA:618,0
DA:621,0
DA:622,0
DA:627,0
DA:628,0
DA:629,0
DA:631,0
DA:632,0
DA:634,0
DA:637,0
DA:638,0
DA:640,0
DA:644,0
DA:645,0
DA:646,0
DA:647,0
DA:648,0
DA:649,0
DA:650,0
DA:651,0
DA:652,0
DA:653,0
DA:654,0
DA:657,0
DA:661,0
DA:667,0
DA:668,0
DA:669,0
DA:670,0
DA:671,0
DA:672,0
DA:674,0
DA:675,0
DA:676,0
DA:678,0
DA:680,0
DA:681,0
DA:690,0
DA:693,0
DA:694,0
DA:695,0
DA:696,0
DA:701,0
DA:702,0
DA:703,0
DA:705,0
DA:707,0
DA:708,0
DA:710,0
DA:713,0
DA:717,0
LF:159
LH:0
BRDA:165,0,0,0
BRDA:165,0,1,0
BRDA:170,1,0,0
BRDA:170,1,1,0
BRDA:186,2,0,0
BRDA:186,2,1,0
BRDA:197,3,0,0
BRDA:197,3,1,0
BRDA:211,4,0,0
BRDA:211,4,1,0
BRDA:227,5,0,0
BRDA:227,5,1,0
BRDA:238,6,0,0
BRDA:238,6,1,0
BRDA:275,7,0,0
BRDA:275,7,1,0
BRDA:325,8,0,0
BRDA:325,8,1,0
BRDA:349,9,0,0
BRDA:349,9,1,0
BRDA:377,10,0,0
BRDA:377,10,1,0
BRDA:402,11,0,0
BRDA:402,11,1,0
BRDA:409,12,0,0
BRDA:409,12,1,0
BRDA:421,13,0,0
BRDA:421,13,1,0
BRDA:422,14,0,0
BRDA:422,14,1,0
BRDA:529,15,0,0
BRDA:529,15,1,0
BRDA:531,16,0,0
BRDA:531,16,1,0
BRDA:534,17,0,0
BRDA:534,17,1,0
BRDA:540,18,0,0
BRDA:540,18,1,0
BRDA:594,19,0,0
BRDA:594,19,1,0
BRDA:603,20,0,0
BRDA:603,20,1,0
BRDA:603,21,0,0
BRDA:603,21,1,0
BRDA:606,22,0,0
BRDA:606,22,1,0
BRDA:608,23,0,0
BRDA:608,23,1,0
BRDA:611,24,0,0
BRDA:611,24,1,0
BRDA:618,25,0,0
BRDA:618,25,1,0
BRDA:631,26,0,0
BRDA:631,26,1,0
BRDA:637,27,0,0
BRDA:637,27,1,0
BRDA:652,28,0,0
BRDA:652,28,1,0
BRDA:652,29,0,0
BRDA:652,29,1,0
BRDA:667,30,0,0
BRDA:667,30,1,0
BRDA:669,31,0,0
BRDA:669,31,1,0
BRDA:693,32,0,0
BRDA:693,32,1,0
BRDA:696,33,0,0
BRDA:696,33,1,0
BRDA:697,34,0,0
BRDA:697,34,1,0
BRF:70
BRH:0
end_of_record
TN:
SF:config.ts
FNF:0
FNH:0
LF:0
LH:0
BRF:0
BRH:0
end_of_record
TN:
SF:global.ts
FN:17,(anonymous_0)
FNF:1
FNH:0
FNDA:0,(anonymous_0)
DA:13,0
DA:14,0
DA:16,0
DA:17,0
DA:18,0
DA:22,0
DA:23,0
DA:24,0
LF:8
LH:0
BRDA:13,0,0,0
BRDA:13,0,1,0
BRDA:16,1,0,0
BRDA:16,1,1,0
BRF:4
BRH:0
end_of_record
TN:
SF:index.d.ts
FNF:0
FNH:0
LF:0
LH:0
BRF:0
BRH:0
end_of_record
TN:
SF:src/assets/i18n/en.ts
FNF:0
FNH:0
LF:0
LH:0
BRF:0
BRH:0
end_of_record
TN:
SF:src/assets/i18n/index.ts
FNF:0
FNH:0
DA:8,1
DA:17,1
DA:22,1
LF:3
LH:3
BRF:0
BRH:0
end_of_record
TN:
SF:src/assets/i18n/pt.ts
FNF:0
FNH:0
LF:0
LH:0
BRF:0
BRH:0
end_of_record
TN:
SF:src/components/BaseCommunity.tsx
FN:20,BaseCommunity
FNF:1
FNH:0
FNDA:0,BaseCommunity
DA:19,0
DA:26,0
DA:28,0
DA:30,0
DA:74,0
LF:5
LH:0
BRDA:28,0,0,0
BRDA:28,0,1,0
BRDA:61,1,0,0
BRDA:61,1,1,0
BRF:4
BRH:0
end_of_record
TN:
SF:src/components/CacheImage.tsx
FN:24,(anonymous_0)
FN:31,(anonymous_1)
FN:44,(anonymous_2)
FN:52,(anonymous_3)
FN:79,(anonymous_4)
FNF:5
FNH:0
FNDA:0,(anonymous_0)
FNDA:0,(anonymous_1)
FNDA:0,(anonymous_2)
FNDA:0,(anonymous_3)
FNDA:0,(anonymous_4)
DA:20,0
DA:25,0
DA:28,0
DA:32,0
DA:35,0
DA:39,0
DA:41,0
DA:45,0
DA:49,0
DA:53,0
DA:55,0
DA:56,0
DA:57,0
DA:60,0
DA:61,0
DA:65,0
DA:66,0
DA:70,0
DA:74,0
DA:75,0
DA:80,0
DA:81,0
DA:86,0
DA:87,0
DA:96,0
LF:25
LH:0
BRDA:35,0,0,0
BRDA:35,0,1,0
BRDA:36,1,0,0
BRDA:36,1,1,0
BRDA:56,2,0,0
BRDA:56,2,1,0
BRDA:80,3,0,0
BRDA:80,3,1,0
BRDA:80,4,0,0
BRDA:80,4,1,0
BRDA:86,5,0,0
BRDA:86,5,1,0
BRF:12
BRH:0
end_of_record
TN:
SF:src/components/CommuntyStatus.tsx
FN:19,(anonymous_0)
FN:28,(anonymous_1)
FNF:2
FNH:0
FNDA:0,(anonymous_0)
FNDA:0,(anonymous_1)
DA:19,0
DA:20,0
DA:21,0
DA:23,0
DA:29,0
DA:30,0
DA:31,0
DA:35,0
DA:45,0
DA:217,0
LF:10
LH:0
BRDA:30,0,0,0
BRDA:30,0,1,0
BRDA:30,1,0,0
BRDA:30,1,1,0
BRDA:38,2,0,0
BRDA:38,2,1,0
BRF:6
BRH:0
end_of_record
TN:
SF:src/components/Header.tsx
FN:13,(anonymous_0)
FN:41,(anonymous_1)
FN:48,(anonymous_2)
FN:50,(anonymous_3)
FN:70,(anonymous_4)
FN:77,(anonymous_5)
FN:95,(anonymous_6)
FNF:7
FNH:0
FNDA:0,(anonymous_0)
FNDA:0,(anonymous_1)
FNDA:0,(anonymous_2)
FNDA:0,(anonymous_3)
FNDA:0,(anonymous_4)
FNDA:0,(anonymous_5)
FNDA:0,(anonymous_6)
DA:13,0
DA:14,0
DA:15,0
DA:17,0
DA:42,0
DA:43,0
DA:48,0
DA:59,0
DA:60,0
DA:63,0
DA:64,0
DA:70,0
DA:77,0
DA:86,0
DA:88,0
DA:95,0
DA:138,0
LF:17
LH:0
BRDA:63,0,0,0
BRDA:63,0,1,0
BRDA:66,1,0,0
BRDA:66,1,1,0
BRDA:73,2,0,0
BRDA:73,2,1,0
BRDA:80,3,0,0
BRDA:80,3,1,0
BRDA:91,4,0,0
BRDA:91,4,1,0
BRF:10
BRH:0
end_of_record
TN:
SF:src/components/Modal.tsx
FN:29,(anonymous_0)
FN:37,(anonymous_1)
FN:48,(anonymous_2)
FN:53,(anonymous_3)
FN:58,(anonymous_4)
FN:63,(anonymous_5)
FNF:6
FNH:0
FNDA:0,(anonymous_0)
FNDA:0,(anonymous_1)
FNDA:0,(anonymous_2)
FNDA:0,(anonymous_3)
FNDA:0,(anonymous_4)
FNDA:0,(anonymous_5)
DA:30,0
DA:31,0
DA:38,0
DA:42,0
DA:49,0
DA:50,0
DA:53,0
DA:54,0
DA:55,0
DA:58,0
DA:59,0
DA:60,0
DA:64,0
DA:65,0
DA:68,0
DA:69,0
DA:70,0
DA:75,0
DA:76,0
DA:83,0
LF:20
LH:0
BRDA:49,0,0,0
BRDA:49,0,1,0
BRDA:50,1,0,0
BRDA:50,1,1,0
BRDA:69,2,0,0
BRDA:69,2,1,0
BRDA:75,3,0,0
BRDA:75,3,1,0
BRDA:120,4,0,0
BRDA:120,4,1,0
BRF:10
BRH:0
end_of_record
TN:
SF:src/components/core/BottomPopup.tsx
FN:27,(anonymous_0)
FN:31,(anonymous_1)
FN:83,(anonymous_2)
FNF:3
FNH:0
FNDA:0,(anonymous_0)
FNDA:0,(anonymous_1)
FNDA:0,(anonymous_2)
DA:28,0
DA:39,0
DA:40,0
DA:83,0
LF:4
LH:0
BRDA:59,0,0,0
BRDA:59,0,1,0
BRDA:62,1,0,0
BRDA:62,1,1,0
BRDA:81,2,0,0
BRDA:81,2,1,0
BRF:6
BRH:0
end_of_record
TN:
SF:src/components/core/Button.tsx
FN:22,(anonymous_0)
FN:26,(anonymous_1)
FNF:2
FNH:0
FNDA:0,(anonymous_0)
FNDA:0,(anonymous_1)
DA:23,0
DA:27,0
DA:28,0
DA:34,0
DA:35,0
DA:36,0
DA:40,0
DA:41,0
DA:45,0
DA:46,0
DA:51,0
DA:57,0
DA:58,0
DA:60,0
LF:14
LH:0
BRDA:34,0,0,0
BRDA:34,0,1,0
BRDA:35,1,0,0
BRDA:35,1,1,0
BRDA:40,2,0,0
BRDA:40,2,1,0
BRDA:45,3,0,0
BRDA:45,3,1,0
BRDA:57,4,0,0
BRDA:57,4,1,0
BRDA:69,5,0,0
BRDA:69,5,1,0
BRDA:70,6,0,0
BRDA:70,6,1,0
BRF:14
BRH:0
end_of_record
TN:
SF:src/components/core/Card.tsx
FNF:0
FNH:0
DA:4,0
LF:1
LH:0
BRF:0
BRH:0
end_of_record
TN:
SF:src/components/core/CommunityRules.tsx
FN:17,CommunityRules
FN:19,(anonymous_1)
FNF:2
FNH:0
FNDA:0,CommunityRules
FNDA:0,(anonymous_1)
DA:18,0
DA:19,0
DA:20,0
DA:21,0
DA:22,0
DA:24,0
DA:25,0
DA:29,0
DA:106,0
LF:9
LH:0
BRDA:20,0,0,0
BRDA:20,0,1,0
BRDA:35,1,0,0
BRDA:35,1,1,0
BRDA:42,2,0,0
BRDA:42,2,1,0
BRDA:48,3,0,0
BRDA:48,3,1,0
BRDA:54,4,0,0
BRDA:54,4,1,0
BRDA:60,5,0,0
BRDA:60,5,1,0
BRDA:66,6,0,0
BRDA:66,6,1,0
BRDA:72,7,0,0
BRDA:72,7,1,0
BRDA:77,8,0,0
BRDA:77,8,1,0
BRDA:87,9,0,0
BRDA:87,9,1,0
BRF:20
BRH:0
end_of_record
TN:
SF:src/components/core/HeaderBottomSheetTitle.tsx
FN:6,(anonymous_0)
FN:17,(anonymous_1)
FN:26,(anonymous_2)
FNF:3
FNH:0
FNDA:0,(anonymous_0)
FNDA:0,(anonymous_1)
FNDA:0,(anonymous_2)
DA:6,1
DA:12,0
DA:18,0
DA:19,0
DA:27,0
DA:28,0
DA:38,1
LF:7
LH:2
BRDA:14,0,0,0
BRDA:14,0,1,0
BRDA:19,1,0,0
BRDA:19,1,1,0
BRDA:24,2,0,0
BRDA:24,2,1,0
BRDA:28,3,0,0
BRDA:28,3,1,0
BRF:8
BRH:0
end_of_record
TN:
SF:src/components/core/Input.tsx
FN:20,(anonymous_0)
FN:24,(anonymous_1)
FNF:2
FNH:0
FNDA:0,(anonymous_0)
FNDA:0,(anonymous_1)
DA:21,0
DA:40,0
DA:42,0
DA:93,1
LF:4
LH:1
BRDA:48,0,0,0
BRDA:48,0,1,0
BRDA:57,1,0,0
BRDA:57,1,1,0
BRDA:64,2,0,0
BRDA:64,2,1,0
BRF:6
BRH:0
end_of_record
TN:
SF:src/components/core/ModalGenericError.tsx
FN:16,(anonymous_0)
FNF:1
FNH:0
FNDA:0,(anonymous_0)
DA:16,0
DA:23,0
LF:2
LH:0
BRF:0
BRH:0
end_of_record
TN:
SF:src/components/core/Select.tsx
FN:20,(anonymous_0)
FN:24,(anonymous_1)
FNF:2
FNH:0
FNDA:0,(anonymous_0)
FNDA:0,(anonymous_1)
DA:21,0
DA:25,0
DA:26,0
DA:76,1
LF:4
LH:1
BRDA:37,0,0,0
BRDA:37,0,1,0
BRDA:42,1,0,0
BRDA:42,1,1,0
BRF:4
BRH:0
end_of_record
TN:
SF:src/components/svg/AnonymousIconCardSvg.tsx
FN:4,AnonymousIconCardSvg
FNF:1
FNH:0
FNDA:0,AnonymousIconCardSvg
DA:5,0
LF:1
LH:0
BRF:0
BRH:0
end_of_record
TN:
SF:src/components/svg/ArrowForwardSvg.tsx
FN:4,ArrowForwardSvg
FNF:1
FNH:0
FNDA:0,ArrowForwardSvg
DA:5,0
LF:1
LH:0
BRF:0
BRH:0
end_of_record
TN:
SF:src/components/svg/AvatarPlaceholderSvg.tsx
FN:4,AvatarPlaceholderSvg
FNF:1
FNH:0
FNDA:0,AvatarPlaceholderSvg
DA:5,0
LF:1
LH:0
BRDA:7,0,0,0
BRDA:7,0,1,0
BRDA:8,1,0,0
BRDA:8,1,1,0
BRDA:20,2,0,0
BRDA:20,2,1,0
BRDA:27,3,0,0
BRDA:27,3,1,0
BRF:8
BRH:0
end_of_record
TN:
SF:src/components/svg/BackSvg.tsx
FN:4,BackSvg
FNF:1
FNH:0
FNDA:0,BackSvg
DA:5,0
LF:1
LH:0
BRF:0
BRH:0
end_of_record
TN:
SF:src/components/svg/BluePlusSvg.tsx
FN:4,BluePlusSvg
FNF:1
FNH:0
FNDA:0,BluePlusSvg
DA:5,0
LF:1
LH:0
BRF:0
BRH:0
end_of_record
TN:
SF:src/components/svg/CheckSvg.tsx
FN:4,CheckSvg
FNF:1
FNH:0
FNDA:0,CheckSvg
DA:5,0
LF:1
LH:0
BRF:0
BRH:0
end_of_record
TN:
SF:src/components/svg/ClaimSvg.tsx
FN:5,ClaimSvg
FNF:1
FNH:0
FNDA:0,ClaimSvg
DA:6,0
LF:1
LH:0
BRDA:10,0,0,0
BRDA:10,0,1,0
BRF:2
BRH:0
end_of_record
TN:
SF:src/components/svg/CloseStorySvg.tsx
FN:4,CloseStorySvg
FNF:1
FNH:0
FNDA:0,CloseStorySvg
DA:5,0
LF:1
LH:0
BRF:0
BRH:0
end_of_record
TN:
SF:src/components/svg/CloseSvg.tsx
FN:4,CloseSvg
FNF:1
FNH:0
FNDA:0,CloseSvg
DA:5,0
LF:1
LH:0
BRF:0
BRH:0
end_of_record
TN:
SF:src/components/svg/CommunitiesSvg.tsx
FN:5,CommunitiesSvg
FNF:1
FNH:0
FNDA:0,CommunitiesSvg
DA:6,0
LF:1
LH:0
BRDA:10,0,0,0
BRDA:10,0,1,0
BRF:2
BRH:0
end_of_record
TN:
SF:src/components/svg/CommunityCreationSuccessSvg.tsx
FN:4,CommunityCreationSuccessSvg
FNF:1
FNH:0
FNDA:0,CommunityCreationSuccessSvg
DA:5,0
LF:1
LH:0
BRF:0
BRH:0
end_of_record
TN:
SF:src/components/svg/DeleteSvg.tsx
FN:4,DeleteSvg
FNF:1
FNH:0
FNDA:0,DeleteSvg
DA:5,0
LF:1
LH:0
BRF:0
BRH:0
end_of_record
TN:
SF:src/components/svg/DownloadSvg.tsx
FN:4,DownloadSvg
FNF:1
FNH:0
FNDA:0,DownloadSvg
DA:5,0
LF:1
LH:0
BRF:0
BRH:0
end_of_record
TN:
SF:src/components/svg/LockSvg.tsx
FN:4,LockSvg
FNF:1
FNH:0
FNDA:0,LockSvg
DA:5,0
LF:1
LH:0
BRF:0
BRH:0
end_of_record
TN:
SF:src/components/svg/ManageSvg.tsx
FN:5,ManageSvg
FNF:1
FNH:0
FNDA:0,ManageSvg
DA:6,0
LF:1
LH:0
BRDA:10,0,0,0
BRDA:10,0,1,0
BRF:2
BRH:0
end_of_record
TN:
SF:src/components/svg/NoConnectionSvg.tsx
FN:4,NoConnectionSvg
FNF:1
FNH:0
FNDA:0,NoConnectionSvg
DA:5,0
LF:1
LH:0
BRF:0
BRH:0
end_of_record
TN:
SF:src/components/svg/ProfileSvg.tsx
FN:5,ProfileSvg
FNF:1
FNH:0
FNDA:0,ProfileSvg
DA:6,0
LF:1
LH:0
BRDA:10,0,0,0
BRDA:10,0,1,0
BRF:2
BRH:0
end_of_record
TN:
SF:src/components/svg/ReportInapropriateSvg.tsx
FN:4,ReportInapropriateSvg
FNF:1
FNH:0
FNDA:0,ReportInapropriateSvg
DA:5,0
LF:1
LH:0
BRDA:13,0,0,0
BRDA:13,0,1,0
BRDA:19,1,0,0
BRDA:19,1,1,0
BRF:4
BRH:0
end_of_record
TN:
SF:src/components/svg/ShareSvg.tsx
FN:4,ShareSvg
FNF:1
FNH:0
FNDA:0,ShareSvg
DA:5,0
LF:1
LH:0
BRF:0
BRH:0
end_of_record
TN:
SF:src/components/svg/StoryLoveSvg.tsx
FN:4,StoryLoveSvg
FNF:1
FNH:0
FNDA:0,StoryLoveSvg
DA:5,0
LF:1
LH:0
BRDA:9,0,0,0
BRDA:9,0,1,0
BRDA:10,1,0,0
BRDA:10,1,1,0
BRF:4
BRH:0
end_of_record
TN:
SF:src/components/svg/SuccessSvg.tsx
FN:4,SuccessSvg
FNF:1
FNH:0
FNDA:0,SuccessSvg
DA:5,0
LF:1
LH:0
BRF:0
BRH:0
end_of_record
TN:
SF:src/components/svg/WaitingRedSvg.tsx
FN:4,WaitingRedSvg
FNF:1
FNH:0
FNDA:0,WaitingRedSvg
DA:5,0
LF:1
LH:0
BRF:0
BRH:0
end_of_record
TN:
SF:src/components/svg/WarningRedCircle.tsx
FN:4,WarningRedCircle
FNF:1
FNH:0
FNDA:0,WarningRedCircle
DA:5,0
LF:1
LH:0
BRF:0
BRH:0
end_of_record
TN:
SF:src/components/svg/WarningRedTriangle.tsx
FN:4,WarningRedTriangle
FNF:1
FNH:0
FNDA:0,WarningRedTriangle
DA:5,0
LF:1
LH:0
BRF:0
BRH:0
end_of_record
TN:
SF:src/components/svg/header/BackSvg.tsx
FN:5,BackSvg
FN:9,(anonymous_1)
FNF:2
FNH:0
FNDA:0,BackSvg
FNDA:0,(anonymous_1)
DA:6,0
DA:7,0
DA:9,0
LF:3
LH:0
BRF:0
BRH:0
end_of_record
TN:
SF:src/components/svg/header/FaqSvg.tsx
FN:6,FAQSvg
FN:10,(anonymous_1)
FNF:2
FNH:0
FNDA:0,FAQSvg
FNDA:0,(anonymous_1)
DA:7,0
DA:8,0
DA:10,0
LF:3
LH:0
BRF:0
BRH:0
end_of_record
TN:
SF:src/components/svg/header/QRCodeSvg.tsx
FN:10,QRCodeSvg
FN:13,(anonymous_1)
FN:16,(anonymous_2)
FN:25,(anonymous_3)
FNF:4
FNH:0
FNDA:0,QRCodeSvg
FNDA:0,(anonymous_1)
FNDA:0,(anonymous_2)
FNDA:0,(anonymous_3)
DA:11,0
DA:12,0
DA:13,0
DA:16,0
DA:18,0
DA:25,0
LF:6
LH:0
BRF:0
BRH:0
end_of_record
TN:
SF:src/components/svg/header/ReportCard.tsx
FN:15,(anonymous_0)
FN:22,(anonymous_1)
FN:26,(anonymous_2)
FN:48,(anonymous_3)
FN:53,(anonymous_4)
FNF:5
FNH:0
FNDA:0,(anonymous_0)
FNDA:0,(anonymous_1)
FNDA:0,(anonymous_2)
FNDA:0,(anonymous_3)
FNDA:0,(anonymous_4)
DA:15,0
DA:20,0
DA:22,0
DA:23,0
DA:26,0
DA:27,0
DA:30,0
DA:49,0
DA:53,0
LF:9
LH:0
BRF:0
BRH:0
end_of_record
TN:
SF:src/components/svg/header/ReportSvg.tsx
FN:13,ReportSvg
FN:17,(anonymous_1)
FNF:2
FNH:0
FNDA:0,ReportSvg
FNDA:0,(anonymous_1)
DA:14,0
DA:15,0
DA:17,0
LF:3
LH:0
BRF:0
BRH:0
end_of_record
TN:
SF:src/components/svg/header/ThreeDotsSvg.tsx
FN:14,ThreeDotsSvg
FN:24,(anonymous_1)
FN:33,(anonymous_2)
FNF:3
FNH:0
FNDA:0,ThreeDotsSvg
FNDA:0,(anonymous_1)
FNDA:0,(anonymous_2)
DA:22,0
DA:24,0
DA:26,0
DA:33,0
LF:4
LH:0
BRF:0
BRH:0
end_of_record
TN:
SF:src/components/svg/welcome/DiversitySvg.tsx
FN:13,DiversitySvg
FNF:1
FNH:0
FNDA:0,DiversitySvg
DA:14,0
LF:1
LH:0
BRF:0
BRH:0
end_of_record
TN:
SF:src/components/svg/welcome/LogoBlueSvg.tsx
FN:4,LogoBlueSvg
FNF:1
FNH:0
FNDA:0,LogoBlueSvg
DA:5,0
LF:1
LH:0
BRF:0
BRH:0
end_of_record
TN:
SF:src/contracts/types/truffle-contracts/index.d.ts
FNF:0
FNH:0
LF:0
LH:0
BRF:0
BRH:0
end_of_record
TN:
SF:src/contracts/types/truffle-contracts/merge.d.ts
FNF:0
FNH:0
LF:0
LH:0
BRF:0
BRH:0
end_of_record
TN:
SF:src/helpers/constants.ts
FNF:0
FNH:0
DA:29,1
DA:30,1
DA:31,1
DA:35,1
DA:36,1
DA:37,1
DA:38,1
DA:39,1
DA:40,1
DA:41,1
DA:42,1
DA:43,1
DA:44,1
DA:45,1
DA:46,1
DA:47,1
DA:48,1
DA:49,1
DA:50,1
DA:51,1
DA:52,1
DA:53,1
DA:55,1
DA:56,1
DA:58,1
DA:60,1
DA:91,1
LF:27
LH:27
BRF:0
BRH:0
end_of_record
TN:
SF:src/helpers/currency.ts
FN:6,formatInputAmountToTransfer
FN:14,getCurrencySymbol
FN:24,humanifyCurrencyAmount
FN:41,amountToCurrency
FN:61,humanifyNumber
FNF:5
FNH:0
FNDA:0,formatInputAmountToTransfer
FNDA:0,getCurrencySymbol
FNDA:0,humanifyCurrencyAmount
FNDA:0,amountToCurrency
FNDA:0,humanifyNumber
DA:7,0
DA:8,0
DA:10,0
DA:11,0
DA:15,0
DA:27,0
DA:28,0
DA:29,0
DA:30,0
DA:35,0
DA:47,0
DA:48,0
DA:49,0
DA:50,0
DA:54,0
DA:55,0
DA:57,0
DA:62,0
DA:63,0
LF:19
LH:0
BRDA:7,0,0,0
BRDA:7,0,1,0
BRDA:7,1,0,0
BRDA:7,1,1,0
BRDA:29,2,0,0
BRDA:29,2,1,0
BRDA:45,3,0,0
BRDA:54,4,0,0
BRDA:54,4,1,0
BRF:9
BRH:0
end_of_record
TN:
SF:src/helpers/index.ts
FN:34,makeDeeplinkUrl
FN:38,chooseMediaThumbnail
FN:44,(anonymous_2)
FN:48,(anonymous_3)
FN:59,isOutOfTime
FN:78,welcomeUser
FN:93,(anonymous_6)
FN:142,getUserBalance
FN:148,claimFrequencyToText
FN:154,calculateCommunityProgress
FN:172,getCountryFromPhoneNumber
FN:181,updateCommunityInfo
FN:191,validateEmail
FN:206,(anonymous_13)
FNF:14
FNH:0
FNDA:0,makeDeeplinkUrl
FNDA:0,chooseMediaThumbnail
FNDA:0,(anonymous_2)
FNDA:0,(anonymous_3)
FNDA:0,isOutOfTime
FNDA:0,welcomeUser
FNDA:0,(anonymous_6)
FNDA:0,getUserBalance
FNDA:0,claimFrequencyToText
FNDA:0,calculateCommunityProgress
FNDA:0,getCountryFromPhoneNumber
FNDA:0,updateCommunityInfo
FNDA:0,validateEmail
FNDA:0,(anonymous_13)
DA:35,0
DA:42,0
DA:43,0
DA:44,0
DA:46,0
DA:47,0
DA:48,0
DA:50,0
DA:51,0
DA:53,0
DA:56,0
DA:60,0
DA:61,0
DA:62,0
DA:63,0
DA:64,0
DA:65,0
DA:66,0
DA:67,0
DA:71,0
DA:72,0
DA:87,0
DA:88,0
DA:89,0
DA:90,0
DA:91,0
DA:93,0
DA:94,0
DA:101,0
DA:105,0
DA:114,0
DA:121,0
DA:125,0
DA:126,0
DA:127,0
DA:131,0
DA:132,0
DA:133,0
DA:134,0
DA:136,0
DA:137,0
DA:143,0
DA:144,0
DA:145,0
DA:149,0
DA:150,0
DA:151,0
DA:158,0
DA:159,0
DA:161,0
DA:164,0
DA:169,0
DA:173,0
DA:174,0
DA:175,0
DA:178,0
DA:185,0
DA:186,0
DA:187,0
DA:192,0
DA:193,0
DA:195,0
DA:197,0
DA:198,0
DA:201,0
DA:202,0
DA:204,0
DA:205,0
DA:207,0
DA:210,0
DA:212,0
LF:71
LH:0
BRDA:42,0,0,0
BRDA:42,0,1,0
BRDA:44,1,0,0
BRDA:44,1,1,0
BRDA:46,2,0,0
BRDA:46,2,1,0
BRDA:50,3,0,0
BRDA:50,3,1,0
BRDA:73,4,0,0
BRDA:73,4,1,0
BRDA:89,5,0,0
BRDA:89,5,1,0
BRDA:101,6,0,0
BRDA:101,6,1,0
BRDA:102,7,0,0
BRDA:102,7,1,0
BRDA:108,8,0,0
BRDA:108,8,1,0
BRDA:125,9,0,0
BRDA:125,9,1,0
BRDA:125,10,0,0
BRDA:125,10,1,0
BRDA:149,11,0,0
BRDA:149,11,1,0
BRDA:150,12,0,0
BRDA:150,12,1,0
BRDA:158,13,0,0
BRDA:158,13,1,0
BRDA:158,14,0,0
BRDA:158,14,1,0
BRDA:165,15,0,0
BRDA:165,15,1,0
BRDA:168,16,0,0
BRDA:168,16,1,0
BRDA:174,17,0,0
BRDA:174,17,1,0
BRDA:186,18,0,0
BRDA:186,18,1,0
BRDA:193,19,0,0
BRDA:193,19,1,0
BRDA:195,20,0,0
BRDA:195,20,1,0
BRDA:198,21,0,0
BRDA:198,21,1,0
BRDA:202,22,0,0
BRDA:202,22,1,0
BRDA:205,23,0,0
BRDA:205,23,1,0
BRF:48
BRH:0
end_of_record
TN:
SF:src/helpers/old-types.ts
FNF:0
FNH:0
LF:0
LH:0
BRF:0
BRH:0
end_of_record
TN:
SF:src/helpers/rootNavigation.ts
FNF:0
FNH:0
DA:4,0
DA:6,0
LF:2
LH:0
BRF:0
BRH:0
end_of_record
TN:
SF:src/helpers/redux/actions/app.ts
FN:14,setCeloKit
FN:21,setAppSuspectWrongDateTime
FN:34,setAppHasBeneficiaryAcceptedTerms
FN:43,setAppHasManagerAcceptedTerms
FN:52,SetAppFromWelcomeScreen
FN:59,setAppExchangeRatesAction
FN:68,setPushNotificationListeners
FNF:7
FNH:0
FNDA:0,setCeloKit
FNDA:0,setAppSuspectWrongDateTime
FNDA:0,setAppHasBeneficiaryAcceptedTerms
FNDA:0,setAppHasManagerAcceptedTerms
FNDA:0,SetAppFromWelcomeScreen
FNDA:0,setAppExchangeRatesAction
FNDA:0,setPushNotificationListeners
DA:15,0
DA:25,0
DA:37,0
DA:46,0
DA:53,0
DA:62,0
DA:72,0
LF:7
LH:0
BRF:0
BRH:0
end_of_record
TN:
SF:src/helpers/redux/actions/auth.ts
FN:4,setPushNotificationsToken
FN:11,setAuthToken
FNF:2
FNH:0
FNDA:0,setPushNotificationsToken
FNDA:0,setAuthToken
DA:5,0
DA:12,0
LF:2
LH:0
BRF:0
BRH:0
end_of_record
TN:
SF:src/helpers/redux/actions/stories.ts
FN:8,addStoriesToState
FN:17,addMyStoriesToState
FNF:2
FNH:0
FNDA:0,addStoriesToState
FNDA:0,addMyStoriesToState
DA:11,0
DA:20,0
LF:2
LH:0
BRF:0
BRH:0
end_of_record
TN:
SF:src/helpers/redux/actions/user.ts
FN:19,setUserWallet
FN:26,setUserMetadata
FN:33,setUserExchangeRate
FN:40,setUserLanguage
FN:47,setUserWalletBalance
FN:54,setUserIsBeneficiary
FN:61,setUserIsBlocked
FN:68,setUserIsSuspect
FN:75,setUserIsCommunityManager
FN:84,setCommunityContract
FN:91,setCommunityMetadata
FN:100,resetUserApp
FNF:12
FNH:0
FNDA:0,setUserWallet
FNDA:0,setUserMetadata
FNDA:0,setUserExchangeRate
FNDA:0,setUserLanguage
FNDA:0,setUserWalletBalance
FNDA:0,setUserIsBeneficiary
FNDA:0,setUserIsBlocked
FNDA:0,setUserIsSuspect
FNDA:0,setUserIsCommunityManager
FNDA:0,setCommunityContract
FNDA:0,setCommunityMetadata
FNDA:0,resetUserApp
DA:20,0
DA:27,0
DA:34,0
DA:41,0
DA:48,0
DA:55,0
DA:62,0
DA:69,0
DA:78,0
DA:85,0
DA:94,0
DA:101,0
LF:12
LH:0
BRF:0
BRH:0
end_of_record
TN:
SF:src/helpers/redux/reducers/app.ts
FN:22,(anonymous_0)
FNF:1
FNH:1
FNDA:3,(anonymous_0)
DA:13,1
DA:22,1
DA:26,3
DA:28,0
DA:30,0
DA:32,0
DA:38,0
DA:43,0
DA:48,0
DA:53,0
DA:58,3
LF:11
LH:4
BRDA:23,0,0,3
BRDA:26,1,0,0
BRDA:26,1,1,0
BRDA:26,1,2,0
BRDA:26,1,3,0
BRDA:26,1,4,0
BRDA:26,1,5,0
BRDA:26,1,6,0
BRDA:26,1,7,3
BRF:9
BRH:2
end_of_record
TN:
SF:src/helpers/redux/reducers/auth.ts
FN:10,(anonymous_0)
FNF:1
FNH:1
FNDA:3,(anonymous_0)
DA:5,1
DA:10,1
DA:14,3
DA:16,0
DA:18,0
DA:20,3
LF:6
LH:4
BRDA:11,0,0,3
BRDA:14,1,0,0
BRDA:14,1,1,0
BRDA:14,1,2,3
BRF:4
BRH:2
end_of_record
TN:
SF:src/helpers/redux/reducers/index.ts
FNF:0
FNH:0
LF:0
LH:0
BRF:0
BRH:0
end_of_record
TN:
SF:src/helpers/redux/reducers/modalDonate.ts
FN:20,(anonymous_0)
FNF:1
FNH:1
FNDA:3,(anonymous_0)
DA:5,1
DA:20,1
DA:24,3
DA:26,0
DA:38,0
DA:45,0
DA:52,0
DA:58,0
DA:65,0
DA:72,0
DA:77,3
LF:11
LH:4
BRDA:21,0,0,3
BRDA:24,1,0,0
BRDA:24,1,1,0
BRDA:24,1,2,0
BRDA:24,1,3,0
BRDA:24,1,4,0
BRDA:24,1,5,0
BRDA:24,1,6,0
BRDA:24,1,7,3
BRF:9
BRH:2
end_of_record
TN:
SF:src/helpers/redux/reducers/stories.ts
FN:10,(anonymous_0)
FNF:1
FNH:1
FNDA:3,(anonymous_0)
DA:5,1
DA:10,1
DA:14,3
DA:16,0
DA:22,0
DA:28,0
DA:34,3
LF:7
LH:4
BRDA:11,0,0,3
BRDA:14,1,0,0
BRDA:14,1,1,0
BRDA:14,1,2,0
BRDA:14,1,3,3
BRF:5
BRH:2
end_of_record
TN:
SF:src/helpers/redux/reducers/user.ts
FN:45,(anonymous_0)
FNF:1
FNH:1
FNDA:3,(anonymous_0)
DA:18,1
DA:45,1
DA:49,3
DA:50,3
DA:51,3
DA:53,0
DA:55,0
DA:57,0
DA:59,0
DA:61,0
DA:62,0
DA:63,0
DA:65,0
DA:66,0
DA:68,0
DA:69,0
DA:71,0
DA:72,0
DA:74,0
DA:75,0
DA:77,0
DA:78,0
DA:80,0
DA:81,0
DA:83,0
DA:84,0
DA:86,3
LF:27
LH:6
BRDA:46,0,0,3
BRDA:51,1,0,0
BRDA:51,1,1,0
BRDA:51,1,2,0
BRDA:51,1,3,0
BRDA:51,1,4,0
BRDA:51,1,5,0
BRDA:51,1,6,0
BRDA:51,1,7,0
BRDA:51,1,8,0
BRDA:51,1,9,0
BRDA:51,1,10,0
BRDA:51,1,11,0
BRDA:51,1,12,3
BRF:14
BRH:2
end_of_record
TN:
SF:src/helpers/test/build-store.tsx
FN:8,createTestStore
FNF:1
FNH:1
FNDA:1,createTestStore
DA:9,1
DA:18,1
LF:2
LH:2
BRF:0
BRH:0
end_of_record
TN:
SF:src/helpers/test/test-utils.tsx
FN:7,renderWithRedux
FNF:1
FNH:0
FNDA:0,renderWithRedux
DA:11,0
DA:12,0
DA:14,0
LF:3
LH:0
BRDA:9,0,0,0
BRF:1
BRH:0
end_of_record
TN:
SF:src/helpers/types/common.ts
FNF:0
FNH:0
LF:0
LH:0
BRF:0
BRH:0
end_of_record
TN:
SF:src/helpers/types/endpoints.ts
FNF:0
FNH:0
LF:0
LH:0
BRF:0
BRH:0
end_of_record
TN:
SF:src/helpers/types/models.ts
FNF:0
FNH:0
LF:0
LH:0
BRF:0
BRH:0
end_of_record
TN:
SF:src/helpers/types/redux.ts
FNF:0
FNH:0
LF:0
LH:0
BRF:0
BRH:0
end_of_record
TN:
SF:src/helpers/types/state.ts
FNF:0
FNH:0
LF:0
LH:0
BRF:0
BRH:0
end_of_record
TN:
SF:src/helpers/types/story/storyCommunity.ts
FNF:0
FNH:0
LF:0
LH:0
BRF:0
BRH:0
end_of_record
TN:
SF:src/helpers/types/story/storyContent.ts
FNF:0
FNH:0
LF:0
LH:0
BRF:0
BRH:0
end_of_record
TN:
SF:src/helpers/types/story/storyEngagement.ts
FNF:0
FNH:0
LF:0
LH:0
BRF:0
BRH:0
end_of_record
TN:
SF:src/helpers/types/story/storyUserEngagement.ts
FNF:0
FNH:0
LF:0
LH:0
BRF:0
BRH:0
end_of_record
TN:
SF:src/helpers/types/story/storyUserReport.ts
FNF:0
FNH:0
LF:0
LH:0
BRF:0
BRH:0
end_of_record
TN:
SF:src/helpers/types/ubi/requestChangeParams.ts
FNF:0
FNH:0
LF:0
LH:0
BRF:0
BRH:0
end_of_record
TN:
SF:src/helpers/types/ubi/ubiCommunityContract.ts
FNF:0
FNH:0
LF:0
LH:0
BRF:0
BRH:0
end_of_record
TN:
SF:src/helpers/types/ubi/ubiCommunityDailyMetrics.ts
FNF:0
FNH:0
LF:0
LH:0
BRF:0
BRH:0
end_of_record
TN:
SF:src/helpers/types/ubi/ubiCommunityDailyState.ts
FNF:0
FNH:0
LF:0
LH:0
BRF:0
BRH:0
end_of_record
TN:
SF:src/helpers/types/ubi/ubiCommunityDemographics.ts
FNF:0
FNH:0
LF:0
LH:0
BRF:0
BRH:0
end_of_record
TN:
SF:src/helpers/types/ubi/ubiCommunityLabel.ts
FNF:0
FNH:0
LF:0
LH:0
BRF:0
BRH:0
end_of_record
TN:
SF:src/helpers/types/ubi/ubiCommunityOrganization.ts
FNF:0
FNH:0
LF:0
LH:0
BRF:0
BRH:0
end_of_record
TN:
SF:src/helpers/types/ubi/ubiCommunityState.ts
FNF:0
FNH:0
LF:0
LH:0
BRF:0
BRH:0
end_of_record
TN:
SF:src/helpers/types/ubi/ubiCommunitySuspect.ts
FNF:0
FNH:0
LF:0
LH:0
BRF:0
BRH:0
end_of_record
TN:
SF:src/helpers/types/ubi/ubiOrganization.ts
FNF:0
FNH:0
LF:0
LH:0
BRF:0
BRH:0
end_of_record
TN:
SF:src/helpers/types/ubi/ubiOrganizationSocialMedia.ts
FNF:0
FNH:0
LF:0
LH:0
BRF:0
BRH:0
end_of_record
TN:
SF:src/navigator/StackNavigator.tsx
FN:27,(anonymous_0)
FN:35,(anonymous_1)
FN:89,(anonymous_2)
FN:104,(anonymous_3)
FN:136,StackNavigator
FN:138,(anonymous_5)
FN:141,(anonymous_6)
FN:144,(anonymous_7)
FN:147,(anonymous_8)
FN:155,(anonymous_9)
FNF:10
FNH:0
FNDA:0,(anonymous_0)
FNDA:0,(anonymous_1)
FNDA:0,(anonymous_2)
FNDA:0,(anonymous_3)
FNDA:0,StackNavigator
FNDA:0,(anonymous_5)
FNDA:0,(anonymous_6)
FNDA:0,(anonymous_7)
FNDA:0,(anonymous_8)
FNDA:0,(anonymous_9)
DA:27,0
DA:28,0
DA:35,0
DA:36,0
DA:89,0
DA:90,0
DA:104,0
DA:105,0
DA:134,0
DA:137,0
DA:138,0
DA:140,0
DA:141,0
DA:143,0
DA:144,0
DA:146,0
DA:147,0
DA:150,0
DA:155,0
LF:19
LH:0
BRDA:172,0,0,0
BRDA:172,0,1,0
BRDA:172,1,0,0
BRDA:172,1,1,0
BRDA:175,2,0,0
BRDA:175,2,1,0
BRDA:176,3,0,0
BRDA:176,3,1,0
BRF:8
BRH:0
end_of_record
TN:
SF:src/navigator/TabNavigator.tsx
FN:29,getHeaderTitle
FN:46,getHeaderRight
FN:78,getHeaderLeft
FN:84,isLargeIphone
FN:92,TabNavigator
FN:101,(anonymous_5)
FN:105,(anonymous_6)
FN:108,(anonymous_7)
FN:111,(anonymous_8)
FN:113,(anonymous_9)
FN:115,(anonymous_10)
FN:120,(anonymous_11)
FN:143,(anonymous_12)
FNF:13
FNH:0
FNDA:0,getHeaderTitle
FNDA:0,getHeaderRight
FNDA:0,getHeaderLeft
FNDA:0,isLargeIphone
FNDA:0,TabNavigator
FNDA:0,(anonymous_5)
FNDA:0,(anonymous_6)
FNDA:0,(anonymous_7)
FNDA:0,(anonymous_8)
FNDA:0,(anonymous_9)
FNDA:0,(anonymous_10)
FNDA:0,(anonymous_11)
FNDA:0,(anonymous_12)
DA:30,0
DA:31,0
DA:32,0
DA:35,0
DA:37,0
DA:39,0
DA:41,0
DA:43,0
DA:53,0
DA:54,0
DA:55,0
DA:58,0
DA:60,0
DA:62,0
DA:64,0
DA:65,0
DA:72,0
DA:74,0
DA:79,0
DA:80,0
DA:81,0
DA:85,0
DA:86,0
DA:87,0
DA:90,0
DA:99,0
DA:100,0
DA:101,0
DA:104,0
DA:105,0
DA:107,0
DA:108,0
DA:110,0
DA:111,0
DA:113,0
DA:115,0
DA:116,0
DA:117,0
DA:119,0
DA:120,0
DA:144,0
DA:159,0
DA:166,0
DA:173,0
DA:180,0
DA:187,0
DA:193,0
LF:47
LH:0
BRDA:31,0,0,0
BRDA:31,0,1,0
BRDA:35,1,0,0
BRDA:35,1,1,0
BRDA:35,1,2,0
BRDA:35,1,3,0
BRDA:54,2,0,0
BRDA:54,2,1,0
BRDA:58,3,0,0
BRDA:58,3,1,0
BRDA:58,3,2,0
BRDA:58,3,3,0
BRDA:64,4,0,0
BRDA:64,4,1,0
BRDA:80,5,0,0
BRDA:80,5,1,0
BRDA:86,6,0,0
BRDA:86,6,1,0
BRDA:86,6,2,0
BRDA:123,7,0,0
BRDA:123,7,1,0
BRDA:125,8,0,0
BRDA:125,8,1,0
BRDA:136,9,0,0
BRDA:136,9,1,0
BRDA:139,10,0,0
BRDA:139,10,1,0
BRDA:139,10,2,0
BRDA:147,11,0,0
BRDA:147,11,1,0
BRDA:149,12,0,0
BRDA:149,12,1,0
BRDA:152,13,0,0
BRDA:152,13,1,0
BRDA:205,14,0,0
BRDA:205,14,1,0
BRDA:205,15,0,0
BRDA:205,15,1,0
BRDA:214,16,0,0
BRDA:214,16,1,0
BRDA:216,17,0,0
BRDA:216,17,1,0
BRDA:218,18,0,0
BRDA:218,18,1,0
BRDA:224,19,0,0
BRDA:224,19,1,0
BRDA:225,20,0,0
BRDA:225,20,1,0
BRDA:226,21,0,0
BRDA:226,21,1,0
BRF:50
BRH:0
end_of_record
TN:
SF:src/navigator/index.tsx
FNF:0
FNH:0
LF:0
LH:0
BRF:0
BRH:0
end_of_record
TN:
SF:src/navigator/header/Beneficiary.tsx
FN:7,Beneficiary
FNF:1
FNH:0
FNDA:0,Beneficiary
DA:8,0
LF:1
LH:0
BRF:0
BRH:0
end_of_record
TN:
SF:src/navigator/header/CommunityManager.tsx
FN:12,CommunityManager
FN:17,(anonymous_1)
FN:41,(anonymous_2)
FN:54,(anonymous_3)
FNF:4
FNH:0
FNDA:0,CommunityManager
FNDA:0,(anonymous_1)
FNDA:0,(anonymous_2)
FNDA:0,(anonymous_3)
DA:13,0
DA:14,0
DA:16,0
DA:17,0
DA:19,0
DA:42,0
DA:43,0
DA:55,0
DA:56,0
LF:9
LH:0
BRDA:25,0,0,0
BRDA:25,0,1,0
BRDA:29,1,0,0
BRDA:29,1,1,0
BRF:4
BRH:0
end_of_record
TN:
SF:src/navigator/header/CreateCommunity.tsx
FN:12,CreateCommunity
FN:17,(anonymous_1)
FN:42,(anonymous_2)
FNF:3
FNH:0
FNDA:0,CreateCommunity
FNDA:0,(anonymous_1)
FNDA:0,(anonymous_2)
DA:16,0
DA:17,0
DA:20,0
DA:43,0
LF:4
LH:0
BRDA:43,0,0,0
BRDA:43,0,1,0
BRDA:43,1,0,0
BRDA:43,1,1,0
BRF:4
BRH:0
end_of_record
TN:
SF:src/navigator/header/Logout.tsx
FN:14,Logout
FN:19,(anonymous_1)
FN:22,(anonymous_2)
FNF:3
FNH:0
FNDA:0,Logout
FNDA:0,(anonymous_1)
FNDA:0,(anonymous_2)
DA:15,0
DA:17,0
DA:19,0
DA:20,0
DA:21,0
DA:22,0
DA:23,0
DA:24,0
DA:25,0
DA:29,0
LF:10
LH:0
BRF:0
BRH:0
end_of_record
TN:
SF:src/navigator/header/SubmitCommunity.tsx
FN:7,SubmitCommunity
FNF:1
FNH:0
FNDA:0,SubmitCommunity
DA:8,0
LF:1
LH:0
BRF:0
BRH:0
end_of_record
TN:
SF:src/navigator/header/SubmitStory.tsx
FN:7,SubmitStory
FNF:1
FNH:0
FNDA:0,SubmitStory
DA:12,0
LF:1
LH:0
BRF:0
BRH:0
end_of_record
TN:
SF:src/services/analytics.ts
FN:4,analytics
FNF:1
FNH:0
FNDA:0,analytics
DA:5,0
DA:6,0
DA:8,0
LF:3
LH:0
BRF:0
BRH:0
end_of_record
TN:
SF:src/services/cacheStore.ts
FN:32,(anonymous_0)
FN:36,(anonymous_1)
FN:44,(anonymous_2)
FN:51,(anonymous_3)
FN:61,(anonymous_4)
FN:65,(anonymous_5)
FN:75,(anonymous_6)
FN:79,(anonymous_7)
FN:86,(anonymous_8)
FN:93,(anonymous_9)
FN:103,(anonymous_10)
FN:119,(anonymous_11)
FN:171,(anonymous_12)
FN:184,(anonymous_13)
FN:194,(anonymous_14)
FN:202,(anonymous_15)
FN:210,(anonymous_16)
FN:220,(anonymous_17)
FN:232,(anonymous_18)
FN:243,(anonymous_19)
FN:253,(anonymous_20)
FNF:21
FNH:0
FNDA:0,(anonymous_0)
FNDA:0,(anonymous_1)
FNDA:0,(anonymous_2)
FNDA:0,(anonymous_3)
FNDA:0,(anonymous_4)
FNDA:0,(anonymous_5)
FNDA:0,(anonymous_6)
FNDA:0,(anonymous_7)
FNDA:0,(anonymous_8)
FNDA:0,(anonymous_9)
FNDA:0,(anonymous_10)
FNDA:0,(anonymous_11)
FNDA:0,(anonymous_12)
FNDA:0,(anonymous_13)
FNDA:0,(anonymous_14)
FNDA:0,(anonymous_15)
FNDA:0,(anonymous_16)
FNDA:0,(anonymous_17)
FNDA:0,(anonymous_18)
FNDA:0,(anonymous_19)
FNDA:0,(anonymous_20)
DA:4,1
DA:5,1
DA:6,1
DA:7,1
DA:8,1
DA:9,1
DA:10,1
DA:12,1
DA:14,1
DA:16,1
DA:17,1
DA:18,1
DA:19,1
DA:20,1
DA:33,0
DA:37,0
DA:38,0
DA:39,0
DA:41,0
DA:45,0
DA:52,0
DA:55,0
DA:56,0
DA:58,0
DA:62,0
DA:66,0
DA:69,0
DA:70,0
DA:72,0
DA:76,0
DA:80,0
DA:87,0
DA:94,0
DA:97,0
DA:98,0
DA:100,0
DA:104,0
DA:107,0
DA:108,0
DA:110,0
DA:120,0
DA:123,0
DA:126,0
DA:128,0
DA:134,0
DA:137,0
DA:138,0
DA:141,0
DA:143,0
DA:149,0
DA:152,0
DA:156,0
DA:161,0
DA:165,0
DA:172,0
DA:175,0
DA:176,0
DA:178,0
DA:185,0
DA:195,0
DA:196,0
DA:203,0
DA:204,0
DA:205,0
DA:207,0
DA:211,0
DA:214,0
DA:215,0
DA:217,0
DA:221,0
DA:224,0
DA:225,0
DA:227,0
DA:233,0
DA:237,0
DA:244,0
DA:247,0
DA:248,0
DA:250,0
DA:254,0
DA:257,0
DA:258,0
DA:260,0
LF:83
LH:14
BRDA:38,0,0,0
BRDA:38,0,1,0
BRDA:55,1,0,0
BRDA:55,1,1,0
BRDA:69,2,0,0
BRDA:69,2,1,0
BRDA:97,3,0,0
BRDA:97,3,1,0
BRDA:107,4,0,0
BRDA:107,4,1,0
BRDA:128,5,0,0
BRDA:128,5,1,0
BRDA:129,6,0,0
BRDA:129,6,1,0
BRDA:129,6,2,0
BRDA:137,7,0,0
BRDA:137,7,1,0
BRDA:143,8,0,0
BRDA:143,8,1,0
BRDA:144,9,0,0
BRDA:144,9,1,0
BRDA:175,10,0,0
BRDA:175,10,1,0
BRDA:204,11,0,0
BRDA:204,11,1,0
BRDA:214,12,0,0
BRDA:214,12,1,0
BRDA:224,13,0,0
BRDA:224,13,1,0
BRDA:247,14,0,0
BRDA:247,14,1,0
BRDA:257,15,0,0
BRDA:257,15,1,0
BRF:33
BRH:0
end_of_record
TN:
SF:src/services/celoWallet.ts
FN:13,celoWalletRequest
FNF:1
FNH:0
FNDA:0,celoWalletRequest
DA:20,0
DA:21,0
DA:24,0
DA:29,0
DA:30,0
DA:35,0
DA:40,0
DA:41,0
DA:42,0
LF:9
LH:0
BRDA:29,0,0,0
BRDA:29,0,1,0
BRF:2
BRH:0
end_of_record
TN:
SF:src/services/contactsAddress.ts
FN:8,(anonymous_0)
FN:33,(anonymous_1)
FNF:2
FNH:0
FNDA:0,(anonymous_0)
FNDA:0,(anonymous_1)
DA:8,0
DA:33,0
LF:2
LH:0
BRF:0
BRH:0
end_of_record
TN:
SF:src/services/api/base.ts
FN:12,getRequest
FN:45,putRequest
FN:78,postRequest
FN:112,deleteRequest
FN:160,(anonymous_4)
FN:193,(anonymous_5)
FN:234,(anonymous_6)
FN:272,(anonymous_7)
FN:305,(anonymous_8)
FN:342,(anonymous_9)
FNF:10
FNH:0
FNDA:0,getRequest
FNDA:0,putRequest
FNDA:0,postRequest
FNDA:0,deleteRequest
FNDA:0,(anonymous_4)
FNDA:0,(anonymous_5)
FNDA:0,(anonymous_6)
FNDA:0,(anonymous_7)
FNDA:0,(anonymous_8)
FNDA:0,(anonymous_9)
DA:10,1
DA:17,0
DA:19,0
DA:20,0
DA:21,0
DA:26,0
DA:28,0
DA:30,0
DA:31,0
DA:33,0
DA:35,0
DA:37,0
DA:40,0
DA:42,0
DA:51,0
DA:53,0
DA:54,0
DA:62,0
DA:63,0
DA:64,0
DA:65,0
DA:66,0
DA:68,0
DA:69,0
DA:71,0
DA:73,0
DA:75,0
DA:84,0
DA:86,0
DA:87,0
DA:95,0
DA:96,0
DA:97,0
DA:98,0
DA:99,0
DA:101,0
DA:102,0
DA:105,0
DA:107,0
DA:109,0
DA:117,0
DA:119,0
DA:120,0
DA:128,0
DA:129,0
DA:130,0
DA:131,0
DA:132,0
DA:134,0
DA:135,0
DA:137,0
DA:139,0
DA:141,0
DA:166,0
DA:174,0
DA:176,0
DA:181,0
DA:182,0
DA:183,0
DA:184,0
DA:186,0
DA:209,0
DA:222,0
DA:223,0
DA:224,0
DA:225,0
DA:227,0
DA:250,0
DA:264,0
DA:265,0
DA:284,0
DA:297,0
DA:298,0
DA:312,0
DA:313,0
DA:315,0
DA:317,0
DA:318,0
DA:324,0
DA:325,0
DA:332,0
DA:333,0
DA:334,0
DA:343,0
DA:344,0
LF:85
LH:1
BRDA:14,0,0,0
BRDA:19,1,0,0
BRDA:19,1,1,0
BRDA:30,2,0,0
BRDA:30,2,1,0
BRDA:33,3,0,0
BRDA:33,3,1,0
BRDA:63,4,0,0
BRDA:63,4,1,0
BRDA:68,5,0,0
BRDA:68,5,1,0
BRDA:96,6,0,0
BRDA:96,6,1,0
BRDA:101,7,0,0
BRDA:101,7,1,0
BRDA:129,8,0,0
BRDA:129,8,1,0
BRDA:134,9,0,0
BRDA:134,9,1,0
BRDA:162,10,0,0
BRDA:166,11,0,0
BRDA:166,11,1,0
BRDA:183,12,0,0
BRDA:183,12,1,0
BRDA:224,13,0,0
BRDA:224,13,1,0
BRDA:317,14,0,0
BRDA:317,14,1,0
BRF:28
BRH:0
end_of_record
TN:
SF:src/services/api/index.ts
FN:15,(anonymous_0)
FNF:1
FNH:0
FNDA:0,(anonymous_0)
DA:12,1
DA:18,0
DA:20,0
DA:21,0
DA:23,0
DA:24,0
DA:29,0
DA:30,0
DA:37,0
DA:43,0
DA:45,0
DA:47,0
DA:52,1
DA:53,1
DA:54,1
DA:55,1
DA:56,1
LF:17
LH:6
BRF:0
BRH:0
end_of_record
TN:
SF:src/services/api/routes/community.ts
FN:18,(anonymous_0)
FN:36,(anonymous_1)
FN:57,(anonymous_2)
FN:68,(anonymous_3)
FN:81,(anonymous_4)
FN:104,(anonymous_5)
FN:109,(anonymous_6)
FN:119,(anonymous_7)
FN:124,(anonymous_8)
FN:130,(anonymous_9)
FN:136,(anonymous_10)
FNF:11
FNH:0
FNDA:0,(anonymous_0)
FNDA:0,(anonymous_1)
FNDA:0,(anonymous_2)
FNDA:0,(anonymous_3)
FNDA:0,(anonymous_4)
FNDA:0,(anonymous_5)
FNDA:0,(anonymous_6)
FNDA:0,(anonymous_7)
FNDA:0,(anonymous_8)
FNDA:0,(anonymous_9)
FNDA:0,(anonymous_10)
DA:16,1
DA:22,0
DA:41,0
DA:58,0
DA:62,0
DA:63,0
DA:65,0
DA:73,0
DA:90,0
DA:105,0
DA:112,0
DA:120,0
DA:127,0
DA:133,0
DA:139,0
LF:15
LH:1
BRDA:26,0,0,0
BRDA:26,0,1,0
BRDA:28,1,0,0
BRDA:28,1,1,0
BRDA:62,2,0,0
BRDA:62,2,1,0
BRDA:96,3,0,0
BRDA:96,3,1,0
BRDA:97,4,0,0
BRDA:97,4,1,0
BRDA:98,5,0,0
BRDA:98,5,1,0
BRDA:99,6,0,0
BRDA:99,6,1,0
BRF:14
BRH:0
end_of_record
TN:
SF:src/services/api/routes/story.ts
FN:26,(anonymous_0)
FN:30,(anonymous_1)
FN:38,(anonymous_2)
FN:53,(anonymous_3)
FN:65,(anonymous_4)
FN:69,(anonymous_5)
FN:73,(anonymous_6)
FN:77,(anonymous_7)
FNF:8
FNH:0
FNDA:0,(anonymous_0)
FNDA:0,(anonymous_1)
FNDA:0,(anonymous_2)
FNDA:0,(anonymous_3)
FNDA:0,(anonymous_4)
FNDA:0,(anonymous_5)
FNDA:0,(anonymous_6)
FNDA:0,(anonymous_7)
DA:21,1
DA:24,1
DA:27,0
DA:35,0
DA:42,0
DA:47,0
DA:57,0
DA:66,0
DA:70,0
DA:74,0
DA:78,0
LF:11
LH:2
BRDA:44,0,0,0
BRDA:44,0,1,0
BRDA:45,1,0,0
BRDA:45,1,1,0
BRF:4
BRH:0
end_of_record
TN:
SF:src/services/api/routes/system.ts
FN:4,(anonymous_0)
FN:12,(anonymous_1)
FN:24,(anonymous_2)
FNF:3
FNH:0
FNDA:0,(anonymous_0)
FNDA:0,(anonymous_1)
FNDA:0,(anonymous_2)
DA:5,0
DA:6,0
DA:15,0
DA:18,0
DA:32,0
LF:5
LH:0
BRDA:6,0,0,0
BRDA:6,0,1,0
BRDA:18,1,0,0
BRDA:18,1,1,0
BRF:4
BRH:0
end_of_record
TN:
SF:src/services/api/routes/user.ts
FN:8,(anonymous_0)
FN:20,(anonymous_1)
FN:34,(anonymous_2)
FN:52,(anonymous_3)
FN:64,(anonymous_4)
FN:68,(anonymous_5)
FN:76,(anonymous_6)
FN:84,(anonymous_7)
FN:92,(anonymous_8)
FN:100,(anonymous_9)
FN:108,(anonymous_10)
FNF:11
FNH:0
FNDA:0,(anonymous_0)
FNDA:0,(anonymous_1)
FNDA:0,(anonymous_2)
FNDA:0,(anonymous_3)
FNDA:0,(anonymous_4)
FNDA:0,(anonymous_5)
FNDA:0,(anonymous_6)
FNDA:0,(anonymous_7)
FNDA:0,(anonymous_8)
FNDA:0,(anonymous_9)
FNDA:0,(anonymous_10)
DA:6,1
DA:12,0
DA:25,0
DA:41,0
DA:56,0
DA:65,0
DA:69,0
DA:77,0
DA:85,0
DA:93,0
DA:101,0
DA:109,0
LF:12
LH:1
BRF:0
BRH:0
end_of_record
TN:
SF:src/services/pushNotifications/index.ts
FN:22,registerForPushNotifications
FN:61,(anonymous_1)
FN:70,(anonymous_2)
FN:80,(anonymous_3)
FN:86,(anonymous_4)
FN:105,(anonymous_5)
FN:112,(anonymous_6)
FNF:7
FNH:0
FNDA:0,registerForPushNotifications
FNDA:0,(anonymous_1)
FNDA:0,(anonymous_2)
FNDA:0,(anonymous_3)
FNDA:0,(anonymous_4)
FNDA:0,(anonymous_5)
FNDA:0,(anonymous_6)
DA:23,0
DA:24,0
DA:25,0
DA:26,0
DA:29,0
DA:30,0
DA:31,0
DA:34,0
DA:36,0
DA:37,0
DA:39,0
DA:41,0
DA:44,0
DA:45,0
DA:58,0
DA:61,0
DA:69,0
DA:71,0
DA:72,0
DA:73,0
DA:74,0
DA:78,0
DA:81,0
DA:82,0
DA:86,0
DA:87,0
DA:88,0
DA:90,0
DA:91,0
DA:93,0
DA:94,0
DA:104,0
DA:106,0
DA:107,0
DA:108,0
DA:109,0
DA:110,0
DA:113,0
DA:114,0
DA:127,0
LF:40
LH:0
BRDA:25,0,0,0
BRDA:25,0,1,0
BRDA:30,1,0,0
BRDA:30,1,1,0
BRDA:36,2,0,0
BRDA:36,2,1,0
BRDA:44,3,0,0
BRDA:44,3,1,0
BRDA:74,4,0,0
BRDA:74,4,1,0
BRDA:75,5,0,0
BRDA:75,5,1,0
BRDA:81,6,0,0
BRDA:81,6,1,0
BRDA:87,7,0,0
BRDA:87,7,1,0
BRDA:90,8,0,0
BRDA:90,8,1,0
BRDA:109,9,0,0
BRDA:109,9,1,0
BRDA:113,10,0,0
BRDA:113,10,1,0
BRF:22
BRH:0
end_of_record
TN:
SF:src/styles/index.ts
FNF:0
FNH:0
DA:4,1
LF:1
LH:1
BRF:0
BRH:0
end_of_record
TN:
SF:src/views/Tabs.tsx
FN:20,Tabs
FN:22,(anonymous_1)
FN:25,(anonymous_2)
FN:33,(anonymous_3)
FN:45,(anonymous_4)
FN:57,(anonymous_5)
FN:87,(anonymous_6)
FNF:7
FNH:0
FNDA:0,Tabs
FNDA:0,(anonymous_1)
FNDA:0,(anonymous_2)
FNDA:0,(anonymous_3)
FNDA:0,(anonymous_4)
FNDA:0,(anonymous_5)
FNDA:0,(anonymous_6)
DA:18,0
DA:21,0
DA:22,0
DA:24,0
DA:25,0
DA:28,0
DA:34,0
DA:40,0
DA:46,0
DA:52,0
DA:58,0
DA:63,0
DA:88,0
LF:13
LH:0
BRDA:79,0,0,0
BRDA:79,0,1,0
BRDA:80,1,0,0
BRDA:80,1,1,0
BRDA:81,2,0,0
BRDA:81,2,1,0
BRDA:81,2,2,0
BRF:7
BRH:0
end_of_record
TN:
SF:src/views/communities/CommunityCard.tsx
FN:30,CommunityCard
FN:45,(anonymous_1)
FNF:2
FNH:0
FNDA:0,CommunityCard
FNDA:0,(anonymous_1)
DA:29,0
DA:31,0
DA:32,0
DA:34,0
DA:35,0
DA:37,0
DA:40,0
DA:46,0
DA:151,0
LF:9
LH:0
BRDA:34,0,0,0
BRDA:34,0,1,0
BRDA:34,1,0,0
BRDA:34,1,1,0
BRF:4
BRH:0
end_of_record
TN:
SF:src/views/communities/MyStoriesCard.tsx
FN:10,MyStoriesCard
FN:15,(anonymous_1)
FN:16,(anonymous_2)
FN:29,(anonymous_3)
FN:30,(anonymous_4)
FNF:5
FNH:0
FNDA:0,MyStoriesCard
FNDA:0,(anonymous_1)
FNDA:0,(anonymous_2)
FNDA:0,(anonymous_3)
FNDA:0,(anonymous_4)
DA:11,0
DA:13,0
DA:15,0
DA:16,0
DA:17,0
DA:21,0
DA:30,0
DA:31,0
LF:8
LH:0
BRF:0
BRH:0
end_of_record
TN:
SF:src/views/communities/NewStoryCard.tsx
FN:9,NewStoriesCard
FN:19,(anonymous_1)
FNF:2
FNH:0
FNDA:0,NewStoriesCard
FNDA:0,(anonymous_1)
DA:10,0
DA:11,0
DA:19,0
LF:3
LH:0
BRF:0
BRH:0
end_of_record
TN:
SF:src/views/communities/Stories.tsx
FN:27,Stories
FN:36,(anonymous_1)
FN:39,(anonymous_2)
FN:44,(anonymous_3)
FN:46,(anonymous_4)
FN:87,(anonymous_5)
FN:136,(anonymous_6)
FNF:7
FNH:0
FNDA:0,Stories
FNDA:0,(anonymous_1)
FNDA:0,(anonymous_2)
FNDA:0,(anonymous_3)
FNDA:0,(anonymous_4)
FNDA:0,(anonymous_5)
FNDA:0,(anonymous_6)
DA:28,0
DA:30,0
DA:33,0
DA:34,0
DA:35,0
DA:36,0
DA:38,0
DA:39,0
DA:43,0
DA:45,0
DA:46,0
DA:47,0
DA:48,0
DA:49,0
DA:50,0
DA:64,0
DA:88,0
DA:137,0
LF:18
LH:0
BRDA:112,0,0,0
BRDA:112,0,1,0
BRDA:112,0,2,0
BRDA:112,0,3,0
BRDA:112,0,4,0
BRDA:129,1,0,0
BRDA:129,1,1,0
BRDA:142,2,0,0
BRDA:142,2,1,0
BRF:9
BRH:0
end_of_record
TN:
SF:src/views/communities/StoriesCard.tsx
FN:7,StoriesCard
FN:23,(anonymous_1)
FNF:2
FNH:0
FNDA:0,StoriesCard
FNDA:0,(anonymous_1)
DA:12,0
DA:13,0
DA:24,0
LF:3
LH:0
BRDA:51,0,0,0
BRDA:51,0,1,0
BRF:2
BRH:0
end_of_record
TN:
SF:src/views/communities/index.tsx
FN:19,CommunitiesScreen
FN:32,(anonymous_1)
FN:38,(anonymous_2)
FN:46,(anonymous_3)
FN:49,(anonymous_4)
FN:81,(anonymous_5)
FN:90,(anonymous_6)
FN:102,(anonymous_7)
FN:111,(anonymous_8)
FN:115,(anonymous_9)
FN:128,(anonymous_10)
FN:135,(anonymous_11)
FN:142,(anonymous_12)
FN:149,(anonymous_13)
FN:154,(anonymous_14)
FN:163,(anonymous_15)
FN:170,(anonymous_16)
FN:190,(anonymous_17)
FN:204,(anonymous_18)
FN:231,(anonymous_19)
FN:252,(anonymous_20)
FN:256,(anonymous_21)
FNF:22
FNH:0
FNDA:0,CommunitiesScreen
FNDA:0,(anonymous_1)
FNDA:0,(anonymous_2)
FNDA:0,(anonymous_3)
FNDA:0,(anonymous_4)
FNDA:0,(anonymous_5)
FNDA:0,(anonymous_6)
FNDA:0,(anonymous_7)
FNDA:0,(anonymous_8)
FNDA:0,(anonymous_9)
FNDA:0,(anonymous_10)
FNDA:0,(anonymous_11)
FNDA:0,(anonymous_12)
FNDA:0,(anonymous_13)
FNDA:0,(anonymous_14)
FNDA:0,(anonymous_15)
FNDA:0,(anonymous_16)
FNDA:0,(anonymous_17)
FNDA:0,(anonymous_18)
FNDA:0,(anonymous_19)
FNDA:0,(anonymous_20)
FNDA:0,(anonymous_21)
DA:20,0
DA:21,0
DA:22,0
DA:23,0
DA:24,0
DA:28,0
DA:29,0
DA:30,0
DA:32,0
DA:33,0
DA:39,0
DA:40,0
DA:42,0
DA:44,0
DA:46,0
DA:49,0
DA:50,0
DA:51,0
DA:52,0
DA:54,0
DA:55,0
DA:56,0
DA:57,0
DA:58,0
DA:59,0
DA:60,0
DA:61,0
DA:67,0
DA:69,0
DA:72,0
DA:73,0
DA:82,0
DA:83,0
DA:85,0
DA:87,0
DA:88,0
DA:90,0
DA:92,0
DA:93,0
DA:94,0
DA:97,0
DA:103,0
DA:104,0
DA:106,0
DA:108,0
DA:109,0
DA:111,0
DA:115,0
DA:116,0
DA:117,0
DA:118,0
DA:119,0
DA:120,0
DA:129,0
DA:130,0
DA:132,0
DA:133,0
DA:135,0
DA:137,0
DA:143,0
DA:144,0
DA:146,0
DA:147,0
DA:149,0
DA:154,0
DA:155,0
DA:157,0
DA:159,0
DA:163,0
DA:164,0
DA:170,0
DA:184,0
DA:197,0
DA:204,0
DA:231,0
DA:252,0
DA:253,0
DA:257,0
LF:78
LH:0
BRDA:39,0,0,0
BRDA:39,0,1,0
BRDA:57,1,0,0
BRDA:57,1,1,0
BRDA:60,2,0,0
BRDA:60,2,1,0
BRDA:82,3,0,0
BRDA:82,3,1,0
BRDA:103,4,0,0
BRDA:103,4,1,0
BRDA:117,5,0,0
BRDA:117,5,1,0
BRDA:117,6,0,0
BRDA:117,6,1,0
BRDA:119,7,0,0
BRDA:119,7,1,0
BRDA:119,8,0,0
BRDA:119,8,1,0
BRDA:129,9,0,0
BRDA:129,9,1,0
BRDA:143,10,0,0
BRDA:143,10,1,0
BRDA:155,11,0,0
BRDA:155,11,1,0
BRDA:173,12,0,0
BRDA:173,12,1,0
BRDA:197,13,0,0
BRDA:197,13,1,0
BRF:28
BRH:0
end_of_record
TN:
SF:src/views/community/beneficiary/AnonymousReportScreen.tsx
FN:13,AnonymousReportScreen
FN:20,(anonymous_1)
FN:23,(anonymous_2)
FN:26,(anonymous_3)
FN:43,(anonymous_4)
FN:50,(anonymous_5)
FN:60,(anonymous_6)
FN:68,(anonymous_7)
FN:97,(anonymous_8)
FN:104,(anonymous_9)
FN:114,(anonymous_10)
FN:116,(anonymous_11)
FNF:12
FNH:0
FNDA:0,AnonymousReportScreen
FNDA:0,(anonymous_1)
FNDA:0,(anonymous_2)
FNDA:0,(anonymous_3)
FNDA:0,(anonymous_4)
FNDA:0,(anonymous_5)
FNDA:0,(anonymous_6)
FNDA:0,(anonymous_7)
FNDA:0,(anonymous_8)
FNDA:0,(anonymous_9)
FNDA:0,(anonymous_10)
FNDA:0,(anonymous_11)
DA:14,0
DA:15,0
DA:16,0
DA:17,0
DA:19,0
DA:20,0
DA:23,0
DA:24,0
DA:25,0
DA:27,0
DA:43,0
DA:44,0
DA:45,0
DA:47,0
DA:48,0
DA:51,0
DA:57,0
DA:58,0
DA:61,0
DA:69,0
DA:73,0
DA:97,0
DA:104,0
DA:113,0
DA:114,0
DA:117,0
LF:26
LH:0
BRDA:24,0,0,0
BRDA:24,0,1,0
BRDA:44,1,0,0
BRDA:44,1,1,0
BRF:4
BRH:0
end_of_record
TN:
SF:src/views/community/beneficiary/Claim.tsx
FN:42,(anonymous_0)
FN:52,(anonymous_1)
FN:97,(anonymous_2)
FN:154,(anonymous_3)
FN:159,(anonymous_4)
FN:165,(anonymous_5)
FN:166,(anonymous_6)
FN:221,(anonymous_7)
FN:255,(anonymous_8)
FN:333,(anonymous_9)
FN:342,(anonymous_10)
FN:432,(anonymous_11)
FN:436,(anonymous_12)
FN:498,(anonymous_13)
FN:516,(anonymous_14)
FN:518,(anonymous_15)
FNF:16
FNH:0
FNDA:0,(anonymous_0)
FNDA:0,(anonymous_1)
FNDA:0,(anonymous_2)
FNDA:0,(anonymous_3)
FNDA:0,(anonymous_4)
FNDA:0,(anonymous_5)
FNDA:0,(anonymous_6)
FNDA:0,(anonymous_7)
FNDA:0,(anonymous_8)
FNDA:0,(anonymous_9)
FNDA:0,(anonymous_10)
FNDA:0,(anonymous_11)
FNDA:0,(anonymous_12)
FNDA:0,(anonymous_13)
FNDA:0,(anonymous_14)
FNDA:0,(anonymous_15)
DA:43,0
DA:44,0
DA:52,0
DA:58,0
DA:59,0
DA:60,0
DA:61,0
DA:64,0
DA:67,0
DA:68,0
DA:75,0
DA:76,0
DA:79,0
DA:82,0
DA:83,0
DA:85,0
DA:90,0
DA:93,0
DA:97,0
DA:108,0
DA:111,0
DA:113,0
DA:114,0
DA:120,0
DA:123,0
DA:124,0
DA:130,0
DA:133,0
DA:134,0
DA:135,0
DA:143,0
DA:146,0
DA:147,0
DA:155,0
DA:156,0
DA:158,0
DA:159,0
DA:160,0
DA:163,0
DA:165,0
DA:166,0
DA:167,0
DA:168,0
DA:171,0
DA:173,0
DA:177,0
DA:178,0
DA:179,0
DA:181,0
DA:185,0
DA:187,0
DA:191,0
DA:194,0
DA:197,0
DA:208,0
DA:213,0
DA:214,0
DA:222,0
DA:223,0
DA:224,0
DA:225,0
DA:226,0
DA:227,0
DA:228,0
DA:229,0
DA:232,0
DA:233,0
DA:235,0
DA:236,0
DA:237,0
DA:241,0
DA:242,0
DA:243,0
DA:245,0
DA:246,0
DA:249,0
DA:251,0
DA:252,0
DA:254,0
DA:255,0
DA:256,0
DA:257,0
DA:261,0
DA:264,0
DA:265,0
DA:266,0
DA:267,0
DA:270,0
DA:271,0
DA:275,0
DA:276,0
DA:279,0
DA:282,0
DA:287,0
DA:291,0
DA:292,0
DA:295,0
DA:299,0
DA:300,0
DA:301,0
DA:303,0
DA:312,0
DA:313,0
DA:316,0
DA:318,0
DA:320,0
DA:322,0
DA:324,0
DA:339,0
DA:340,0
DA:342,0
DA:343,0
DA:344,0
DA:345,0
DA:346,0
DA:347,0
DA:348,0
DA:349,0
DA:351,0
DA:352,0
DA:355,0
DA:356,0
DA:374,0
DA:432,0
DA:433,0
DA:434,0
DA:435,0
DA:436,0
DA:437,0
DA:440,0
DA:441,0
DA:442,0
DA:443,0
DA:446,0
DA:447,0
DA:449,0
DA:453,0
DA:498,0
DA:499,0
DA:500,0
DA:501,0
DA:502,0
DA:503,0
DA:504,0
DA:516,0
DA:517,0
DA:519,0
DA:523,0
LF:148
LH:0
BRDA:60,0,0,0
BRDA:60,0,1,0
BRDA:60,1,0,0
BRDA:60,1,1,0
BRDA:68,2,0,0
BRDA:68,2,1,0
BRDA:69,3,0,0
BRDA:69,3,1,0
BRDA:82,4,0,0
BRDA:82,4,1,0
BRDA:85,5,0,0
BRDA:85,5,1,0
BRDA:113,6,0,0
BRDA:113,6,1,0
BRDA:123,7,0,0
BRDA:123,7,1,0
BRDA:134,8,0,0
BRDA:134,8,1,0
BRDA:155,9,0,0
BRDA:155,9,1,0
BRDA:173,10,0,0
BRDA:173,10,1,0
BRDA:174,11,0,0
BRDA:174,11,1,0
BRDA:178,12,0,0
BRDA:178,12,1,0
BRDA:181,13,0,0
BRDA:181,13,1,0
BRDA:187,14,0,0
BRDA:187,14,1,0
BRDA:226,15,0,0
BRDA:226,15,1,0
BRDA:227,16,0,0
BRDA:227,16,1,0
BRDA:229,17,0,0
BRDA:229,17,1,0
BRDA:235,18,0,0
BRDA:235,18,1,0
BRDA:237,19,0,0
BRDA:237,19,1,0
BRDA:238,20,0,0
BRDA:238,20,1,0
BRDA:242,21,0,0
BRDA:242,21,1,0
BRDA:245,22,0,0
BRDA:245,22,1,0
BRDA:252,23,0,0
BRDA:252,23,1,0
BRDA:264,24,0,0
BRDA:264,24,1,0
BRDA:266,25,0,0
BRDA:266,25,1,0
BRDA:266,26,0,0
BRDA:266,26,1,0
BRDA:271,27,0,0
BRDA:271,27,1,0
BRDA:282,28,0,0
BRDA:282,28,1,0
BRDA:299,29,0,0
BRDA:299,29,1,0
BRDA:312,30,0,0
BRDA:312,30,1,0
BRDA:313,31,0,0
BRDA:313,31,1,0
BRDA:320,32,0,0
BRDA:320,32,1,0
BRDA:344,33,0,0
BRDA:344,33,1,0
BRDA:346,34,0,0
BRDA:346,34,1,0
BRDA:348,35,0,0
BRDA:348,35,1,0
BRDA:355,36,0,0
BRDA:355,36,1,0
BRDA:378,37,0,0
BRDA:378,37,1,0
BRDA:380,38,0,0
BRDA:380,38,1,0
BRDA:396,39,0,0
BRDA:396,39,1,0
BRDA:434,40,0,0
BRDA:434,40,1,0
BRDA:441,41,0,0
BRDA:441,41,1,0
BRF:84
BRH:0
end_of_record
TN:
SF:src/views/community/beneficiary/ClaimExplainedScreen.tsx
FN:6,ClaimExplainedScreen
FN:16,(anonymous_1)
FN:18,(anonymous_2)
FNF:3
FNH:0
FNDA:0,ClaimExplainedScreen
FNDA:0,(anonymous_1)
FNDA:0,(anonymous_2)
DA:7,0
DA:16,0
DA:17,0
DA:18,0
DA:23,0
LF:5
LH:0
BRF:0
BRH:0
end_of_record
TN:
SF:src/views/community/beneficiary/WelcomeRulesScreen.tsx
FN:15,WelcomeRulesScreen
FN:24,(anonymous_1)
FN:27,(anonymous_2)
FN:30,(anonymous_3)
FN:34,(anonymous_4)
FN:37,(anonymous_5)
FN:111,(anonymous_6)
FN:113,(anonymous_7)
FNF:8
FNH:0
FNDA:0,WelcomeRulesScreen
FNDA:0,(anonymous_1)
FNDA:0,(anonymous_2)
FNDA:0,(anonymous_3)
FNDA:0,(anonymous_4)
FNDA:0,(anonymous_5)
FNDA:0,(anonymous_6)
FNDA:0,(anonymous_7)
DA:16,0
DA:17,0
DA:21,0
DA:23,0
DA:24,0
DA:27,0
DA:29,0
DA:30,0
DA:33,0
DA:34,0
DA:37,0
DA:38,0
DA:39,0
DA:40,0
DA:41,0
DA:45,0
DA:46,0
DA:63,0
DA:111,0
DA:112,0
DA:113,0
DA:118,0
LF:22
LH:0
BRDA:38,0,0,0
BRDA:38,0,1,0
BRDA:38,1,0,0
BRDA:38,1,1,0
BRDA:40,2,0,0
BRDA:40,2,1,0
BRDA:40,3,0,0
BRDA:40,3,1,0
BRDA:45,4,0,0
BRDA:45,4,1,0
BRDA:76,5,0,0
BRDA:76,5,1,0
BRDA:84,6,0,0
BRDA:84,6,1,0
BRDA:93,7,0,0
BRDA:93,7,1,0
BRF:16
BRH:0
end_of_record
TN:
SF:src/views/community/beneficiary/index.tsx
FN:53,BeneficiaryScreen
FN:61,(anonymous_1)
FN:64,(anonymous_2)
FN:67,(anonymous_3)
FN:71,(anonymous_4)
FN:75,(anonymous_5)
FN:79,(anonymous_6)
FN:81,(anonymous_7)
FN:91,(anonymous_8)
FN:92,(anonymous_9)
FN:154,(anonymous_10)
FN:157,(anonymous_11)
FN:163,(anonymous_12)
FN:168,(anonymous_13)
FN:169,loadCommunityRulesStats
FN:180,(anonymous_15)
FN:181,(anonymous_16)
FN:193,(anonymous_17)
FN:202,(anonymous_18)
FN:203,(anonymous_19)
FN:209,(anonymous_20)
FN:264,(anonymous_21)
FN:305,(anonymous_22)
FN:328,(anonymous_23)
FN:378,(anonymous_24)
FN:392,(anonymous_25)
FN:413,(anonymous_26)
FN:416,(anonymous_27)
FN:440,(anonymous_28)
FN:510,(anonymous_29)
FN:525,(anonymous_30)
FN:549,(anonymous_31)
FN:557,(anonymous_32)
FNF:33
FNH:0
FNDA:0,BeneficiaryScreen
FNDA:0,(anonymous_1)
FNDA:0,(anonymous_2)
FNDA:0,(anonymous_3)
FNDA:0,(anonymous_4)
FNDA:0,(anonymous_5)
FNDA:0,(anonymous_6)
FNDA:0,(anonymous_7)
FNDA:0,(anonymous_8)
FNDA:0,(anonymous_9)
FNDA:0,(anonymous_10)
FNDA:0,(anonymous_11)
FNDA:0,(anonymous_12)
FNDA:0,(anonymous_13)
FNDA:0,loadCommunityRulesStats
FNDA:0,(anonymous_15)
FNDA:0,(anonymous_16)
FNDA:0,(anonymous_17)
FNDA:0,(anonymous_18)
FNDA:0,(anonymous_19)
FNDA:0,(anonymous_20)
FNDA:0,(anonymous_21)
FNDA:0,(anonymous_22)
FNDA:0,(anonymous_23)
FNDA:0,(anonymous_24)
FNDA:0,(anonymous_25)
FNDA:0,(anonymous_26)
FNDA:0,(anonymous_27)
FNDA:0,(anonymous_28)
FNDA:0,(anonymous_29)
FNDA:0,(anonymous_30)
FNDA:0,(anonymous_31)
FNDA:0,(anonymous_32)
DA:55,0
DA:56,0
DA:57,0
DA:58,0
DA:60,0
DA:61,0
DA:63,0
DA:64,0
DA:66,0
DA:67,0
DA:70,0
DA:71,0
DA:74,0
DA:75,0
DA:78,0
DA:79,0
DA:81,0
DA:83,0
DA:84,0
DA:85,0
DA:86,0
DA:87,0
DA:88,0
DA:89,0
DA:91,0
DA:92,0
DA:93,0
DA:94,0
DA:95,0
DA:99,0
DA:102,0
DA:105,0
DA:106,0
DA:107,0
DA:108,0
DA:112,0
DA:117,0
DA:125,0
DA:134,0
DA:140,0
DA:141,0
DA:144,0
DA:145,0
DA:146,0
DA:147,0
DA:151,0
DA:154,0
DA:155,0
DA:156,0
DA:157,0
DA:160,0
DA:161,0
DA:163,0
DA:164,0
DA:168,0
DA:170,0
DA:171,0
DA:172,0
DA:177,0
DA:180,0
DA:181,0
DA:183,0
DA:187,0
DA:190,0
DA:193,0
DA:194,0
DA:202,0
DA:203,0
DA:204,0
DA:205,0
DA:209,0
DA:210,0
DA:213,0
DA:219,0
DA:226,0
DA:232,0
DA:234,0
DA:237,0
DA:238,0
DA:241,0
DA:247,0
DA:264,0
DA:265,0
DA:268,0
DA:269,0
DA:270,0
DA:272,0
DA:277,0
DA:278,0
DA:280,0
DA:283,0
DA:306,0
DA:329,0
DA:379,0
DA:393,0
DA:413,0
DA:417,0
DA:420,0
DA:421,0
DA:422,0
DA:428,0
DA:430,0
DA:434,0
DA:441,0
DA:511,0
DA:526,0
DA:549,0
DA:554,0
DA:558,0
DA:563,0
LF:110
LH:0
BRDA:93,0,0,0
BRDA:93,0,1,0
BRDA:93,1,0,0
BRDA:93,1,1,0
BRDA:95,2,0,0
BRDA:95,2,1,0
BRDA:96,3,0,0
BRDA:96,3,1,0
BRDA:108,4,0,0
BRDA:108,4,1,0
BRDA:109,5,0,0
BRDA:109,5,1,0
BRDA:155,6,0,0
BRDA:155,6,1,0
BRDA:160,7,0,0
BRDA:160,7,1,0
BRDA:170,8,0,0
BRDA:170,8,1,0
BRDA:183,9,0,0
BRDA:183,9,1,0
BRDA:183,9,2,0
BRDA:241,10,0,0
BRDA:241,10,1,0
BRDA:242,11,0,0
BRDA:242,11,1,0
BRDA:242,11,2,0
BRDA:242,11,3,0
BRDA:269,12,0,0
BRDA:269,12,1,0
BRDA:273,13,0,0
BRDA:273,13,1,0
BRDA:275,14,0,0
BRDA:275,14,1,0
BRDA:277,15,0,0
BRDA:277,15,1,0
BRDA:363,16,0,0
BRDA:363,16,1,0
BRDA:421,17,0,0
BRDA:421,17,1,0
BRDA:538,18,0,0
BRDA:538,18,1,0
BRF:41
BRH:0
end_of_record
TN:
SF:src/views/community/beneficiary/cards/BlockedAccount.tsx
FN:20,BlockedAccount
FNF:1
FNH:0
FNDA:0,BlockedAccount
DA:21,0
DA:38,0
LF:2
LH:0
BRF:0
BRH:0
end_of_record
TN:
SF:src/views/community/details/index.tsx
FN:44,CommunityDetailsScreen
FN:46,(anonymous_1)
FN:48,(anonymous_2)
FN:59,(anonymous_3)
FN:62,(anonymous_4)
FN:72,(anonymous_5)
FN:78,(anonymous_6)
FN:81,(anonymous_7)
FN:82,(anonymous_8)
FN:85,(anonymous_9)
FN:123,(anonymous_10)
FN:177,(anonymous_11)
FN:200,(anonymous_12)
FN:203,(anonymous_13)
FN:242,(anonymous_14)
FN:307,(anonymous_15)
FN:326,(anonymous_16)
FN:328,(anonymous_17)
FN:329,(anonymous_18)
FNF:19
FNH:0
FNDA:0,CommunityDetailsScreen
FNDA:0,(anonymous_1)
FNDA:0,(anonymous_2)
FNDA:0,(anonymous_3)
FNDA:0,(anonymous_4)
FNDA:0,(anonymous_5)
FNDA:0,(anonymous_6)
FNDA:0,(anonymous_7)
FNDA:0,(anonymous_8)
FNDA:0,(anonymous_9)
FNDA:0,(anonymous_10)
FNDA:0,(anonymous_11)
FNDA:0,(anonymous_12)
FNDA:0,(anonymous_13)
FNDA:0,(anonymous_14)
FNDA:0,(anonymous_15)
FNDA:0,(anonymous_16)
FNDA:0,(anonymous_17)
FNDA:0,(anonymous_18)
DA:45,0
DA:46,0
DA:47,0
DA:48,0
DA:51,0
DA:52,0
DA:53,0
DA:54,0
DA:57,0
DA:59,0
DA:60,0
DA:64,0
DA:65,0
DA:66,0
DA:72,0
DA:73,0
DA:78,0
DA:79,0
DA:81,0
DA:82,0
DA:85,0
DA:86,0
DA:91,0
DA:123,0
DA:155,0
DA:160,0
DA:177,0
DA:178,0
DA:179,0
DA:184,0
DA:189,0
DA:190,0
DA:192,0
DA:195,0
DA:200,0
DA:203,0
DA:243,0
DA:308,0
DA:326,0
DA:327,0
DA:328,0
DA:329,0
DA:334,0
LF:43
LH:0
BRDA:65,0,0,0
BRDA:65,0,1,0
BRDA:86,1,0,0
BRDA:86,1,1,0
BRDA:87,2,0,0
BRDA:87,2,1,0
BRDA:87,2,2,0
BRDA:155,3,0,0
BRDA:155,3,1,0
BRDA:156,4,0,0
BRDA:156,4,1,0
BRDA:156,4,2,0
BRDA:184,5,0,0
BRDA:184,5,1,0
BRDA:186,6,0,0
BRDA:186,6,1,0
BRDA:189,7,0,0
BRDA:189,7,1,0
BRDA:189,8,0,0
BRDA:189,8,1,0
BRDA:229,9,0,0
BRDA:229,9,1,0
BRDA:248,10,0,0
BRDA:248,10,1,0
BRDA:279,11,0,0
BRDA:279,11,1,0
BRF:26
BRH:0
end_of_record
TN:
SF:src/views/community/details/donate/index.tsx
FN:18,Donate
FN:32,(anonymous_1)
FNF:2
FNH:0
FNDA:0,Donate
FNDA:0,(anonymous_1)
DA:19,0
DA:20,0
DA:33,0
DA:52,0
LF:4
LH:0
BRF:0
BRH:0
end_of_record
TN:
SF:src/views/community/details/donate/waitingTx.tsx
FN:12,WaitingTxScreen
FN:15,(anonymous_1)
FN:18,(anonymous_2)
FN:93,(anonymous_3)
FN:102,(anonymous_4)
FNF:5
FNH:0
FNDA:0,WaitingTxScreen
FNDA:0,(anonymous_1)
FNDA:0,(anonymous_2)
FNDA:0,(anonymous_3)
FNDA:0,(anonymous_4)
DA:13,0
DA:14,0
DA:15,0
DA:17,0
DA:18,0
DA:21,0
DA:93,0
DA:102,0
DA:103,0
LF:9
LH:0
BRDA:36,0,0,0
BRDA:36,0,1,0
BRDA:65,1,0,0
BRDA:65,1,1,0
BRDA:77,2,0,0
BRDA:77,2,1,0
BRDA:91,3,0,0
BRDA:91,3,1,0
BRF:8
BRH:0
end_of_record
TN:
SF:src/views/community/details/donate/modals/confirm.tsx
FN:31,(anonymous_0)
FN:38,(anonymous_1)
FN:59,(anonymous_2)
FN:71,(anonymous_3)
FN:78,(anonymous_4)
FN:87,(anonymous_5)
FN:99,(anonymous_6)
FN:102,(anonymous_7)
FN:220,(anonymous_8)
FN:236,(anonymous_9)
FN:240,(anonymous_10)
FN:242,(anonymous_11)
FN:243,(anonymous_12)
FN:248,(anonymous_13)
FNF:14
FNH:0
FNDA:0,(anonymous_0)
FNDA:0,(anonymous_1)
FNDA:0,(anonymous_2)
FNDA:0,(anonymous_3)
FNDA:0,(anonymous_4)
FNDA:0,(anonymous_5)
FNDA:0,(anonymous_6)
FNDA:0,(anonymous_7)
FNDA:0,(anonymous_8)
FNDA:0,(anonymous_9)
FNDA:0,(anonymous_10)
FNDA:0,(anonymous_11)
FNDA:0,(anonymous_12)
FNDA:0,(anonymous_13)
DA:32,0
DA:33,0
DA:38,0
DA:45,0
DA:46,0
DA:47,0
DA:50,0
DA:51,0
DA:52,0
DA:53,0
DA:59,0
DA:60,0
DA:61,0
DA:63,0
DA:64,0
DA:72,0
DA:73,0
DA:74,0
DA:78,0
DA:79,0
DA:82,0
DA:84,0
DA:85,0
DA:88,0
DA:89,0
DA:91,0
DA:92,0
DA:99,0
DA:115,0
DA:116,0
DA:122,0
DA:123,0
DA:126,0
DA:208,0
DA:220,0
DA:221,0
DA:222,0
DA:223,0
DA:224,0
DA:225,0
DA:236,0
DA:239,0
DA:241,0
DA:242,0
DA:244,0
DA:249,0
DA:253,0
LF:47
LH:0
BRDA:46,0,0,0
BRDA:46,0,1,0
BRDA:73,1,0,0
BRDA:73,1,1,0
BRDA:122,2,0,0
BRDA:122,2,1,0
BRF:6
BRH:0
end_of_record
TN:
SF:src/views/community/details/donate/modals/donate.tsx
FN:34,(anonymous_0)
FN:43,(anonymous_1)
FN:49,(anonymous_2)
FN:57,(anonymous_3)
FN:104,(anonymous_4)
FN:160,(anonymous_5)
FN:177,(anonymous_6)
FN:182,(anonymous_7)
FN:208,(anonymous_8)
FN:250,(anonymous_9)
FN:382,(anonymous_10)
FN:399,(anonymous_11)
FN:401,(anonymous_12)
FN:411,(anonymous_13)
FN:413,(anonymous_14)
FNF:15
FNH:0
FNDA:0,(anonymous_0)
FNDA:0,(anonymous_1)
FNDA:0,(anonymous_2)
FNDA:0,(anonymous_3)
FNDA:0,(anonymous_4)
FNDA:0,(anonymous_5)
FNDA:0,(anonymous_6)
FNDA:0,(anonymous_7)
FNDA:0,(anonymous_8)
FNDA:0,(anonymous_9)
FNDA:0,(anonymous_10)
FNDA:0,(anonymous_11)
FNDA:0,(anonymous_12)
FNDA:0,(anonymous_13)
FNDA:0,(anonymous_14)
DA:22,0
DA:35,0
DA:36,0
DA:43,0
DA:44,0
DA:45,0
DA:49,0
DA:50,0
DA:51,0
DA:52,0
DA:53,0
DA:57,0
DA:58,0
DA:59,0
DA:60,0
DA:62,0
DA:64,0
DA:66,0
DA:72,0
DA:75,0
DA:80,0
DA:84,0
DA:95,0
DA:114,0
DA:115,0
DA:117,0
DA:118,0
DA:122,0
DA:126,0
DA:133,0
DA:161,0
DA:173,0
DA:178,0
DA:183,0
DA:209,0
DA:210,0
DA:251,0
DA:370,0
DA:382,0
DA:383,0
DA:384,0
DA:385,0
DA:386,0
DA:387,0
DA:399,0
DA:400,0
DA:407,0
DA:412,0
DA:413,0
DA:417,0
LF:50
LH:0
BRDA:44,0,0,0
BRDA:44,0,1,0
BRDA:50,1,0,0
BRDA:50,1,1,0
BRDA:59,2,0,0
BRDA:59,2,1,0
BRDA:66,3,0,0
BRDA:66,3,1,0
BRDA:81,4,0,0
BRDA:81,4,1,0
BRDA:86,5,0,0
BRDA:86,5,1,0
BRDA:117,6,0,0
BRDA:117,6,1,0
BRDA:133,7,0,0
BRDA:133,7,1,0
BRDA:141,8,0,0
BRDA:141,8,1,0
BRDA:141,8,2,0
BRDA:141,8,3,0
BRDA:265,9,0,0
BRDA:265,9,1,0
BRDA:265,10,0,0
BRDA:265,10,1,0
BRDA:265,10,2,0
BRDA:299,11,0,0
BRDA:299,11,1,0
BRDA:299,12,0,0
BRDA:299,12,1,0
BRDA:299,12,2,0
BRDA:299,12,3,0
BRDA:330,13,0,0
BRDA:330,13,1,0
BRDA:330,14,0,0
BRDA:330,14,1,0
BRDA:343,15,0,0
BRDA:343,15,1,0
BRDA:358,16,0,0
BRDA:358,16,1,0
BRF:39
BRH:0
end_of_record
TN:
SF:src/views/community/details/donate/modals/error.tsx
FN:14,(anonymous_0)
FN:64,(anonymous_1)
FN:73,(anonymous_2)
FN:75,(anonymous_3)
FN:77,(anonymous_4)
FNF:5
FNH:0
FNDA:0,(anonymous_0)
FNDA:0,(anonymous_1)
FNDA:0,(anonymous_2)
FNDA:0,(anonymous_3)
FNDA:0,(anonymous_4)
DA:20,0
DA:22,0
DA:56,0
DA:64,0
DA:65,0
DA:66,0
DA:67,0
DA:73,0
DA:74,0
DA:76,0
DA:77,0
DA:81,0
LF:12
LH:0
BRF:0
BRH:0
end_of_record
TN:
SF:src/views/community/manager/index.tsx
FN:37,CommunityManagerScreen
FN:41,(anonymous_1)
FN:43,(anonymous_2)
FN:46,(anonymous_3)
FN:48,(anonymous_4)
FN:50,(anonymous_5)
FN:53,(anonymous_6)
FN:57,(anonymous_7)
FN:71,(anonymous_8)
FN:73,(anonymous_9)
FN:85,(anonymous_10)
FN:95,(anonymous_11)
FN:96,loadCommunityRulesStats
FN:107,(anonymous_13)
FN:108,(anonymous_14)
FN:123,(anonymous_15)
FN:139,(anonymous_16)
FN:144,(anonymous_17)
FN:147,(anonymous_18)
FN:157,(anonymous_19)
FN:166,(anonymous_20)
FN:171,(anonymous_21)
FN:309,(anonymous_22)
FN:348,(anonymous_23)
FN:361,(anonymous_24)
FNF:25
FNH:0
FNDA:0,CommunityManagerScreen
FNDA:0,(anonymous_1)
FNDA:0,(anonymous_2)
FNDA:0,(anonymous_3)
FNDA:0,(anonymous_4)
FNDA:0,(anonymous_5)
FNDA:0,(anonymous_6)
FNDA:0,(anonymous_7)
FNDA:0,(anonymous_8)
FNDA:0,(anonymous_9)
FNDA:0,(anonymous_10)
FNDA:0,(anonymous_11)
FNDA:0,loadCommunityRulesStats
FNDA:0,(anonymous_13)
FNDA:0,(anonymous_14)
FNDA:0,(anonymous_15)
FNDA:0,(anonymous_16)
FNDA:0,(anonymous_17)
FNDA:0,(anonymous_18)
FNDA:0,(anonymous_19)
FNDA:0,(anonymous_20)
FNDA:0,(anonymous_21)
FNDA:0,(anonymous_22)
FNDA:0,(anonymous_23)
FNDA:0,(anonymous_24)
DA:38,0
DA:39,0
DA:40,0
DA:41,0
DA:42,0
DA:43,0
DA:45,0
DA:46,0
DA:48,0
DA:49,0
DA:50,0
DA:52,0
DA:53,0
DA:56,0
DA:57,0
DA:60,0
DA:61,0
DA:67,0
DA:69,0
DA:71,0
DA:72,0
DA:73,0
DA:74,0
DA:75,0
DA:79,0
DA:85,0
DA:86,0
DA:90,0
DA:91,0
DA:95,0
DA:97,0
DA:98,0
DA:99,0
DA:104,0
DA:107,0
DA:108,0
DA:109,0
DA:110,0
DA:114,0
DA:119,0
DA:123,0
DA:124,0
DA:125,0
DA:127,0
DA:140,0
DA:141,0
DA:144,0
DA:145,0
DA:147,0
DA:150,0
DA:158,0
DA:159,0
DA:167,0
DA:171,0
DA:172,0
DA:177,0
DA:282,0
DA:310,0
DA:322,0
DA:327,0
DA:345,0
DA:348,0
DA:349,0
DA:362,0
DA:367,0
LF:65
LH:0
BRDA:72,0,0,0
BRDA:72,0,1,0
BRDA:72,1,0,0
BRDA:72,1,1,0
BRDA:97,2,0,0
BRDA:97,2,1,0
BRDA:124,3,0,0
BRDA:124,3,1,0
BRDA:124,4,0,0
BRDA:124,4,1,0
BRDA:140,5,0,0
BRDA:140,5,1,0
BRDA:172,6,0,0
BRDA:172,6,1,0
BRDA:173,7,0,0
BRDA:173,7,1,0
BRDA:173,7,2,0
BRDA:201,8,0,0
BRDA:201,8,1,0
BRDA:212,9,0,0
BRDA:212,9,1,0
BRDA:212,9,2,0
BRDA:262,10,0,0
BRDA:262,10,1,0
BRDA:315,11,0,0
BRDA:315,11,1,0
BRDA:322,12,0,0
BRDA:322,12,1,0
BRDA:323,13,0,0
BRDA:323,13,1,0
BRDA:323,13,2,0
BRF:31
BRH:0
end_of_record
TN:
SF:src/views/community/manager/cards/Beneficiaries.tsx
FN:18,Beneficiaries
FN:50,(anonymous_1)
FN:62,(anonymous_2)
FN:77,(anonymous_3)
FN:92,(anonymous_4)
FNF:5
FNH:0
FNDA:0,Beneficiaries
FNDA:0,(anonymous_1)
FNDA:0,(anonymous_2)
FNDA:0,(anonymous_3)
FNDA:0,(anonymous_4)
DA:19,0
DA:26,0
DA:28,0
DA:51,0
DA:63,0
DA:78,0
DA:93,0
LF:7
LH:0
BRDA:69,0,0,0
BRDA:69,0,1,0
BRDA:104,1,0,0
BRDA:104,1,1,0
BRF:4
BRH:0
end_of_record
TN:
SF:src/views/community/manager/cards/Managers.tsx
FN:13,Managers
FN:40,(anonymous_1)
FN:53,(anonymous_2)
FNF:3
FNH:0
FNDA:0,Managers
FNDA:0,(anonymous_1)
FNDA:0,(anonymous_2)
DA:14,0
DA:16,0
DA:18,0
DA:41,0
DA:53,0
LF:5
LH:0
BRF:0
BRH:0
end_of_record
TN:
SF:src/views/community/manager/cards/SuspiciousActivity.tsx
FN:17,SuspiciousActivity
FNF:1
FNH:0
FNDA:0,SuspiciousActivity
DA:18,0
DA:35,0
LF:2
LH:0
BRF:0
BRH:0
end_of_record
TN:
SF:src/views/community/manager/views/AddBeneficiaryScreen.tsx
FN:19,AddBeneficiaryScreen
FN:23,(anonymous_1)
FN:26,(anonymous_2)
FN:29,(anonymous_3)
FN:32,(anonymous_4)
FN:34,(anonymous_5)
FN:41,(anonymous_6)
FN:102,(anonymous_7)
FN:107,(anonymous_8)
FN:110,(anonymous_9)
FN:121,(anonymous_10)
FN:155,(anonymous_11)
FN:203,(anonymous_12)
FN:213,(anonymous_13)
FN:230,(anonymous_14)
FN:242,(anonymous_15)
FN:243,(anonymous_16)
FN:248,(anonymous_17)
FN:250,(anonymous_18)
FNF:19
FNH:0
FNDA:0,AddBeneficiaryScreen
FNDA:0,(anonymous_1)
FNDA:0,(anonymous_2)
FNDA:0,(anonymous_3)
FNDA:0,(anonymous_4)
FNDA:0,(anonymous_5)
FNDA:0,(anonymous_6)
FNDA:0,(anonymous_7)
FNDA:0,(anonymous_8)
FNDA:0,(anonymous_9)
FNDA:0,(anonymous_10)
FNDA:0,(anonymous_11)
FNDA:0,(anonymous_12)
FNDA:0,(anonymous_13)
FNDA:0,(anonymous_14)
FNDA:0,(anonymous_15)
FNDA:0,(anonymous_16)
FNDA:0,(anonymous_17)
FNDA:0,(anonymous_18)
DA:20,0
DA:21,0
DA:22,0
DA:23,0
DA:25,0
DA:26,0
DA:28,0
DA:29,0
DA:31,0
DA:32,0
DA:34,0
DA:36,0
DA:37,0
DA:38,0
DA:39,0
DA:41,0
DA:44,0
DA:45,0
DA:48,0
DA:49,0
DA:55,0
DA:58,0
DA:59,0
DA:61,0
DA:67,0
DA:70,0
DA:71,0
DA:72,0
DA:74,0
DA:80,0
DA:83,0
DA:84,0
DA:85,0
DA:91,0
DA:94,0
DA:95,0
DA:103,0
DA:104,0
DA:107,0
DA:108,0
DA:110,0
DA:113,0
DA:119,0
DA:122,0
DA:123,0
DA:124,0
DA:125,0
DA:129,0
DA:130,0
DA:131,0
DA:133,0
DA:134,0
DA:136,0
DA:137,0
DA:140,0
DA:142,0
DA:144,0
DA:146,0
DA:148,0
DA:156,0
DA:161,0
DA:163,0
DA:203,0
DA:213,0
DA:230,0
DA:242,0
DA:243,0
DA:248,0
DA:249,0
DA:250,0
LF:70
LH:0
BRDA:44,0,0,0
BRDA:44,0,1,0
BRDA:48,1,0,0
BRDA:48,1,1,0
BRDA:71,2,0,0
BRDA:71,2,1,0
BRDA:84,3,0,0
BRDA:84,3,1,0
BRDA:103,4,0,0
BRDA:103,4,1,0
BRDA:123,5,0,0
BRDA:123,5,1,0
BRDA:125,6,0,0
BRDA:125,6,1,0
BRDA:126,7,0,0
BRDA:126,7,1,0
BRDA:130,8,0,0
BRDA:130,8,1,0
BRDA:133,9,0,0
BRDA:133,9,1,0
BRDA:136,10,0,0
BRDA:136,10,1,0
BRDA:137,11,0,0
BRDA:137,11,1,0
BRDA:144,12,0,0
BRDA:144,12,1,0
BRDA:165,13,0,0
BRDA:165,13,1,0
BRDA:235,14,0,0
BRDA:235,14,1,0
BRDA:235,14,2,0
BRF:31
BRH:0
end_of_record
TN:
SF:src/views/community/manager/views/AddManagerScreen.tsx
FN:17,AddManagerScreen
FN:21,(anonymous_1)
FN:24,(anonymous_2)
FN:27,(anonymous_3)
FN:30,(anonymous_4)
FN:32,(anonymous_5)
FN:38,(anonymous_6)
FN:99,(anonymous_7)
FN:104,(anonymous_8)
FN:107,(anonymous_9)
FN:118,(anonymous_10)
FN:152,(anonymous_11)
FN:199,(anonymous_12)
FN:209,(anonymous_13)
FN:225,(anonymous_14)
FN:232,(anonymous_15)
FN:233,(anonymous_16)
FN:238,(anonymous_17)
FN:240,(anonymous_18)
FNF:19
FNH:0
FNDA:0,AddManagerScreen
FNDA:0,(anonymous_1)
FNDA:0,(anonymous_2)
FNDA:0,(anonymous_3)
FNDA:0,(anonymous_4)
FNDA:0,(anonymous_5)
FNDA:0,(anonymous_6)
FNDA:0,(anonymous_7)
FNDA:0,(anonymous_8)
FNDA:0,(anonymous_9)
FNDA:0,(anonymous_10)
FNDA:0,(anonymous_11)
FNDA:0,(anonymous_12)
FNDA:0,(anonymous_13)
FNDA:0,(anonymous_14)
FNDA:0,(anonymous_15)
FNDA:0,(anonymous_16)
FNDA:0,(anonymous_17)
FNDA:0,(anonymous_18)
DA:18,0
DA:19,0
DA:20,0
DA:21,0
DA:23,0
DA:24,0
DA:26,0
DA:27,0
DA:29,0
DA:30,0
DA:32,0
DA:34,0
DA:35,0
DA:36,0
DA:38,0
DA:41,0
DA:42,0
DA:45,0
DA:46,0
DA:52,0
DA:55,0
DA:56,0
DA:58,0
DA:64,0
DA:67,0
DA:68,0
DA:69,0
DA:75,0
DA:78,0
DA:80,0
DA:81,0
DA:82,0
DA:88,0
DA:89,0
DA:92,0
DA:100,0
DA:101,0
DA:104,0
DA:105,0
DA:107,0
DA:110,0
DA:116,0
DA:119,0
DA:120,0
DA:121,0
DA:122,0
DA:126,0
DA:127,0
DA:128,0
DA:130,0
DA:131,0
DA:133,0
DA:134,0
DA:137,0
DA:139,0
DA:141,0
DA:143,0
DA:145,0
DA:153,0
DA:158,0
DA:160,0
DA:199,0
DA:209,0
DA:225,0
DA:232,0
DA:233,0
DA:238,0
DA:239,0
DA:240,0
LF:69
LH:0
BRDA:41,0,0,0
BRDA:41,0,1,0
BRDA:45,1,0,0
BRDA:45,1,1,0
BRDA:68,2,0,0
BRDA:68,2,1,0
BRDA:81,3,0,0
BRDA:81,3,1,0
BRDA:100,4,0,0
BRDA:100,4,1,0
BRDA:120,5,0,0
BRDA:120,5,1,0
BRDA:122,6,0,0
BRDA:122,6,1,0
BRDA:123,7,0,0
BRDA:123,7,1,0
BRDA:127,8,0,0
BRDA:127,8,1,0
BRDA:130,9,0,0
BRDA:130,9,1,0
BRDA:133,10,0,0
BRDA:133,10,1,0
BRDA:134,11,0,0
BRDA:134,11,1,0
BRDA:141,12,0,0
BRDA:141,12,1,0
BRDA:162,13,0,0
BRDA:162,13,1,0
BRDA:220,14,0,0
BRDA:220,14,1,0
BRF:30
BRH:0
end_of_record
TN:
SF:src/views/community/manager/views/AddedBeneficiaryScreen.tsx
FN:32,AddedBeneficiaryScreen
FN:37,(anonymous_1)
FN:38,(anonymous_2)
FN:40,(anonymous_3)
FN:42,(anonymous_4)
FN:44,(anonymous_5)
FN:63,(anonymous_6)
FN:65,(anonymous_7)
FN:76,(anonymous_8)
FN:77,(anonymous_9)
FN:78,(anonymous_10)
FN:90,(anonymous_11)
FN:108,(anonymous_12)
FN:118,(anonymous_13)
FN:131,(anonymous_14)
FN:134,(anonymous_15)
FN:137,(anonymous_16)
FN:148,(anonymous_17)
FN:184,(anonymous_18)
FN:187,(anonymous_19)
FN:209,(anonymous_20)
FN:214,(anonymous_21)
FN:224,(anonymous_22)
FN:228,(anonymous_23)
FN:248,(anonymous_24)
FN:255,(anonymous_25)
FN:260,(anonymous_26)
FN:273,(anonymous_27)
FN:279,(anonymous_28)
FN:288,(anonymous_29)
FN:293,(anonymous_30)
FN:309,(anonymous_31)
FN:328,(anonymous_32)
FN:369,(anonymous_33)
FN:382,(anonymous_34)
FN:384,(anonymous_35)
FNF:36
FNH:0
FNDA:0,AddedBeneficiaryScreen
FNDA:0,(anonymous_1)
FNDA:0,(anonymous_2)
FNDA:0,(anonymous_3)
FNDA:0,(anonymous_4)
FNDA:0,(anonymous_5)
FNDA:0,(anonymous_6)
FNDA:0,(anonymous_7)
FNDA:0,(anonymous_8)
FNDA:0,(anonymous_9)
FNDA:0,(anonymous_10)
FNDA:0,(anonymous_11)
FNDA:0,(anonymous_12)
FNDA:0,(anonymous_13)
FNDA:0,(anonymous_14)
FNDA:0,(anonymous_15)
FNDA:0,(anonymous_16)
FNDA:0,(anonymous_17)
FNDA:0,(anonymous_18)
FNDA:0,(anonymous_19)
FNDA:0,(anonymous_20)
FNDA:0,(anonymous_21)
FNDA:0,(anonymous_22)
FNDA:0,(anonymous_23)
FNDA:0,(anonymous_24)
FNDA:0,(anonymous_25)
FNDA:0,(anonymous_26)
FNDA:0,(anonymous_27)
FNDA:0,(anonymous_28)
FNDA:0,(anonymous_29)
FNDA:0,(anonymous_30)
FNDA:0,(anonymous_31)
FNDA:0,(anonymous_32)
FNDA:0,(anonymous_33)
FNDA:0,(anonymous_34)
FNDA:0,(anonymous_35)
DA:33,0
DA:34,0
DA:37,0
DA:38,0
DA:39,0
DA:40,0
DA:42,0
DA:43,0
DA:44,0
DA:47,0
DA:48,0
DA:49,0
DA:52,0
DA:53,0
DA:54,0
DA:55,0
DA:58,0
DA:61,0
DA:63,0
DA:64,0
DA:65,0
DA:66,0
DA:67,0
DA:69,0
DA:70,0
DA:71,0
DA:72,0
DA:76,0
DA:77,0
DA:78,0
DA:79,0
DA:80,0
DA:82,0
DA:83,0
DA:84,0
DA:87,0
DA:90,0
DA:94,0
DA:95,0
DA:101,0
DA:104,0
DA:106,0
DA:107,0
DA:108,0
DA:109,0
DA:119,0
DA:120,0
DA:122,0
DA:131,0
DA:132,0
DA:134,0
DA:135,0
DA:136,0
DA:137,0
DA:138,0
DA:139,0
DA:141,0
DA:142,0
DA:143,0
DA:144,0
DA:149,0
DA:150,0
DA:151,0
DA:152,0
DA:156,0
DA:157,0
DA:158,0
DA:160,0
DA:161,0
DA:163,0
DA:164,0
DA:167,0
DA:169,0
DA:171,0
DA:173,0
DA:175,0
DA:185,0
DA:186,0
DA:187,0
DA:191,0
DA:192,0
DA:209,0
DA:210,0
DA:211,0
DA:212,0
DA:215,0
DA:216,0
DA:218,0
DA:219,0
DA:220,0
DA:224,0
DA:228,0
DA:235,0
DA:249,0
DA:255,0
DA:261,0
DA:273,0
DA:274,0
DA:275,0
DA:277,0
DA:280,0
DA:281,0
DA:282,0
DA:283,0
DA:284,0
DA:286,0
DA:293,0
DA:294,0
DA:295,0
DA:296,0
DA:297,0
DA:298,0
DA:301,0
DA:309,0
DA:310,0
DA:311,0
DA:322,0
DA:328,0
DA:347,0
DA:370,0
DA:371,0
DA:373,0
DA:382,0
DA:383,0
DA:384,0
DA:389,0
LF:126
LH:0
BRDA:66,0,0,0
BRDA:66,0,1,0
BRDA:79,1,0,0
BRDA:79,1,1,0
BRDA:94,2,0,0
BRDA:94,2,1,0
BRDA:119,3,0,0
BRDA:119,3,1,0
BRDA:138,4,0,0
BRDA:138,4,1,0
BRDA:150,5,0,0
BRDA:150,5,1,0
BRDA:152,6,0,0
BRDA:152,6,1,0
BRDA:153,7,0,0
BRDA:153,7,1,0
BRDA:157,8,0,0
BRDA:157,8,1,0
BRDA:160,9,0,0
BRDA:160,9,1,0
BRDA:163,10,0,0
BRDA:163,10,1,0
BRDA:164,11,0,0
BRDA:164,11,1,0
BRDA:171,12,0,0
BRDA:171,12,1,0
BRDA:191,13,0,0
BRDA:191,13,1,0
BRDA:191,14,0,0
BRDA:191,14,1,0
BRDA:210,15,0,0
BRDA:210,15,1,0
BRDA:210,16,0,0
BRDA:210,16,1,0
BRDA:215,17,0,0
BRDA:215,17,1,0
BRDA:239,18,0,0
BRDA:239,18,1,0
BRDA:261,19,0,0
BRDA:261,19,1,0
BRDA:268,20,0,0
BRDA:268,20,1,0
BRDA:274,21,0,0
BRDA:274,21,1,0
BRDA:281,22,0,0
BRDA:281,22,1,0
BRDA:295,23,0,0
BRDA:295,23,1,0
BRDA:297,24,0,0
BRDA:297,24,1,0
BRDA:297,25,0,0
BRDA:297,25,1,0
BRDA:301,26,0,0
BRDA:301,26,1,0
BRDA:310,27,0,0
BRDA:310,27,1,0
BRDA:310,28,0,0
BRDA:310,28,1,0
BRDA:324,29,0,0
BRDA:324,29,1,0
BRDA:370,30,0,0
BRDA:370,30,1,0
BRDA:370,31,0,0
BRDA:370,31,1,0
BRF:64
BRH:0
end_of_record
TN:
SF:src/views/community/manager/views/AddedManagerScreen.tsx
FN:26,AddedManagerScreen
FN:29,(anonymous_1)
FN:30,(anonymous_2)
FN:31,(anonymous_3)
FN:41,(anonymous_4)
FN:43,(anonymous_5)
FN:55,(anonymous_6)
FN:56,(anonymous_7)
FN:59,(anonymous_8)
FN:72,(anonymous_9)
FN:90,(anonymous_10)
FN:98,(anonymous_11)
FN:112,(anonymous_12)
FN:115,(anonymous_13)
FN:120,(anonymous_14)
FN:131,(anonymous_15)
FN:165,(anonymous_16)
FN:168,(anonymous_17)
FN:190,(anonymous_18)
FN:195,(anonymous_19)
FN:203,(anonymous_20)
FN:207,(anonymous_21)
FN:219,(anonymous_22)
FN:227,(anonymous_23)
FN:242,(anonymous_24)
FN:268,(anonymous_25)
FN:283,(anonymous_26)
FN:285,(anonymous_27)
FNF:28
FNH:0
FNDA:0,AddedManagerScreen
FNDA:0,(anonymous_1)
FNDA:0,(anonymous_2)
FNDA:0,(anonymous_3)
FNDA:0,(anonymous_4)
FNDA:0,(anonymous_5)
FNDA:0,(anonymous_6)
FNDA:0,(anonymous_7)
FNDA:0,(anonymous_8)
FNDA:0,(anonymous_9)
FNDA:0,(anonymous_10)
FNDA:0,(anonymous_11)
FNDA:0,(anonymous_12)
FNDA:0,(anonymous_13)
FNDA:0,(anonymous_14)
FNDA:0,(anonymous_15)
FNDA:0,(anonymous_16)
FNDA:0,(anonymous_17)
FNDA:0,(anonymous_18)
FNDA:0,(anonymous_19)
FNDA:0,(anonymous_20)
FNDA:0,(anonymous_21)
FNDA:0,(anonymous_22)
FNDA:0,(anonymous_23)
FNDA:0,(anonymous_24)
FNDA:0,(anonymous_25)
FNDA:0,(anonymous_26)
FNDA:0,(anonymous_27)
DA:27,0
DA:28,0
DA:29,0
DA:30,0
DA:31,0
DA:32,0
DA:33,0
DA:34,0
DA:37,0
DA:38,0
DA:39,0
DA:41,0
DA:42,0
DA:43,0
DA:44,0
DA:45,0
DA:47,0
DA:48,0
DA:49,0
DA:50,0
DA:51,0
DA:55,0
DA:56,0
DA:57,0
DA:60,0
DA:61,0
DA:63,0
DA:64,0
DA:65,0
DA:66,0
DA:69,0
DA:72,0
DA:76,0
DA:77,0
DA:83,0
DA:86,0
DA:88,0
DA:89,0
DA:90,0
DA:91,0
DA:99,0
DA:100,0
DA:102,0
DA:110,0
DA:112,0
DA:113,0
DA:115,0
DA:116,0
DA:117,0
DA:118,0
DA:121,0
DA:122,0
DA:124,0
DA:125,0
DA:126,0
DA:127,0
DA:132,0
DA:133,0
DA:134,0
DA:135,0
DA:139,0
DA:140,0
DA:141,0
DA:143,0
DA:144,0
DA:146,0
DA:147,0
DA:150,0
DA:152,0
DA:154,0
DA:156,0
DA:158,0
DA:166,0
DA:167,0
DA:168,0
DA:172,0
DA:173,0
DA:190,0
DA:191,0
DA:192,0
DA:193,0
DA:196,0
DA:197,0
DA:199,0
DA:200,0
DA:201,0
DA:203,0
DA:207,0
DA:214,0
DA:220,0
DA:227,0
DA:242,0
DA:243,0
DA:244,0
DA:245,0
DA:246,0
DA:247,0
DA:249,0
DA:250,0
DA:254,0
DA:262,0
DA:268,0
DA:283,0
DA:284,0
DA:285,0
DA:290,0
LF:106
LH:0
BRDA:44,0,0,0
BRDA:44,0,1,0
BRDA:60,1,0,0
BRDA:60,1,1,0
BRDA:76,2,0,0
BRDA:76,2,1,0
BRDA:99,3,0,0
BRDA:99,3,1,0
BRDA:121,4,0,0
BRDA:121,4,1,0
BRDA:133,5,0,0
BRDA:133,5,1,0
BRDA:135,6,0,0
BRDA:135,6,1,0
BRDA:136,7,0,0
BRDA:136,7,1,0
BRDA:140,8,0,0
BRDA:140,8,1,0
BRDA:143,9,0,0
BRDA:143,9,1,0
BRDA:146,10,0,0
BRDA:146,10,1,0
BRDA:147,11,0,0
BRDA:147,11,1,0
BRDA:154,12,0,0
BRDA:154,12,1,0
BRDA:172,13,0,0
BRDA:172,13,1,0
BRDA:172,14,0,0
BRDA:172,14,1,0
BRDA:191,15,0,0
BRDA:191,15,1,0
BRDA:191,16,0,0
BRDA:191,16,1,0
BRDA:196,17,0,0
BRDA:196,17,1,0
BRDA:220,18,0,0
BRDA:220,18,1,0
BRDA:246,19,0,0
BRDA:246,19,1,0
BRDA:248,20,0,0
BRDA:248,20,1,0
BRDA:249,21,0,0
BRDA:249,21,1,0
BRDA:249,22,0,0
BRDA:249,22,1,0
BRDA:254,23,0,0
BRDA:254,23,1,0
BRF:48
BRH:0
end_of_record
TN:
SF:src/views/community/manager/views/BarCodeFinder.tsx
FN:12,(anonymous_0)
FN:16,(anonymous_1)
FN:23,(anonymous_2)
FNF:3
FNH:0
FNDA:0,(anonymous_0)
FNDA:0,(anonymous_1)
FNDA:0,(anonymous_2)
DA:13,0
DA:17,0
DA:24,0
DA:73,0
LF:4
LH:0
BRF:0
BRH:0
end_of_record
TN:
SF:src/views/community/manager/views/RemovedBeneficiaryScreen.tsx
FN:13,RemovedBeneficiaryScreen
FN:15,(anonymous_1)
FN:18,(anonymous_2)
FN:28,(anonymous_3)
FN:30,(anonymous_4)
FN:40,(anonymous_5)
FN:41,(anonymous_6)
FN:42,(anonymous_7)
FN:71,(anonymous_8)
FN:76,(anonymous_9)
FN:83,(anonymous_10)
FN:87,(anonymous_11)
FN:113,(anonymous_12)
FN:134,(anonymous_13)
FN:149,(anonymous_14)
FN:151,(anonymous_15)
FNF:16
FNH:0
FNDA:0,RemovedBeneficiaryScreen
FNDA:0,(anonymous_1)
FNDA:0,(anonymous_2)
FNDA:0,(anonymous_3)
FNDA:0,(anonymous_4)
FNDA:0,(anonymous_5)
FNDA:0,(anonymous_6)
FNDA:0,(anonymous_7)
FNDA:0,(anonymous_8)
FNDA:0,(anonymous_9)
FNDA:0,(anonymous_10)
FNDA:0,(anonymous_11)
FNDA:0,(anonymous_12)
FNDA:0,(anonymous_13)
FNDA:0,(anonymous_14)
FNDA:0,(anonymous_15)
DA:14,0
DA:15,0
DA:17,0
DA:18,0
DA:21,0
DA:22,0
DA:25,0
DA:26,0
DA:28,0
DA:29,0
DA:30,0
DA:31,0
DA:32,0
DA:34,0
DA:35,0
DA:36,0
DA:40,0
DA:41,0
DA:42,0
DA:43,0
DA:44,0
DA:46,0
DA:47,0
DA:50,0
DA:53,0
DA:54,0
DA:71,0
DA:72,0
DA:73,0
DA:74,0
DA:77,0
DA:78,0
DA:80,0
DA:81,0
DA:83,0
DA:87,0
DA:94,0
DA:113,0
DA:114,0
DA:115,0
DA:116,0
DA:117,0
DA:118,0
DA:121,0
DA:129,0
DA:134,0
DA:149,0
DA:150,0
DA:151,0
DA:156,0
LF:50
LH:0
BRDA:31,0,0,0
BRDA:31,0,1,0
BRDA:43,1,0,0
BRDA:43,1,1,0
BRDA:53,2,0,0
BRDA:53,2,1,0
BRDA:72,3,0,0
BRDA:72,3,1,0
BRDA:72,4,0,0
BRDA:72,4,1,0
BRDA:77,5,0,0
BRDA:77,5,1,0
BRDA:98,6,0,0
BRDA:98,6,1,0
BRDA:115,7,0,0
BRDA:115,7,1,0
BRDA:117,8,0,0
BRDA:117,8,1,0
BRDA:117,9,0,0
BRDA:117,9,1,0
BRDA:121,10,0,0
BRDA:121,10,1,0
BRF:22
BRH:0
end_of_record
TN:
SF:src/views/community/manager/views/ScanQR.tsx
FN:23,(anonymous_0)
FN:32,(anonymous_1)
FN:42,(anonymous_2)
FN:51,(anonymous_3)
FN:73,(anonymous_4)
FN:85,(anonymous_5)
FN:95,(anonymous_6)
FN:98,(anonymous_7)
FNF:8
FNH:0
FNDA:0,(anonymous_0)
FNDA:0,(anonymous_1)
FNDA:0,(anonymous_2)
FNDA:0,(anonymous_3)
FNDA:0,(anonymous_4)
FNDA:0,(anonymous_5)
FNDA:0,(anonymous_6)
FNDA:0,(anonymous_7)
DA:23,0
DA:24,0
DA:25,0
DA:27,0
DA:33,0
DA:34,0
DA:42,0
DA:43,0
DA:44,0
DA:45,0
DA:46,0
DA:51,0
DA:52,0
DA:53,0
DA:54,0
DA:55,0
DA:56,0
DA:57,0
DA:59,0
DA:63,0
DA:64,0
DA:66,0
DA:67,0
DA:74,0
DA:85,0
DA:86,0
DA:87,0
DA:88,0
DA:90,0
DA:91,0
DA:96,0
DA:97,0
DA:98,0
DA:99,0
DA:100,0
DA:135,0
DA:182,0
LF:37
LH:0
BRDA:43,0,0,0
BRDA:43,0,1,0
BRDA:45,1,0,0
BRDA:45,1,1,0
BRDA:53,2,0,0
BRDA:53,2,1,0
BRDA:56,3,0,0
BRDA:56,3,1,0
BRDA:87,4,0,0
BRDA:87,4,1,0
BRDA:99,5,0,0
BRDA:99,5,1,0
BRDA:138,6,0,0
BRDA:138,6,1,0
BRF:14
BRH:0
end_of_record
TN:
SF:src/views/createCommunity/index.tsx
FN:102,CreateCommunityScreen
FN:106,(anonymous_1)
FN:109,(anonymous_2)
FN:112,(anonymous_3)
FN:115,(anonymous_4)
FN:117,(anonymous_5)
FN:119,(anonymous_6)
FN:122,(anonymous_7)
FN:125,(anonymous_8)
FN:128,(anonymous_9)
FN:130,(anonymous_10)
FN:222,(anonymous_11)
FN:224,(anonymous_12)
FN:256,(anonymous_13)
FN:257,(anonymous_14)
FN:282,(anonymous_15)
FN:288,(anonymous_16)
FN:299,(anonymous_17)
FN:335,(anonymous_18)
FN:529,(anonymous_19)
FN:556,(anonymous_20)
FN:651,(anonymous_21)
FN:685,(anonymous_22)
FN:701,(anonymous_23)
FN:731,(anonymous_24)
FN:738,(anonymous_25)
FN:745,(anonymous_26)
FN:757,(anonymous_27)
FN:766,(anonymous_28)
FN:777,(anonymous_29)
FN:791,(anonymous_30)
FN:803,(anonymous_31)
FN:812,(anonymous_32)
FN:823,(anonymous_33)
FN:832,(anonymous_34)
FN:844,(anonymous_35)
FN:858,(anonymous_36)
FN:871,(anonymous_37)
FN:880,(anonymous_38)
FN:894,(anonymous_39)
FN:906,(anonymous_40)
FN:912,(anonymous_41)
FN:913,(anonymous_42)
FN:928,(anonymous_43)
FN:934,(anonymous_44)
FN:943,(anonymous_45)
FN:960,(anonymous_46)
FN:976,(anonymous_47)
FN:982,(anonymous_48)
FN:983,(anonymous_49)
FN:998,(anonymous_50)
FN:1004,(anonymous_51)
FN:1013,(anonymous_52)
FN:1031,(anonymous_53)
FN:1049,(anonymous_54)
FN:1060,(anonymous_55)
FN:1107,(anonymous_56)
FN:1148,(anonymous_57)
FN:1192,(anonymous_58)
FN:1234,(anonymous_59)
FN:1293,(anonymous_60)
FN:1359,(anonymous_61)
FN:1381,(anonymous_62)
FN:1434,(anonymous_63)
FN:1435,(anonymous_64)
FN:1471,(anonymous_65)
FN:1518,(anonymous_66)
FN:1577,(anonymous_67)
FN:1608,(anonymous_68)
FN:1713,(anonymous_69)
FN:1716,(anonymous_70)
FN:1742,(anonymous_71)
FN:1743,(anonymous_72)
FN:1767,(anonymous_73)
FN:1795,(anonymous_74)
FN:1872,(anonymous_75)
FN:1875,(anonymous_76)
FN:1900,(anonymous_77)
FN:1929,(anonymous_78)
FN:1943,(anonymous_79)
FN:1946,(anonymous_80)
FN:2001,(anonymous_81)
FN:2014,(anonymous_82)
FN:2026,(anonymous_83)
FN:2040,(anonymous_84)
FN:2043,(anonymous_85)
FN:2130,(anonymous_86)
FN:2135,(anonymous_87)
FN:2169,(anonymous_88)
FN:2179,(anonymous_89)
FN:2192,(anonymous_90)
FN:2238,(anonymous_91)
FN:2248,(anonymous_92)
FN:2287,(anonymous_93)
FN:2289,(anonymous_94)
FNF:95
FNH:2
FNDA:1,CreateCommunityScreen
FNDA:1,(anonymous_1)
FNDA:0,(anonymous_2)
FNDA:0,(anonymous_3)
FNDA:0,(anonymous_4)
FNDA:0,(anonymous_5)
FNDA:0,(anonymous_6)
FNDA:0,(anonymous_7)
FNDA:0,(anonymous_8)
FNDA:0,(anonymous_9)
FNDA:0,(anonymous_10)
FNDA:0,(anonymous_11)
FNDA:0,(anonymous_12)
FNDA:0,(anonymous_13)
FNDA:0,(anonymous_14)
FNDA:0,(anonymous_15)
FNDA:0,(anonymous_16)
FNDA:0,(anonymous_17)
FNDA:0,(anonymous_18)
FNDA:0,(anonymous_19)
FNDA:0,(anonymous_20)
FNDA:0,(anonymous_21)
FNDA:0,(anonymous_22)
FNDA:0,(anonymous_23)
FNDA:0,(anonymous_24)
FNDA:0,(anonymous_25)
FNDA:0,(anonymous_26)
FNDA:0,(anonymous_27)
FNDA:0,(anonymous_28)
FNDA:0,(anonymous_29)
FNDA:0,(anonymous_30)
FNDA:0,(anonymous_31)
FNDA:0,(anonymous_32)
FNDA:0,(anonymous_33)
FNDA:0,(anonymous_34)
FNDA:0,(anonymous_35)
FNDA:0,(anonymous_36)
FNDA:0,(anonymous_37)
FNDA:0,(anonymous_38)
FNDA:0,(anonymous_39)
FNDA:0,(anonymous_40)
FNDA:0,(anonymous_41)
FNDA:0,(anonymous_42)
FNDA:0,(anonymous_43)
FNDA:0,(anonymous_44)
FNDA:0,(anonymous_45)
FNDA:0,(anonymous_46)
FNDA:0,(anonymous_47)
FNDA:0,(anonymous_48)
FNDA:0,(anonymous_49)
FNDA:0,(anonymous_50)
FNDA:0,(anonymous_51)
FNDA:0,(anonymous_52)
FNDA:0,(anonymous_53)
FNDA:0,(anonymous_54)
FNDA:0,(anonymous_55)
FNDA:0,(anonymous_56)
FNDA:0,(anonymous_57)
FNDA:0,(anonymous_58)
FNDA:0,(anonymous_59)
FNDA:0,(anonymous_60)
FNDA:0,(anonymous_61)
FNDA:0,(anonymous_62)
FNDA:0,(anonymous_63)
FNDA:0,(anonymous_64)
FNDA:0,(anonymous_65)
FNDA:0,(anonymous_66)
FNDA:0,(anonymous_67)
FNDA:0,(anonymous_68)
FNDA:0,(anonymous_69)
FNDA:0,(anonymous_70)
FNDA:0,(anonymous_71)
FNDA:0,(anonymous_72)
FNDA:0,(anonymous_73)
FNDA:0,(anonymous_74)
FNDA:0,(anonymous_75)
FNDA:0,(anonymous_76)
FNDA:0,(anonymous_77)
FNDA:0,(anonymous_78)
FNDA:0,(anonymous_79)
FNDA:0,(anonymous_80)
FNDA:0,(anonymous_81)
FNDA:0,(anonymous_82)
FNDA:0,(anonymous_83)
FNDA:0,(anonymous_84)
FNDA:0,(anonymous_85)
FNDA:0,(anonymous_86)
FNDA:0,(anonymous_87)
FNDA:0,(anonymous_88)
FNDA:0,(anonymous_89)
FNDA:0,(anonymous_90)
FNDA:0,(anonymous_91)
FNDA:0,(anonymous_92)
FNDA:0,(anonymous_93)
FNDA:0,(anonymous_94)
DA:91,1
DA:98,1
DA:100,1
DA:103,1
DA:105,1
DA:106,1
DA:108,0
DA:109,0
DA:111,0
DA:112,0
DA:114,0
DA:115,0
DA:117,0
DA:118,0
DA:119,0
DA:121,0
DA:122,0
DA:124,0
DA:125,0
DA:127,0
DA:128,0
DA:130,0
DA:131,0
DA:132,0
DA:140,0
DA:141,0
DA:142,0
DA:143,0
DA:144,0
DA:145,0
DA:148,0
DA:151,0
DA:152,0
DA:155,0
DA:156,0
DA:157,0
DA:158,0
DA:159,0
DA:160,0
DA:161,0
DA:165,0
DA:166,0
DA:168,0
DA:169,0
DA:170,0
DA:173,0
DA:174,0
DA:175,0
DA:178,0
DA:179,0
DA:180,0
DA:183,0
DA:184,0
DA:185,0
DA:186,0
DA:189,0
DA:190,0
DA:191,0
DA:192,0
DA:193,0
DA:195,0
DA:199,0
DA:201,0
DA:202,0
DA:203,0
DA:207,0
DA:208,0
DA:209,0
DA:210,0
DA:211,0
DA:212,0
DA:213,0
DA:214,0
DA:215,0
DA:222,0
DA:223,0
DA:225,0
DA:256,0
DA:257,0
DA:258,0
DA:259,0
DA:263,0
DA:264,0
DA:265,0
DA:267,0
DA:269,0
DA:273,0
DA:274,0
DA:275,0
DA:276,0
DA:282,0
DA:283,0
DA:284,0
DA:288,0
DA:295,0
DA:296,0
DA:297,0
DA:299,0
DA:300,0
DA:301,0
DA:304,0
DA:326,0
DA:333,0
DA:335,0
DA:336,0
DA:337,0
DA:338,0
DA:341,0
DA:342,0
DA:343,0
DA:346,0
DA:347,0
DA:348,0
DA:350,0
DA:351,0
DA:352,0
DA:354,0
DA:355,0
DA:356,0
DA:358,0
DA:359,0
DA:360,0
DA:362,0
DA:363,0
DA:364,0
DA:367,0
DA:368,0
DA:369,0
DA:372,0
DA:373,0
DA:374,0
DA:376,0
DA:377,0
DA:378,0
DA:381,0
DA:382,0
DA:383,0
DA:387,0
DA:398,0
DA:399,0
DA:400,0
DA:401,0
DA:404,0
DA:405,0
DA:411,0
DA:413,0
DA:414,0
DA:420,0
DA:422,0
DA:423,0
DA:429,0
DA:432,0
DA:433,0
DA:434,0
DA:436,0
DA:437,0
DA:438,0
DA:439,0
DA:455,0
DA:456,0
DA:457,0
DA:458,0
DA:459,0
DA:461,0
DA:462,0
DA:468,0
DA:473,0
DA:474,0
DA:475,0
DA:479,0
DA:480,0
DA:484,0
DA:495,0
DA:496,0
DA:517,0
DA:520,0
DA:521,0
DA:525,0
DA:528,0
DA:529,0
DA:530,0
DA:531,0
DA:534,0
DA:535,0
DA:537,0
DA:540,0
DA:541,0
DA:544,0
DA:545,0
DA:546,0
DA:549,0
DA:550,0
DA:551,0
DA:552,0
DA:553,0
DA:556,0
DA:557,0
DA:558,0
DA:559,0
DA:562,0
DA:563,0
DA:564,0
DA:567,0
DA:568,0
DA:569,0
DA:571,0
DA:572,0
DA:573,0
DA:575,0
DA:576,0
DA:577,0
DA:579,0
DA:580,0
DA:581,0
DA:583,0
DA:584,0
DA:585,0
DA:589,0
DA:597,0
DA:598,0
DA:599,0
DA:602,0
DA:603,0
DA:604,0
DA:606,0
DA:607,0
DA:611,0
DA:612,0
DA:616,0
DA:621,0
DA:622,0
DA:626,0
DA:636,0
DA:640,0
DA:641,0
DA:646,0
DA:650,0
DA:651,0
DA:652,0
DA:653,0
DA:657,0
DA:658,0
DA:660,0
DA:670,0
DA:674,0
DA:675,0
DA:680,0
DA:684,0
DA:685,0
DA:686,0
DA:687,0
DA:691,0
DA:692,0
DA:695,0
DA:696,0
DA:697,0
DA:698,0
DA:701,0
DA:702,0
DA:703,0
DA:704,0
DA:705,0
DA:706,0
DA:712,0
DA:715,0
DA:718,0
DA:719,0
DA:721,0
DA:728,0
DA:731,0
DA:732,0
DA:733,0
DA:734,0
DA:736,0
DA:738,0
DA:739,0
DA:740,0
DA:741,0
DA:743,0
DA:745,0
DA:750,0
DA:755,0
DA:756,0
DA:757,0
DA:758,0
DA:759,0
DA:760,0
DA:762,0
DA:766,0
DA:767,0
DA:768,0
DA:769,0
DA:771,0
DA:777,0
DA:778,0
DA:792,0
DA:793,0
DA:794,0
DA:796,0
DA:803,0
DA:804,0
DA:813,0
DA:814,0
DA:823,0
DA:824,0
DA:833,0
DA:834,0
DA:844,0
DA:845,0
DA:859,0
DA:860,0
DA:861,0
DA:863,0
DA:871,0
DA:872,0
DA:881,0
DA:882,0
DA:894,0
DA:895,0
DA:897,0
DA:898,0
DA:899,0
DA:900,0
DA:903,0
DA:904,0
DA:906,0
DA:907,0
DA:908,0
DA:909,0
DA:910,0
DA:912,0
DA:913,0
DA:928,0
DA:929,0
DA:930,0
DA:934,0
DA:938,0
DA:939,0
DA:943,0
DA:946,0
DA:947,0
DA:960,0
DA:961,0
DA:962,0
DA:963,0
DA:964,0
DA:969,0
DA:973,0
DA:974,0
DA:976,0
DA:977,0
DA:978,0
DA:979,0
DA:980,0
DA:982,0
DA:983,0
DA:998,0
DA:999,0
DA:1000,0
DA:1004,0
DA:1008,0
DA:1009,0
DA:1013,0
DA:1017,0
DA:1018,0
DA:1031,0
DA:1032,0
DA:1049,0
DA:1060,0
DA:1061,0
DA:1075,0
DA:1076,0
DA:1108,0
DA:1149,0
DA:1160,0
DA:1161,0
DA:1193,0
DA:1194,0
DA:1235,0
DA:1236,0
DA:1247,0
DA:1248,0
DA:1294,0
DA:1297,0
DA:1360,0
DA:1363,0
DA:1382,0
DA:1383,0
DA:1384,0
DA:1385,0
DA:1403,0
DA:1434,0
DA:1436,0
DA:1472,0
DA:1519,0
DA:1578,0
DA:1609,0
DA:1714,0
DA:1717,0
DA:1742,0
DA:1744,0
DA:1768,0
DA:1795,0
DA:1873,0
DA:1876,0
DA:1901,0
DA:1930,0
DA:1944,0
DA:1947,0
DA:2002,0
DA:2015,0
DA:2027,0
DA:2041,0
DA:2044,0
DA:2131,0
DA:2136,0
DA:2170,0
DA:2180,0
DA:2193,0
DA:2238,0
DA:2248,0
DA:2287,1
DA:2288,0
DA:2289,0
DA:2303,1
LF:425
LH:8
BRDA:179,0,0,0
BRDA:179,0,1,0
BRDA:181,1,0,0
BRDA:181,1,1,0
BRDA:183,2,0,0
BRDA:183,2,1,0
BRDA:189,3,0,0
BRDA:189,3,1,0
BRDA:190,4,0,0
BRDA:190,4,1,0
BRDA:191,5,0,0
BRDA:191,5,1,0
BRDA:192,6,0,0
BRDA:192,6,1,0
BRDA:225,7,0,0
BRDA:225,7,1,0
BRDA:228,8,0,0
BRDA:228,8,1,0
BRDA:259,9,0,0
BRDA:259,9,1,0
BRDA:264,10,0,0
BRDA:264,10,1,0
BRDA:276,11,0,0
BRDA:276,11,1,0
BRDA:283,12,0,0
BRDA:283,12,1,0
BRDA:283,13,0,0
BRDA:283,13,1,0
BRDA:337,14,0,0
BRDA:337,14,1,0
BRDA:342,15,0,0
BRDA:342,15,1,0
BRDA:347,16,0,0
BRDA:347,16,1,0
BRDA:351,17,0,0
BRDA:351,17,1,0
BRDA:355,18,0,0
BRDA:355,18,1,0
BRDA:359,19,0,0
BRDA:359,19,1,0
BRDA:363,20,0,0
BRDA:363,20,1,0
BRDA:368,21,0,0
BRDA:368,21,1,0
BRDA:372,22,0,0
BRDA:372,22,1,0
BRDA:373,23,0,0
BRDA:373,23,1,0
BRDA:377,24,0,0
BRDA:377,24,1,0
BRDA:381,25,0,0
BRDA:381,25,1,0
BRDA:382,26,0,0
BRDA:382,26,1,0
BRDA:387,27,0,0
BRDA:387,27,1,0
BRDA:387,27,2,0
BRDA:387,27,3,0
BRDA:387,27,4,0
BRDA:387,27,5,0
BRDA:387,27,6,0
BRDA:387,27,7,0
BRDA:387,27,8,0
BRDA:387,27,9,0
BRDA:398,28,0,0
BRDA:398,28,1,0
BRDA:404,29,0,0
BRDA:404,29,1,0
BRDA:413,30,0,0
BRDA:413,30,1,0
BRDA:422,31,0,0
BRDA:422,31,1,0
BRDA:456,32,0,0
BRDA:456,32,1,0
BRDA:458,33,0,0
BRDA:458,33,1,0
BRDA:473,34,0,0
BRDA:473,34,1,0
BRDA:473,35,0,0
BRDA:473,35,1,0
BRDA:495,36,0,0
BRDA:495,36,1,0
BRDA:520,37,0,0
BRDA:520,37,1,0
BRDA:528,38,0,0
BRDA:528,38,1,0
BRDA:558,39,0,0
BRDA:558,39,1,0
BRDA:563,40,0,0
BRDA:563,40,1,0
BRDA:568,41,0,0
BRDA:568,41,1,0
BRDA:572,42,0,0
BRDA:572,42,1,0
BRDA:576,43,0,0
BRDA:576,43,1,0
BRDA:580,44,0,0
BRDA:580,44,1,0
BRDA:584,45,0,0
BRDA:584,45,1,0
BRDA:589,46,0,0
BRDA:589,46,1,0
BRDA:589,46,2,0
BRDA:589,46,3,0
BRDA:589,46,4,0
BRDA:589,46,5,0
BRDA:589,46,6,0
BRDA:597,47,0,0
BRDA:597,47,1,0
BRDA:606,48,0,0
BRDA:606,48,1,0
BRDA:621,49,0,0
BRDA:621,49,1,0
BRDA:640,50,0,0
BRDA:640,50,1,0
BRDA:650,51,0,0
BRDA:650,51,1,0
BRDA:674,52,0,0
BRDA:674,52,1,0
BRDA:684,53,0,0
BRDA:684,53,1,0
BRDA:705,54,0,0
BRDA:705,54,1,0
BRDA:755,55,0,0
BRDA:755,55,1,0
BRDA:756,56,0,0
BRDA:756,56,1,0
BRDA:758,57,0,0
BRDA:758,57,1,0
BRDA:758,58,0,0
BRDA:758,58,1,0
BRDA:767,59,0,0
BRDA:767,59,1,0
BRDA:767,60,0,0
BRDA:767,60,1,0
BRDA:792,61,0,0
BRDA:792,61,1,0
BRDA:792,62,0,0
BRDA:792,62,1,0
BRDA:859,63,0,0
BRDA:859,63,1,0
BRDA:859,64,0,0
BRDA:859,64,1,0
BRDA:899,65,0,0
BRDA:899,65,1,0
BRDA:918,66,0,0
BRDA:918,66,1,0
BRDA:929,67,0,0
BRDA:929,67,1,0
BRDA:938,68,0,0
BRDA:938,68,1,0
BRDA:946,69,0,0
BRDA:946,69,1,0
BRDA:964,70,0,0
BRDA:964,70,1,0
BRDA:965,71,0,0
BRDA:965,71,1,0
BRDA:965,71,2,0
BRDA:988,72,0,0
BRDA:988,72,1,0
BRDA:999,73,0,0
BRDA:999,73,1,0
BRDA:1008,74,0,0
BRDA:1008,74,1,0
BRDA:1017,75,0,0
BRDA:1017,75,1,0
BRDA:1075,76,0,0
BRDA:1075,76,1,0
BRDA:1160,77,0,0
BRDA:1160,77,1,0
BRDA:1247,78,0,0
BRDA:1247,78,1,0
BRDA:1255,79,0,0
BRDA:1255,79,1,0
BRDA:1255,80,0,0
BRDA:1255,80,1,0
BRDA:1261,81,0,0
BRDA:1261,81,1,0
BRDA:1269,82,0,0
BRDA:1269,82,1,0
BRDA:1344,83,0,0
BRDA:1344,83,1,0
BRDA:1344,84,0,0
BRDA:1344,84,1,0
BRDA:1349,85,0,0
BRDA:1349,85,1,0
BRDA:1351,86,0,0
BRDA:1351,86,1,0
BRDA:1390,87,0,0
BRDA:1390,87,1,0
BRDA:1392,88,0,0
BRDA:1392,88,1,0
BRDA:1411,89,0,0
BRDA:1411,89,1,0
BRDA:1415,90,0,0
BRDA:1415,90,1,0
BRDA:1419,91,0,0
BRDA:1419,91,1,0
BRDA:1439,92,0,0
BRDA:1439,92,1,0
BRDA:1450,93,0,0
BRDA:1450,93,1,0
BRDA:1503,94,0,0
BRDA:1503,94,1,0
BRDA:1540,95,0,0
BRDA:1540,95,1,0
BRDA:1562,96,0,0
BRDA:1562,96,1,0
BRDA:1598,97,0,0
BRDA:1598,97,1,0
BRDA:1725,98,0,0
BRDA:1725,98,1,0
BRDA:1747,99,0,0
BRDA:1747,99,1,0
BRDA:1763,100,0,0
BRDA:1763,100,1,0
BRDA:1771,101,0,0
BRDA:1771,101,1,0
BRDA:1782,102,0,0
BRDA:1782,102,1,0
BRDA:1808,103,0,0
BRDA:1808,103,1,0
BRDA:1881,104,0,0
BRDA:1881,104,1,0
BRDA:1888,105,0,0
BRDA:1888,105,1,0
BRDA:1905,106,0,0
BRDA:1905,106,1,0
BRDA:1948,107,0,0
BRDA:1948,107,1,0
BRDA:1956,108,0,0
BRDA:1956,108,1,0
BRDA:1969,109,0,0
BRDA:1969,109,1,0
BRDA:2010,110,0,0
BRDA:2010,110,1,0
BRDA:2045,111,0,0
BRDA:2045,111,1,0
BRDA:2052,112,0,0
BRDA:2052,112,1,0
BRDA:2064,113,0,0
BRDA:2064,113,1,0
BRDA:2142,114,0,0
BRDA:2142,114,1,0
BRDA:2161,115,0,0
BRDA:2161,115,1,0
BRDA:2164,116,0,0
BRDA:2164,116,1,0
BRDA:2188,117,0,0
BRDA:2188,117,1,0
BRF:250
BRH:0
end_of_record
TN:
SF:src/views/faq/index.tsx
FN:178,FAQScreen
FN:180,(anonymous_1)
FN:185,(anonymous_2)
FN:189,(anonymous_3)
FN:195,(anonymous_4)
FN:202,(anonymous_5)
FN:208,(anonymous_6)
FN:221,(anonymous_7)
FN:223,(anonymous_8)
FNF:9
FNH:0
FNDA:0,FAQScreen
FNDA:0,(anonymous_1)
FNDA:0,(anonymous_2)
FNDA:0,(anonymous_3)
FNDA:0,(anonymous_4)
FNDA:0,(anonymous_5)
FNDA:0,(anonymous_6)
FNDA:0,(anonymous_7)
FNDA:0,(anonymous_8)
DA:9,0
DA:92,0
DA:179,0
DA:180,0
DA:182,0
DA:183,0
DA:185,0
DA:186,0
DA:189,0
DA:191,0
DA:192,0
DA:193,0
DA:195,0
DA:197,0
DA:199,0
DA:203,0
DA:208,0
DA:221,0
DA:222,0
DA:223,0
DA:227,0
LF:21
LH:0
BRDA:186,0,0,0
BRDA:186,0,1,0
BRDA:191,1,0,0
BRDA:191,1,1,0
BRF:4
BRH:0
end_of_record
TN:
SF:src/views/profile/index.tsx
FN:68,ProfileScreen
FN:71,(anonymous_1)
FN:72,(anonymous_2)
FN:73,(anonymous_3)
FN:105,(anonymous_4)
FN:106,(anonymous_5)
FN:133,(anonymous_6)
FN:153,(anonymous_7)
FN:154,(anonymous_8)
FN:165,(anonymous_9)
FN:173,(anonymous_10)
FN:215,(anonymous_11)
FN:225,(anonymous_12)
FN:238,(anonymous_13)
FN:245,(anonymous_14)
FN:255,(anonymous_15)
FN:263,(anonymous_16)
FN:292,(anonymous_17)
FN:298,(anonymous_18)
FN:306,(anonymous_19)
FN:307,(anonymous_20)
FN:319,(anonymous_21)
FN:325,(anonymous_22)
FN:334,(anonymous_23)
FN:361,(anonymous_24)
FN:364,(anonymous_25)
FN:375,(anonymous_26)
FN:389,(anonymous_27)
FN:402,(anonymous_28)
FN:405,(anonymous_29)
FN:431,(anonymous_30)
FN:504,(anonymous_31)
FN:511,(anonymous_32)
FN:520,(anonymous_33)
FN:531,(anonymous_34)
FN:545,(anonymous_35)
FN:555,(anonymous_36)
FN:572,(anonymous_37)
FN:579,(anonymous_38)
FN:586,(anonymous_39)
FN:647,(anonymous_40)
FN:677,(anonymous_41)
FN:679,(anonymous_42)
FN:691,(anonymous_43)
FNF:44
FNH:0
FNDA:0,ProfileScreen
FNDA:0,(anonymous_1)
FNDA:0,(anonymous_2)
FNDA:0,(anonymous_3)
FNDA:0,(anonymous_4)
FNDA:0,(anonymous_5)
FNDA:0,(anonymous_6)
FNDA:0,(anonymous_7)
FNDA:0,(anonymous_8)
FNDA:0,(anonymous_9)
FNDA:0,(anonymous_10)
FNDA:0,(anonymous_11)
FNDA:0,(anonymous_12)
FNDA:0,(anonymous_13)
FNDA:0,(anonymous_14)
FNDA:0,(anonymous_15)
FNDA:0,(anonymous_16)
FNDA:0,(anonymous_17)
FNDA:0,(anonymous_18)
FNDA:0,(anonymous_19)
FNDA:0,(anonymous_20)
FNDA:0,(anonymous_21)
FNDA:0,(anonymous_22)
FNDA:0,(anonymous_23)
FNDA:0,(anonymous_24)
FNDA:0,(anonymous_25)
FNDA:0,(anonymous_26)
FNDA:0,(anonymous_27)
FNDA:0,(anonymous_28)
FNDA:0,(anonymous_29)
FNDA:0,(anonymous_30)
FNDA:0,(anonymous_31)
FNDA:0,(anonymous_32)
FNDA:0,(anonymous_33)
FNDA:0,(anonymous_34)
FNDA:0,(anonymous_35)
FNDA:0,(anonymous_36)
FNDA:0,(anonymous_37)
FNDA:0,(anonymous_38)
FNDA:0,(anonymous_39)
FNDA:0,(anonymous_40)
FNDA:0,(anonymous_41)
FNDA:0,(anonymous_42)
FNDA:0,(anonymous_43)
DA:67,0
DA:69,0
DA:70,0
DA:71,0
DA:72,0
DA:73,0
DA:75,0
DA:77,0
DA:78,0
DA:79,0
DA:81,0
DA:82,0
DA:83,0
DA:84,0
DA:87,0
DA:89,0
DA:90,0
DA:91,0
DA:92,0
DA:93,0
DA:94,0
DA:95,0
DA:96,0
DA:97,0
DA:99,0
DA:103,0
DA:105,0
DA:106,0
DA:107,0
DA:108,0
DA:109,0
DA:111,0
DA:112,0
DA:113,0
DA:114,0
DA:116,0
DA:117,0
DA:119,0
DA:120,0
DA:122,0
DA:123,0
DA:126,0
DA:129,0
DA:130,0
DA:133,0
DA:134,0
DA:153,0
DA:154,0
DA:155,0
DA:158,0
DA:159,0
DA:160,0
DA:162,0
DA:165,0
DA:166,0
DA:167,0
DA:168,0
DA:169,0
DA:170,0
DA:173,0
DA:174,0
DA:175,0
DA:176,0
DA:178,0
DA:182,0
DA:183,0
DA:203,0
DA:205,0
DA:211,0
DA:215,0
DA:216,0
DA:217,0
DA:218,0
DA:219,0
DA:220,0
DA:221,0
DA:222,0
DA:225,0
DA:226,0
DA:228,0
DA:230,0
DA:232,0
DA:234,0
DA:238,0
DA:239,0
DA:244,0
DA:245,0
DA:246,0
DA:247,0
DA:249,0
DA:255,0
DA:256,0
DA:257,0
DA:258,0
DA:260,0
DA:263,0
DA:264,0
DA:265,0
DA:266,0
DA:267,0
DA:280,0
DA:287,0
DA:288,0
DA:292,0
DA:293,0
DA:294,0
DA:295,0
DA:297,0
DA:298,0
DA:299,0
DA:300,0
DA:302,0
DA:303,0
DA:306,0
DA:307,0
DA:319,0
DA:320,0
DA:321,0
DA:325,0
DA:329,0
DA:330,0
DA:334,0
DA:339,0
DA:340,0
DA:354,0
DA:361,0
DA:362,0
DA:365,0
DA:375,0
DA:376,0
DA:390,0
DA:391,0
DA:392,0
DA:394,0
DA:402,0
DA:403,0
DA:406,0
DA:417,0
DA:431,0
DA:505,0
DA:506,0
DA:507,0
DA:511,0
DA:521,0
DA:532,0
DA:533,0
DA:534,0
DA:545,0
DA:556,0
DA:561,0
DA:562,0
DA:572,0
DA:579,0
DA:586,0
DA:647,0
DA:677,0
DA:678,0
DA:679,0
DA:692,0
DA:697,0
LF:160
LH:0
BRDA:107,0,0,0
BRDA:107,0,1,0
BRDA:108,1,0,0
BRDA:108,1,1,0
BRDA:108,2,0,0
BRDA:108,2,1,0
BRDA:113,3,0,0
BRDA:113,3,1,0
BRDA:113,4,0,0
BRDA:113,4,1,0
BRDA:116,5,0,0
BRDA:116,5,1,0
BRDA:116,6,0,0
BRDA:116,6,1,0
BRDA:119,7,0,0
BRDA:119,7,1,0
BRDA:119,8,0,0
BRDA:119,8,1,0
BRDA:137,9,0,0
BRDA:137,9,1,0
BRDA:137,10,0,0
BRDA:137,10,1,0
BRDA:141,11,0,0
BRDA:141,11,1,0
BRDA:141,12,0,0
BRDA:141,12,1,0
BRDA:187,13,0,0
BRDA:187,13,1,0
BRDA:187,14,0,0
BRDA:187,14,1,0
BRDA:191,15,0,0
BRDA:191,15,1,0
BRDA:191,16,0,0
BRDA:191,16,1,0
BRDA:226,17,0,0
BRDA:226,17,1,0
BRDA:226,17,2,0
BRDA:226,17,3,0
BRDA:244,18,0,0
BRDA:244,18,1,0
BRDA:246,19,0,0
BRDA:246,19,1,0
BRDA:246,20,0,0
BRDA:246,20,1,0
BRDA:267,21,0,0
BRDA:267,21,1,0
BRDA:268,22,0,0
BRDA:268,22,1,0
BRDA:268,22,2,0
BRDA:268,22,3,0
BRDA:312,23,0,0
BRDA:312,23,1,0
BRDA:320,24,0,0
BRDA:320,24,1,0
BRDA:329,25,0,0
BRDA:329,25,1,0
BRDA:339,26,0,0
BRDA:339,26,1,0
BRDA:390,27,0,0
BRDA:390,27,1,0
BRDA:390,28,0,0
BRDA:390,28,1,0
BRDA:408,29,0,0
BRDA:408,29,1,0
BRDA:466,30,0,0
BRDA:466,30,1,0
BRDA:466,31,0,0
BRDA:466,31,1,0
BRDA:538,32,0,0
BRDA:538,32,1,0
BRDA:557,33,0,0
BRDA:557,33,1,0
BRDA:566,34,0,0
BRDA:566,34,1,0
BRDA:585,35,0,0
BRDA:585,35,1,0
BRF:76
BRH:0
end_of_record
TN:
SF:src/views/profile/auth/index.tsx
FN:73,Auth
FN:78,(anonymous_1)
FN:85,(anonymous_2)
FN:89,(anonymous_3)
FN:105,(anonymous_4)
FN:242,(anonymous_5)
FN:253,(anonymous_6)
FN:267,(anonymous_7)
FN:282,(anonymous_8)
FN:291,(anonymous_9)
FN:299,(anonymous_10)
FN:301,(anonymous_11)
FN:316,(anonymous_12)
FN:321,(anonymous_13)
FN:344,(anonymous_14)
FN:354,(anonymous_15)
FN:370,(anonymous_16)
FN:387,(anonymous_17)
FNF:18
FNH:0
FNDA:0,Auth
FNDA:0,(anonymous_1)
FNDA:0,(anonymous_2)
FNDA:0,(anonymous_3)
FNDA:0,(anonymous_4)
FNDA:0,(anonymous_5)
FNDA:0,(anonymous_6)
FNDA:0,(anonymous_7)
FNDA:0,(anonymous_8)
FNDA:0,(anonymous_9)
FNDA:0,(anonymous_10)
FNDA:0,(anonymous_11)
FNDA:0,(anonymous_12)
FNDA:0,(anonymous_13)
FNDA:0,(anonymous_14)
FNDA:0,(anonymous_15)
FNDA:0,(anonymous_16)
FNDA:0,(anonymous_17)
DA:65,0
DA:72,0
DA:74,0
DA:76,0
DA:77,0
DA:78,0
DA:79,0
DA:80,0
DA:81,0
DA:82,0
DA:83,0
DA:85,0
DA:86,0
DA:89,0
DA:96,0
DA:105,0
DA:106,0
DA:107,0
DA:108,0
DA:109,0
DA:111,0
DA:113,0
DA:115,0
DA:116,0
DA:122,0
DA:123,0
DA:127,0
DA:128,0
DA:130,0
DA:138,0
DA:139,0
DA:142,0
DA:143,0
DA:144,0
DA:145,0
DA:146,0
DA:148,0
DA:149,0
DA:151,0
DA:152,0
DA:153,0
DA:157,0
DA:158,0
DA:160,0
DA:162,0
DA:166,0
DA:174,0
DA:180,0
DA:182,0
DA:190,0
DA:191,0
DA:193,0
DA:194,0
DA:195,0
DA:196,0
DA:200,0
DA:205,0
DA:214,0
DA:215,0
DA:218,0
DA:220,0
DA:230,0
DA:238,0
DA:242,0
DA:244,0
DA:245,0
DA:246,0
DA:247,0
DA:253,0
DA:260,0
DA:261,0
DA:267,0
DA:275,0
DA:282,0
DA:291,0
DA:299,0
DA:300,0
DA:301,0
DA:302,0
DA:305,0
DA:309,0
DA:317,0
DA:322,0
DA:344,0
DA:354,0
DA:370,0
DA:387,0
DA:388,0
DA:395,0
LF:89
LH:0
BRDA:130,0,0,0
BRDA:130,0,1,0
BRDA:143,1,0,0
BRDA:143,1,1,0
BRDA:145,2,0,0
BRDA:145,2,1,0
BRDA:148,3,0,0
BRDA:148,3,1,0
BRDA:153,4,0,0
BRDA:153,4,1,0
BRDA:157,5,0,0
BRDA:157,5,1,0
BRDA:174,6,0,0
BRDA:174,6,1,0
BRDA:182,7,0,0
BRDA:182,7,1,0
BRDA:202,8,0,0
BRDA:202,8,1,0
BRDA:230,9,0,0
BRDA:230,9,1,0
BRDA:246,10,0,0
BRDA:246,10,1,0
BRDA:260,11,0,0
BRDA:260,11,1,0
BRDA:300,12,0,0
BRDA:300,12,1,0
BRF:26
BRH:0
end_of_record
TN:
SF:src/views/splashScreen/LogoWhiteSvg.tsx
FN:4,LogoWhiteSvg
FNF:1
FNH:0
FNDA:0,LogoWhiteSvg
DA:5,0
LF:1
LH:0
BRF:0
BRH:0
end_of_record
TN:
SF:src/views/splashScreen/index.tsx
FN:7,SplashScreen
FNF:1
FNH:0
FNDA:0,SplashScreen
DA:8,0
LF:1
LH:0
BRF:0
BRH:0
end_of_record
TN:
SF:src/views/stories/Carousel.tsx
FN:27,Carousel
FN:35,(anonymous_1)
FN:39,(anonymous_2)
FN:55,(anonymous_3)
FN:58,(anonymous_4)
FN:65,(anonymous_5)
FN:70,(anonymous_6)
FN:81,(anonymous_7)
FN:89,(anonymous_8)
FN:143,(anonymous_9)
FN:248,(anonymous_10)
FN:293,(anonymous_11)
FN:307,(anonymous_12)
FN:375,(anonymous_13)
FNF:14
FNH:0
FNDA:0,Carousel
FNDA:0,(anonymous_1)
FNDA:0,(anonymous_2)
FNDA:0,(anonymous_3)
FNDA:0,(anonymous_4)
FNDA:0,(anonymous_5)
FNDA:0,(anonymous_6)
FNDA:0,(anonymous_7)
FNDA:0,(anonymous_8)
FNDA:0,(anonymous_9)
FNDA:0,(anonymous_10)
FNDA:0,(anonymous_11)
FNDA:0,(anonymous_12)
FNDA:0,(anonymous_13)
DA:31,0
DA:32,0
DA:34,0
DA:35,0
DA:38,0
DA:39,0
DA:42,0
DA:46,0
DA:47,0
DA:48,0
DA:52,0
DA:53,0
DA:55,0
DA:56,0
DA:58,0
DA:59,0
DA:60,0
DA:62,0
DA:66,0
DA:67,0
DA:68,0
DA:69,0
DA:70,0
DA:73,0
DA:81,0
DA:82,0
DA:83,0
DA:84,0
DA:85,0
DA:89,0
DA:90,0
DA:91,0
DA:92,0
DA:93,0
DA:97,0
DA:98,0
DA:122,0
DA:123,0
DA:143,0
DA:180,0
DA:249,0
DA:250,0
DA:251,0
DA:252,0
DA:253,0
DA:254,0
DA:255,0
DA:258,0
DA:260,0
DA:294,0
DA:308,0
DA:375,0
DA:376,0
DA:383,0
LF:54
LH:0
BRDA:56,0,0,0
BRDA:56,0,1,0
BRDA:59,1,0,0
BRDA:59,1,1,0
BRDA:59,2,0,0
BRDA:59,2,1,0
BRDA:62,3,0,0
BRDA:62,3,1,0
BRDA:68,4,0,0
BRDA:68,4,1,0
BRDA:82,5,0,0
BRDA:82,5,1,0
BRDA:82,6,0,0
BRDA:82,6,1,0
BRDA:84,7,0,0
BRDA:84,7,1,0
BRDA:90,8,0,0
BRDA:90,8,1,0
BRDA:90,9,0,0
BRDA:90,9,1,0
BRDA:92,10,0,0
BRDA:92,10,1,0
BRDA:97,11,0,0
BRDA:97,11,1,0
BRDA:122,12,0,0
BRDA:122,12,1,0
BRDA:122,13,0,0
BRDA:122,13,1,0
BRDA:194,14,0,0
BRDA:194,14,1,0
BRDA:223,15,0,0
BRDA:223,15,1,0
BRDA:223,15,2,0
BRDA:249,16,0,0
BRDA:249,16,1,0
BRDA:255,17,0,0
BRDA:255,17,1,0
BRDA:285,18,0,0
BRDA:285,18,1,0
BRDA:314,19,0,0
BRDA:314,19,1,0
BRDA:346,20,0,0
BRDA:346,20,1,0
BRF:43
BRH:0
end_of_record
TN:
SF:src/views/stories/CarouselSlide.tsx
FN:9,CarouselSlide
FN:64,(anonymous_1)
FN:65,(anonymous_2)
FNF:3
FNH:0
FNDA:0,CarouselSlide
FNDA:0,(anonymous_1)
FNDA:0,(anonymous_2)
DA:14,0
DA:15,0
DA:17,0
DA:64,0
DA:65,0
LF:5
LH:0
BRDA:27,0,0,0
BRDA:27,0,1,0
BRDA:45,1,0,0
BRDA:45,1,1,0
BRF:4
BRH:0
end_of_record
TN:
SF:src/views/stories/Container.tsx
FN:36,Container
FN:54,(anonymous_1)
FN:76,(anonymous_2)
FN:111,(anonymous_3)
FN:210,(anonymous_4)
FN:219,(anonymous_5)
FN:229,(anonymous_6)
FN:234,(anonymous_7)
FN:247,(anonymous_8)
FN:283,(anonymous_9)
FN:292,(anonymous_10)
FN:300,(anonymous_11)
FN:305,(anonymous_12)
FN:318,(anonymous_13)
FN:361,(anonymous_14)
FN:367,(anonymous_15)
FN:373,(anonymous_16)
FN:397,(anonymous_17)
FNF:18
FNH:0
FNDA:0,Container
FNDA:0,(anonymous_1)
FNDA:0,(anonymous_2)
FNDA:0,(anonymous_3)
FNDA:0,(anonymous_4)
FNDA:0,(anonymous_5)
FNDA:0,(anonymous_6)
FNDA:0,(anonymous_7)
FNDA:0,(anonymous_8)
FNDA:0,(anonymous_9)
FNDA:0,(anonymous_10)
FNDA:0,(anonymous_11)
FNDA:0,(anonymous_12)
FNDA:0,(anonymous_13)
FNDA:0,(anonymous_14)
FNDA:0,(anonymous_15)
FNDA:0,(anonymous_16)
FNDA:0,(anonymous_17)
DA:47,0
DA:48,0
DA:49,0
DA:50,0
DA:51,0
DA:53,0
DA:54,0
DA:57,0
DA:59,0
DA:74,0
DA:76,0
DA:77,0
DA:85,0
DA:112,0
DA:211,0
DA:220,0
DA:230,0
DA:235,0
DA:248,0
DA:284,0
DA:293,0
DA:301,0
DA:306,0
DA:319,0
DA:362,0
DA:368,0
DA:369,0
DA:374,0
DA:397,0
DA:428,0
LF:30
LH:0
BRDA:87,0,0,0
BRDA:87,0,1,0
BRDA:117,1,0,0
BRDA:117,1,1,0
BRDA:162,2,0,0
BRDA:162,2,1,0
BRDA:166,3,0,0
BRDA:166,3,1,0
BRDA:176,4,0,0
BRDA:176,4,1,0
BRDA:189,5,0,0
BRDA:189,5,1,0
BRDA:199,6,0,0
BRDA:199,6,1,0
BRDA:341,7,0,0
BRDA:341,7,1,0
BRDA:350,8,0,0
BRDA:350,8,1,0
BRDA:407,9,0,0
BRDA:407,9,1,0
BRF:20
BRH:0
end_of_record
TN:
SF:src/views/stories/NewStory.tsx
FN:32,NewStoryScreen
FN:48,(anonymous_1)
FN:51,(anonymous_2)
FN:54,(anonymous_3)
FN:58,(anonymous_4)
FN:78,(anonymous_5)
FN:83,(anonymous_6)
FN:97,(anonymous_7)
FN:99,(anonymous_8)
FN:107,(anonymous_9)
FN:149,(anonymous_10)
FN:177,(anonymous_11)
FN:182,(anonymous_12)
FN:215,(anonymous_13)
FN:238,(anonymous_14)
FN:245,(anonymous_15)
FN:267,(anonymous_16)
FN:277,(anonymous_17)
FN:278,(anonymous_18)
FN:282,(anonymous_19)
FN:291,(anonymous_20)
FN:293,(anonymous_21)
FNF:22
FNH:0
FNDA:0,NewStoryScreen
FNDA:0,(anonymous_1)
FNDA:0,(anonymous_2)
FNDA:0,(anonymous_3)
FNDA:0,(anonymous_4)
FNDA:0,(anonymous_5)
FNDA:0,(anonymous_6)
FNDA:0,(anonymous_7)
FNDA:0,(anonymous_8)
FNDA:0,(anonymous_9)
FNDA:0,(anonymous_10)
FNDA:0,(anonymous_11)
FNDA:0,(anonymous_12)
FNDA:0,(anonymous_13)
FNDA:0,(anonymous_14)
FNDA:0,(anonymous_15)
FNDA:0,(anonymous_16)
FNDA:0,(anonymous_17)
FNDA:0,(anonymous_18)
FNDA:0,(anonymous_19)
FNDA:0,(anonymous_20)
FNDA:0,(anonymous_21)
DA:33,0
DA:35,0
DA:36,0
DA:37,0
DA:38,0
DA:39,0
DA:41,0
DA:42,0
DA:45,0
DA:46,0
DA:47,0
DA:48,0
DA:50,0
DA:51,0
DA:54,0
DA:55,0
DA:56,0
DA:59,0
DA:77,0
DA:79,0
DA:83,0
DA:84,0
DA:85,0
DA:97,0
DA:98,0
DA:99,0
DA:100,0
DA:103,0
DA:107,0
DA:108,0
DA:109,0
DA:111,0
DA:112,0
DA:113,0
DA:115,0
DA:121,0
DA:122,0
DA:128,0
DA:130,0
DA:138,0
DA:145,0
DA:149,0
DA:150,0
DA:152,0
DA:153,0
DA:154,0
DA:157,0
DA:164,0
DA:165,0
DA:169,0
DA:170,0
DA:173,0
DA:174,0
DA:182,0
DA:183,0
DA:216,0
DA:217,0
DA:226,0
DA:238,0
DA:245,0
DA:267,0
DA:277,0
DA:278,0
DA:282,0
DA:291,0
DA:292,0
DA:293,0
DA:309,0
LF:68
LH:0
BRDA:55,0,0,0
BRDA:55,0,1,0
BRDA:84,1,0,0
BRDA:84,1,1,0
BRDA:98,2,0,0
BRDA:98,2,1,0
BRDA:111,3,0,0
BRDA:111,3,1,0
BRDA:111,4,0,0
BRDA:111,4,1,0
BRDA:112,5,0,0
BRDA:112,5,1,0
BRDA:117,6,0,0
BRDA:117,6,1,0
BRDA:152,7,0,0
BRDA:152,7,1,0
BRDA:164,8,0,0
BRDA:164,8,1,0
BRDA:169,9,0,0
BRDA:169,9,1,0
BRDA:169,10,0,0
BRDA:169,10,1,0
BRDA:173,11,0,0
BRDA:173,11,1,0
BRDA:173,12,0,0
BRDA:173,12,1,0
BRDA:228,13,0,0
BRDA:228,13,1,0
BRDA:250,14,0,0
BRDA:250,14,1,0
BRF:30
BRH:0
end_of_record
TN:
SF:src/views/stories/StoriesCarousel.tsx
FN:17,StoriesCarouselScreen
FN:19,(anonymous_1)
FN:25,(anonymous_2)
FN:28,(anonymous_3)
FN:37,(anonymous_4)
FN:58,(anonymous_5)
FN:79,(anonymous_6)
FN:83,(anonymous_7)
FN:92,(anonymous_8)
FN:93,(anonymous_9)
FN:96,(anonymous_10)
FN:116,(anonymous_11)
FNF:12
FNH:0
FNDA:0,StoriesCarouselScreen
FNDA:0,(anonymous_1)
FNDA:0,(anonymous_2)
FNDA:0,(anonymous_3)
FNDA:0,(anonymous_4)
FNDA:0,(anonymous_5)
FNDA:0,(anonymous_6)
FNDA:0,(anonymous_7)
FNDA:0,(anonymous_8)
FNDA:0,(anonymous_9)
FNDA:0,(anonymous_10)
FNDA:0,(anonymous_11)
DA:18,0
DA:19,0
DA:22,0
DA:23,0
DA:25,0
DA:26,0
DA:28,0
DA:33,0
DA:35,0
DA:37,0
DA:38,0
DA:39,0
DA:40,0
DA:42,0
DA:47,0
DA:49,0
DA:50,0
DA:58,0
DA:59,0
DA:60,0
DA:61,0
DA:62,0
DA:63,0
DA:64,0
DA:67,0
DA:72,0
DA:79,0
DA:84,0
DA:93,0
DA:94,0
DA:96,0
DA:97,0
DA:116,0
DA:117,0
LF:34
LH:0
BRDA:49,0,0,0
BRDA:49,0,1,0
BRDA:49,1,0,0
BRDA:49,1,1,0
BRDA:59,2,0,0
BRDA:59,2,1,0
BRDA:59,3,0,0
BRDA:59,3,1,0
BRDA:62,4,0,0
BRDA:62,4,1,0
BRDA:62,5,0,0
BRDA:62,5,1,0
BRF:12
BRH:0
end_of_record
TN:
SF:src/views/stories/index.tsx
FN:20,StoriesScreen
FN:28,(anonymous_1)
FN:31,(anonymous_2)
FN:66,(anonymous_3)
FN:110,(anonymous_4)
FN:113,(anonymous_5)
FN:169,(anonymous_6)
FN:171,(anonymous_7)
FNF:8
FNH:0
FNDA:0,StoriesScreen
FNDA:0,(anonymous_1)
FNDA:0,(anonymous_2)
FNDA:0,(anonymous_3)
FNDA:0,(anonymous_4)
FNDA:0,(anonymous_5)
FNDA:0,(anonymous_6)
FNDA:0,(anonymous_7)
DA:21,0
DA:22,0
DA:24,0
DA:26,0
DA:28,0
DA:29,0
DA:31,0
DA:32,0
DA:33,0
DA:36,0
DA:39,0
DA:40,0
DA:48,0
DA:66,0
DA:110,0
DA:114,0
DA:115,0
DA:117,0
DA:140,0
DA:169,0
DA:170,0
DA:171,0
LF:22
LH:0
BRDA:39,0,0,0
BRDA:39,0,1,0
BRDA:48,1,0,0
BRDA:48,1,1,0
BRDA:48,2,0,0
BRDA:48,2,1,0
BRDA:114,3,0,0
BRDA:114,3,1,0
BRDA:123,4,0,0
BRDA:123,4,1,0
BRF:10
BRH:0
end_of_record
TN:
SF:src/views/welcome/index.tsx
FN:15,Welcome
FN:77,(anonymous_1)
FN:99,(anonymous_2)
FN:111,(anonymous_3)
FNF:4
FNH:0
FNDA:0,Welcome
FNDA:0,(anonymous_1)
FNDA:0,(anonymous_2)
FNDA:0,(anonymous_3)
DA:16,0
DA:17,0
DA:18,0
DA:19,0
DA:78,0
DA:79,0
DA:100,0
DA:101,0
DA:111,0
DA:112,0
LF:10
LH:0
BRF:0
BRH:0
end_of_record
